#
# There is insufficient memory for the Java Runtime Environment to continue.
# Native memory allocation (mmap) failed to map 46137344 bytes for Failed to commit area from 0x000000008dc00000 to 0x0000000090800000 of length 46137344.
# Possible reasons:
#   The system is out of physical RAM or swap space
#   The process is running with CompressedOops enabled, and the Java Heap may be blocking the growth of the native heap
# Possible solutions:
#   Reduce memory load on the system
#   Increase physical memory or swap space
#   Check if swap backing store is full
#   Decrease Java heap size (-Xmx/-Xms)
#   Decrease number of Java threads
#   Decrease Java thread stack sizes (-Xss)
#   Set larger code cache with -XX:ReservedCodeCacheSize=
#   JVM is running with Unscaled Compressed Oops mode in which the Java heap is
#     placed in the first 4GB address space. The Java Heap base address is the
#     maximum limit for the native heap growth. Please use -XX:HeapBaseMinAddress
#     to set the Java Heap base and to place the Java Heap above 4GB virtual address.
# This output file may be truncated or incomplete.
#
#  Out of Memory Error (./src/hotspot/os/windows/os_windows.cpp:3521), pid=12096, tid=14116
#
# JRE version: OpenJDK Runtime Environment (11.0.12+7) (build 11.0.12+7-b1504.28-7817840)
# Java VM: OpenJDK 64-Bit Server VM (11.0.12+7-b1504.28-7817840, mixed mode, tiered, compressed oops, g1 gc, windows-amd64)
# No core dump will be written. Minidumps are not enabled by default on client versions of Windows
#

---------------  S U M M A R Y ------------

Command Line: --add-opens=java.base/java.util=ALL-UNNAMED --add-opens=java.base/java.lang=ALL-UNNAMED --add-opens=java.base/java.lang.invoke=ALL-UNNAMED --add-opens=java.base/java.util=ALL-UNNAMED --add-opens=java.prefs/java.util.prefs=ALL-UNNAMED --add-opens=java.prefs/java.util.prefs=ALL-UNNAMED --add-opens=java.base/java.nio.charset=ALL-UNNAMED --add-opens=java.base/java.net=ALL-UNNAMED --add-opens=java.base/java.util.concurrent.atomic=ALL-UNNAMED -Xmx2048m -Dfile.encoding=UTF-8 -Duser.country=IN -Duser.language=en -Duser.variant org.gradle.launcher.daemon.bootstrap.GradleDaemon 7.3.3

Host: 11th Gen Intel(R) Core(TM) i5-1135G7 @ 2.40GHz, 8 cores, 7G,  Windows 10 , 64 bit Build 19041 (10.0.19041.1889)
Time: Wed Sep 14 12:07:51 2022 India Standard Time elapsed time: 2986.205225 seconds (0d 0h 49m 46s)

---------------  T H R E A D  ---------------

Current thread (0x000001e37c509800):  VMThread "VM Thread" [stack: 0x0000001007000000,0x0000001007100000] [id=14116]

Stack: [0x0000001007000000,0x0000001007100000]
[error occurred during error reporting (printing stack bounds), id 0xc0000005, EXCEPTION_ACCESS_VIOLATION (0xc0000005) at pc=0x000001e365b612e7]

Native frames: (J=compiled Java code, j=interpreted, Vv=VM code, C=native code)
V  [jvm.dll+0x5fbcea]
V  [jvm.dll+0x731905]
V  [jvm.dll+0x732f1d]
V  [jvm.dll+0x733535]
V  [jvm.dll+0x7334eb]
V  [jvm.dll+0x5fb080]
V  [jvm.dll+0x5fb818]
C  [ntdll.dll+0xa235f]
C  [ntdll.dll+0x514a4]
C  [ntdll.dll+0xa0e8e]
C  0x000001e365b612e7

VM_Operation (0x00000010105fd1b0): G1CollectForAllocation, mode: safepoint, requested by thread 0x000001e305ca0000


---------------  P R O C E S S  ---------------

Threads class SMR info:
_java_thread_list=0x000001e309b07680, length=146, elements={
0x000001e36204d000, 0x000001e37cd15800, 0x000001e37cd16000, 0x000001e37cd6c800,
0x000001e37cd6d800, 0x000001e37cd6f000, 0x000001e37cd73800, 0x000001e37cd77800,
0x000001e37cd84000, 0x000001e37cf09000, 0x000001e37f796800, 0x000001e30007e000,
0x000001e37fb08800, 0x000001e37ec0c800, 0x000001e37ec0a000, 0x000001e37ec0e000,
0x000001e37ec0b800, 0x000001e37ec08800, 0x000001e37ec0f000, 0x000001e37ec09000,
0x000001e300e14800, 0x000001e300e0f000, 0x000001e300e12000, 0x000001e300e10800,
0x000001e300e11000, 0x000001e300e15800, 0x000001e300e19800, 0x000001e300e1b000,
0x000001e37ef1e000, 0x000001e37ef20800, 0x000001e308ce8800, 0x000001e308ce0800,
0x000001e308ce1000, 0x000001e308ce2000, 0x000001e308cdf800, 0x000001e308ce3000,
0x000001e308cdd000, 0x000001e308ce3800, 0x000001e308cde000, 0x000001e308ce4800,
0x000001e308cdf000, 0x000001e308ce5800, 0x000001e308ce6000, 0x000001e308ce7000,
0x000001e308cea000, 0x000001e308ce8000, 0x000001e308ce9800, 0x000001e308ceb000,
0x000001e308cec000, 0x000001e37ef18000, 0x000001e37ef1a000, 0x000001e37ef14000,
0x000001e37ef19000, 0x000001e37ef15000, 0x000001e37ef17800, 0x000001e37ef15800,
0x000001e37ef1a800, 0x000001e37ef1b800, 0x000001e37ef16800, 0x000001e37ef1f800,
0x000001e37ef21000, 0x000001e37ef1d000, 0x000001e37ef1e800, 0x000001e37ef22000,
0x000001e37ef1c000, 0x000001e37ef23000, 0x000001e305253000, 0x000001e30524f000,
0x000001e305251000, 0x000001e305253800, 0x000001e30524e000, 0x000001e30524f800,
0x000001e305255800, 0x000001e305254800, 0x000001e305257000, 0x000001e305257800,
0x000001e305256000, 0x000001e30525c800, 0x000001e30525c000, 0x000001e305258800,
0x000001e305259800, 0x000001e30525a000, 0x000001e30525b000, 0x000001e300e0f800,
0x000001e300e13000, 0x000001e300e18000, 0x000001e300e13800, 0x000001e300e18800,
0x000001e300e1d800, 0x000001e37ec0b000, 0x000001e37ec0d000, 0x000001e300a3b800,
0x000001e300a3a000, 0x000001e300a39000, 0x000001e300a3b000, 0x000001e300a38800,
0x000001e300a3c800, 0x000001e300a41800, 0x000001e300a42000, 0x000001e300a3f000,
0x000001e300a43000, 0x000001e300a3f800, 0x000001e300a40800, 0x000001e300a3d000,
0x000001e300a44000, 0x000001e300a3e000, 0x000001e300a44800, 0x000001e300a45800,
0x000001e300a47000, 0x000001e300a46000, 0x000001e304667000, 0x000001e304664800,
0x000001e304663000, 0x000001e304666800, 0x000001e304665800, 0x000001e304668000,
0x000001e304662000, 0x000001e304668800, 0x000001e304664000, 0x000001e30466e800,
0x000001e30466d800, 0x000001e30466d000, 0x000001e30466f000, 0x000001e30466b000,
0x000001e304669800, 0x000001e30466c000, 0x000001e304670000, 0x000001e30466a800,
0x000001e304671000, 0x000001e304bcb800, 0x000001e304bd0000, 0x000001e304bcd800,
0x000001e304bd1000, 0x000001e304bd2000, 0x000001e304bcc000, 0x000001e304bcd000,
0x000001e304bce800, 0x000001e304bcf800, 0x000001e305c9b000, 0x000001e305c9d800,
0x000001e305c9b800, 0x000001e305ca0000, 0x000001e305c9f000, 0x000001e305c9c800,
0x000001e305c9a000, 0x000001e305ca3000
}

Java Threads: ( => current thread )
  0x000001e36204d000 JavaThread "main" [_thread_blocked, id=10880, stack(0x0000001006a00000,0x0000001006b00000)]
  0x000001e37cd15800 JavaThread "Reference Handler" daemon [_thread_blocked, id=14120, stack(0x0000001007100000,0x0000001007200000)]
  0x000001e37cd16000 JavaThread "Finalizer" daemon [_thread_blocked, id=14156, stack(0x0000001007200000,0x0000001007300000)]
  0x000001e37cd6c800 JavaThread "Signal Dispatcher" daemon [_thread_blocked, id=11000, stack(0x0000001007300000,0x0000001007400000)]
  0x000001e37cd6d800 JavaThread "Attach Listener" daemon [_thread_blocked, id=11916, stack(0x0000001007400000,0x0000001007500000)]
  0x000001e37cd6f000 JavaThread "Service Thread" daemon [_thread_blocked, id=11012, stack(0x0000001007500000,0x0000001007600000)]
  0x000001e37cd73800 JavaThread "C2 CompilerThread0" daemon [_thread_in_native, id=14180, stack(0x0000001007600000,0x0000001007700000)]
  0x000001e37cd77800 JavaThread "C1 CompilerThread0" daemon [_thread_blocked, id=14196, stack(0x0000001007700000,0x0000001007800000)]
  0x000001e37cd84000 JavaThread "Sweeper thread" daemon [_thread_blocked, id=14232, stack(0x0000001007800000,0x0000001007900000)]
  0x000001e37cf09000 JavaThread "Common-Cleaner" daemon [_thread_blocked, id=14184, stack(0x0000001007900000,0x0000001007a00000)]
  0x000001e37f796800 JavaThread "Daemon health stats" [_thread_blocked, id=11872, stack(0x0000001007f00000,0x0000001008000000)]
  0x000001e30007e000 JavaThread "Incoming local TCP Connector on port 49700" [_thread_in_native, id=14020, stack(0x0000001008000000,0x0000001008100000)]
  0x000001e37fb08800 JavaThread "Daemon periodic checks" [_thread_blocked, id=14068, stack(0x0000001008100000,0x0000001008200000)]
  0x000001e37ec0c800 JavaThread "Cache worker for journal cache (C:\Program Files\Android\gradle-7.3.3\caches\journal-1)" [_thread_blocked, id=8320, stack(0x0000001008e00000,0x0000001008f00000)]
  0x000001e37ec0a000 JavaThread "File lock request listener" [_thread_in_native, id=8304, stack(0x0000001008f00000,0x0000001009000000)]
  0x000001e37ec0e000 JavaThread "Cache worker for file hash cache (C:\Program Files\Android\gradle-7.3.3\caches\7.3.3\fileHashes)" [_thread_blocked, id=13444, stack(0x0000001009100000,0x0000001009200000)]
  0x000001e37ec0b800 JavaThread "File watcher server" daemon [_thread_blocked, id=844, stack(0x0000001009300000,0x0000001009400000)]
  0x000001e37ec08800 JavaThread "File watcher consumer" daemon [_thread_blocked, id=848, stack(0x0000001009400000,0x0000001009500000)]
  0x000001e37ec0f000 JavaThread "jar transforms" [_thread_blocked, id=768, stack(0x0000001009500000,0x0000001009600000)]
  0x000001e37ec09000 JavaThread "jar transforms Thread 2" [_thread_blocked, id=7812, stack(0x0000001009600000,0x0000001009700000)]
  0x000001e300e14800 JavaThread "jar transforms Thread 3" [_thread_blocked, id=1020, stack(0x0000001009700000,0x0000001009800000)]
  0x000001e300e0f000 JavaThread "jar transforms Thread 4" [_thread_blocked, id=1016, stack(0x0000001009800000,0x0000001009900000)]
  0x000001e300e12000 JavaThread "jar transforms Thread 5" [_thread_blocked, id=1012, stack(0x0000001009900000,0x0000001009a00000)]
  0x000001e300e10800 JavaThread "jar transforms Thread 6" [_thread_blocked, id=1100, stack(0x0000001009a00000,0x0000001009b00000)]
  0x000001e300e11000 JavaThread "jar transforms Thread 7" [_thread_blocked, id=1092, stack(0x0000001009b00000,0x0000001009c00000)]
  0x000001e300e15800 JavaThread "jar transforms Thread 8" [_thread_blocked, id=1096, stack(0x0000001009c00000,0x0000001009d00000)]
  0x000001e300e19800 JavaThread "Cache worker for execution history cache (C:\Program Files\Android\gradle-7.3.3\caches\7.3.3\executionHistory)" [_thread_blocked, id=1304, stack(0x000000100a000000,0x000000100a100000)]
  0x000001e300e1b000 JavaThread "Cache worker for file content cache (C:\Program Files\Android\gradle-7.3.3\caches\7.3.3\fileContent)" [_thread_blocked, id=12384, stack(0x000000100a100000,0x000000100a200000)]
  0x000001e37ef1e000 JavaThread "Memory manager" [_thread_blocked, id=8732, stack(0x000000100f400000,0x000000100f500000)]
  0x000001e37ef20800 JavaThread "pool-3-thread-1" [_thread_blocked, id=9656, stack(0x000000100f500000,0x000000100f600000)]
  0x000001e308ce8800 JavaThread "pool-6-thread-1" [_thread_blocked, id=1916, stack(0x000000100f600000,0x000000100f700000)]
  0x000001e308ce0800 JavaThread "Daemon Thread 3" [_thread_blocked, id=13744, stack(0x0000001006700000,0x0000001006800000)]
  0x000001e308ce1000 JavaThread "Handler for socket connection from /127.0.0.1:49700 to /127.0.0.1:50136" [_thread_in_native, id=11700, stack(0x0000001006800000,0x0000001006900000)]
  0x000001e308ce2000 JavaThread "Cancel handler" [_thread_blocked, id=10484, stack(0x0000001006900000,0x0000001006a00000)]
  0x000001e308cdf800 JavaThread "Daemon worker Thread 3" [_thread_blocked, id=2724, stack(0x0000001007b00000,0x0000001007c00000)]
  0x000001e308ce3000 JavaThread "Asynchronous log dispatcher for DefaultDaemonConnection: socket connection from /127.0.0.1:49700 to /127.0.0.1:50136" [_thread_blocked, id=8196, stack(0x0000001007c00000,0x0000001007d00000)]
  0x000001e308cdd000 JavaThread "Stdin handler" [_thread_blocked, id=10276, stack(0x0000001008200000,0x0000001008300000)]
  0x000001e308ce3800 JavaThread "Daemon client event forwarder" [_thread_blocked, id=9924, stack(0x0000001008300000,0x0000001008400000)]
  0x000001e308cde000 JavaThread "Cache worker for file hash cache (D:\ImageSlider\.gradle\7.3.3\fileHashes)" [_thread_blocked, id=8148, stack(0x0000001008400000,0x0000001008500000)]
  0x000001e308ce4800 JavaThread "Cache worker for checksums cache (D:\ImageSlider\.gradle\7.3.3\checksums)" [_thread_blocked, id=3048, stack(0x0000001008500000,0x0000001008600000)]
  0x000001e308cdf000 JavaThread "C2 CompilerThread1" daemon [_thread_in_native, id=11288, stack(0x0000001008600000,0x0000001008700000)]
  0x000001e308ce5800 JavaThread "Cache worker for cache directory md-supplier (C:\Program Files\Android\gradle-7.3.3\caches\7.3.3\md-supplier)" [_thread_blocked, id=5652, stack(0x0000001008700000,0x0000001008800000)]
  0x000001e308ce6000 JavaThread "Cache worker for cache directory md-rule (C:\Program Files\Android\gradle-7.3.3\caches\7.3.3\md-rule)" [_thread_blocked, id=3620, stack(0x0000001008800000,0x0000001008900000)]
  0x000001e308ce7000 JavaThread "Cache worker for dependencies-accessors (D:\ImageSlider\.gradle\7.3.3\dependencies-accessors)" [_thread_blocked, id=6216, stack(0x0000001009d00000,0x0000001009e00000)]
  0x000001e308cea000 JavaThread "Cache worker for Build Output Cleanup Cache (D:\ImageSlider\.gradle\buildOutputCleanup)" [_thread_blocked, id=12848, stack(0x0000001009e00000,0x0000001009f00000)]
  0x000001e308ce8000 JavaThread "Unconstrained build operations" [_thread_blocked, id=14084, stack(0x0000001009f00000,0x000000100a000000)]
  0x000001e308ce9800 JavaThread "Unconstrained build operations Thread 2" [_thread_blocked, id=5044, stack(0x000000100a200000,0x000000100a300000)]
  0x000001e308ceb000 JavaThread "Unconstrained build operations Thread 3" [_thread_blocked, id=9504, stack(0x000000100a300000,0x000000100a400000)]
  0x000001e308cec000 JavaThread "Unconstrained build operations Thread 4" [_thread_blocked, id=10976, stack(0x000000100a400000,0x000000100a500000)]
  0x000001e37ef18000 JavaThread "Unconstrained build operations Thread 5" [_thread_blocked, id=12388, stack(0x000000100a500000,0x000000100a600000)]
  0x000001e37ef1a000 JavaThread "Unconstrained build operations Thread 6" [_thread_blocked, id=13572, stack(0x000000100a600000,0x000000100a700000)]
  0x000001e37ef14000 JavaThread "Unconstrained build operations Thread 7" [_thread_blocked, id=14032, stack(0x000000100a700000,0x000000100a800000)]
  0x000001e37ef19000 JavaThread "Unconstrained build operations Thread 8" [_thread_blocked, id=13568, stack(0x000000100a800000,0x000000100a900000)]
  0x000001e37ef15000 JavaThread "Unconstrained build operations Thread 9" [_thread_blocked, id=10576, stack(0x000000100a900000,0x000000100aa00000)]
  0x000001e37ef17800 JavaThread "Unconstrained build operations Thread 10" [_thread_blocked, id=8936, stack(0x000000100aa00000,0x000000100ab00000)]
  0x000001e37ef15800 JavaThread "Unconstrained build operations Thread 11" [_thread_blocked, id=7472, stack(0x000000100ab00000,0x000000100ac00000)]
  0x000001e37ef1a800 JavaThread "Unconstrained build operations Thread 12" [_thread_blocked, id=9520, stack(0x000000100ac00000,0x000000100ad00000)]
  0x000001e37ef1b800 JavaThread "Unconstrained build operations Thread 13" [_thread_blocked, id=12992, stack(0x000000100ad00000,0x000000100ae00000)]
  0x000001e37ef16800 JavaThread "Unconstrained build operations Thread 14" [_thread_blocked, id=2704, stack(0x000000100ae00000,0x000000100af00000)]
  0x000001e37ef1f800 JavaThread "Unconstrained build operations Thread 15" [_thread_blocked, id=3924, stack(0x000000100af00000,0x000000100b000000)]
  0x000001e37ef21000 JavaThread "Unconstrained build operations Thread 16" [_thread_blocked, id=10116, stack(0x000000100b000000,0x000000100b100000)]
  0x000001e37ef1d000 JavaThread "Unconstrained build operations Thread 17" [_thread_blocked, id=420, stack(0x000000100b100000,0x000000100b200000)]
  0x000001e37ef1e800 JavaThread "Unconstrained build operations Thread 18" [_thread_blocked, id=10868, stack(0x000000100b200000,0x000000100b300000)]
  0x000001e37ef22000 JavaThread "Unconstrained build operations Thread 19" [_thread_blocked, id=11456, stack(0x000000100b300000,0x000000100b400000)]
  0x000001e37ef1c000 JavaThread "Unconstrained build operations Thread 20" [_thread_blocked, id=2748, stack(0x000000100b400000,0x000000100b500000)]
  0x000001e37ef23000 JavaThread "Unconstrained build operations Thread 21" [_thread_blocked, id=9936, stack(0x000000100b500000,0x000000100b600000)]
  0x000001e305253000 JavaThread "Unconstrained build operations Thread 22" [_thread_blocked, id=9920, stack(0x000000100b600000,0x000000100b700000)]
  0x000001e30524f000 JavaThread "Unconstrained build operations Thread 23" [_thread_blocked, id=13792, stack(0x000000100b700000,0x000000100b800000)]
  0x000001e305251000 JavaThread "Unconstrained build operations Thread 24" [_thread_blocked, id=9168, stack(0x000000100b800000,0x000000100b900000)]
  0x000001e305253800 JavaThread "Unconstrained build operations Thread 25" [_thread_blocked, id=11136, stack(0x000000100b900000,0x000000100ba00000)]
  0x000001e30524e000 JavaThread "Unconstrained build operations Thread 26" [_thread_blocked, id=1164, stack(0x000000100ba00000,0x000000100bb00000)]
  0x000001e30524f800 JavaThread "Unconstrained build operations Thread 27" [_thread_blocked, id=10052, stack(0x000000100bb00000,0x000000100bc00000)]
  0x000001e305255800 JavaThread "Unconstrained build operations Thread 28" [_thread_blocked, id=4696, stack(0x000000100bc00000,0x000000100bd00000)]
  0x000001e305254800 JavaThread "Unconstrained build operations Thread 29" [_thread_blocked, id=10164, stack(0x000000100bd00000,0x000000100be00000)]
  0x000001e305257000 JavaThread "Unconstrained build operations Thread 30" [_thread_blocked, id=5308, stack(0x000000100be00000,0x000000100bf00000)]
  0x000001e305257800 JavaThread "Unconstrained build operations Thread 31" [_thread_blocked, id=1028, stack(0x000000100bf00000,0x000000100c000000)]
  0x000001e305256000 JavaThread "Unconstrained build operations Thread 32" [_thread_blocked, id=2792, stack(0x000000100c000000,0x000000100c100000)]
  0x000001e30525c800 JavaThread "Unconstrained build operations Thread 33" [_thread_blocked, id=5812, stack(0x000000100c100000,0x000000100c200000)]
  0x000001e30525c000 JavaThread "Unconstrained build operations Thread 34" [_thread_blocked, id=12756, stack(0x000000100c200000,0x000000100c300000)]
  0x000001e305258800 JavaThread "Unconstrained build operations Thread 35" [_thread_blocked, id=10656, stack(0x000000100c300000,0x000000100c400000)]
  0x000001e305259800 JavaThread "Unconstrained build operations Thread 36" [_thread_blocked, id=10448, stack(0x000000100c400000,0x000000100c500000)]
  0x000001e30525a000 JavaThread "Unconstrained build operations Thread 37" [_thread_blocked, id=3204, stack(0x000000100c500000,0x000000100c600000)]
  0x000001e30525b000 JavaThread "Unconstrained build operations Thread 38" [_thread_blocked, id=9648, stack(0x000000100c600000,0x000000100c700000)]
  0x000001e300e0f800 JavaThread "Unconstrained build operations Thread 39" [_thread_blocked, id=10032, stack(0x000000100c700000,0x000000100c800000)]
  0x000001e300e13000 JavaThread "Unconstrained build operations Thread 40" [_thread_blocked, id=12080, stack(0x000000100c800000,0x000000100c900000)]
  0x000001e300e18000 JavaThread "Unconstrained build operations Thread 41" [_thread_blocked, id=2520, stack(0x000000100c900000,0x000000100ca00000)]
  0x000001e300e13800 JavaThread "Unconstrained build operations Thread 42" [_thread_blocked, id=10316, stack(0x000000100ca00000,0x000000100cb00000)]
  0x000001e300e18800 JavaThread "Unconstrained build operations Thread 43" [_thread_blocked, id=2848, stack(0x000000100cb00000,0x000000100cc00000)]
  0x000001e300e1d800 JavaThread "Unconstrained build operations Thread 44" [_thread_blocked, id=4796, stack(0x000000100cc00000,0x000000100cd00000)]
  0x000001e37ec0b000 JavaThread "Unconstrained build operations Thread 45" [_thread_blocked, id=11020, stack(0x000000100cd00000,0x000000100ce00000)]
  0x000001e37ec0d000 JavaThread "Unconstrained build operations Thread 46" [_thread_blocked, id=5196, stack(0x000000100ce00000,0x000000100cf00000)]
  0x000001e300a3b800 JavaThread "Unconstrained build operations Thread 47" [_thread_blocked, id=8868, stack(0x000000100cf00000,0x000000100d000000)]
  0x000001e300a3a000 JavaThread "Unconstrained build operations Thread 48" [_thread_blocked, id=8960, stack(0x000000100d000000,0x000000100d100000)]
  0x000001e300a39000 JavaThread "Unconstrained build operations Thread 49" [_thread_blocked, id=12256, stack(0x000000100d100000,0x000000100d200000)]
  0x000001e300a3b000 JavaThread "Unconstrained build operations Thread 50" [_thread_blocked, id=8856, stack(0x000000100d200000,0x000000100d300000)]
  0x000001e300a38800 JavaThread "Unconstrained build operations Thread 51" [_thread_blocked, id=9048, stack(0x000000100d300000,0x000000100d400000)]
  0x000001e300a3c800 JavaThread "Unconstrained build operations Thread 52" [_thread_blocked, id=11460, stack(0x000000100d400000,0x000000100d500000)]
  0x000001e300a41800 JavaThread "Unconstrained build operations Thread 53" [_thread_blocked, id=9828, stack(0x000000100d500000,0x000000100d600000)]
  0x000001e300a42000 JavaThread "Unconstrained build operations Thread 54" [_thread_blocked, id=11936, stack(0x000000100d600000,0x000000100d700000)]
  0x000001e300a3f000 JavaThread "Unconstrained build operations Thread 55" [_thread_blocked, id=3016, stack(0x000000100d700000,0x000000100d800000)]
  0x000001e300a43000 JavaThread "Unconstrained build operations Thread 56" [_thread_blocked, id=10536, stack(0x000000100d800000,0x000000100d900000)]
  0x000001e300a3f800 JavaThread "Unconstrained build operations Thread 57" [_thread_blocked, id=10368, stack(0x000000100d900000,0x000000100da00000)]
  0x000001e300a40800 JavaThread "Unconstrained build operations Thread 58" [_thread_blocked, id=1828, stack(0x000000100da00000,0x000000100db00000)]
  0x000001e300a3d000 JavaThread "Unconstrained build operations Thread 59" [_thread_blocked, id=7760, stack(0x000000100db00000,0x000000100dc00000)]
  0x000001e300a44000 JavaThread "Unconstrained build operations Thread 60" [_thread_blocked, id=11732, stack(0x000000100dc00000,0x000000100dd00000)]
  0x000001e300a3e000 JavaThread "Unconstrained build operations Thread 61" [_thread_blocked, id=3344, stack(0x000000100dd00000,0x000000100de00000)]
  0x000001e300a44800 JavaThread "Unconstrained build operations Thread 62" [_thread_blocked, id=14064, stack(0x000000100de00000,0x000000100df00000)]
  0x000001e300a45800 JavaThread "Unconstrained build operations Thread 63" [_thread_blocked, id=13840, stack(0x000000100df00000,0x000000100e000000)]
  0x000001e300a47000 JavaThread "Unconstrained build operations Thread 64" [_thread_blocked, id=5272, stack(0x000000100e000000,0x000000100e100000)]
  0x000001e300a46000 JavaThread "Unconstrained build operations Thread 65" [_thread_blocked, id=6900, stack(0x000000100e100000,0x000000100e200000)]
  0x000001e304667000 JavaThread "Unconstrained build operations Thread 66" [_thread_blocked, id=7244, stack(0x000000100e200000,0x000000100e300000)]
  0x000001e304664800 JavaThread "Unconstrained build operations Thread 67" [_thread_blocked, id=8476, stack(0x000000100e300000,0x000000100e400000)]
  0x000001e304663000 JavaThread "Unconstrained build operations Thread 68" [_thread_blocked, id=8128, stack(0x000000100e400000,0x000000100e500000)]
  0x000001e304666800 JavaThread "Unconstrained build operations Thread 69" [_thread_blocked, id=4056, stack(0x000000100e500000,0x000000100e600000)]
  0x000001e304665800 JavaThread "Unconstrained build operations Thread 70" [_thread_blocked, id=1368, stack(0x000000100e600000,0x000000100e700000)]
  0x000001e304668000 JavaThread "Unconstrained build operations Thread 71" [_thread_blocked, id=13144, stack(0x000000100e700000,0x000000100e800000)]
  0x000001e304662000 JavaThread "Unconstrained build operations Thread 72" [_thread_blocked, id=1692, stack(0x000000100e800000,0x000000100e900000)]
  0x000001e304668800 JavaThread "Unconstrained build operations Thread 73" [_thread_blocked, id=2156, stack(0x000000100e900000,0x000000100ea00000)]
  0x000001e304664000 JavaThread "Unconstrained build operations Thread 74" [_thread_blocked, id=4276, stack(0x000000100ea00000,0x000000100eb00000)]
  0x000001e30466e800 JavaThread "Unconstrained build operations Thread 75" [_thread_blocked, id=4256, stack(0x000000100eb00000,0x000000100ec00000)]
  0x000001e30466d800 JavaThread "Unconstrained build operations Thread 76" [_thread_blocked, id=10104, stack(0x000000100ec00000,0x000000100ed00000)]
  0x000001e30466d000 JavaThread "Unconstrained build operations Thread 77" [_thread_blocked, id=14280, stack(0x000000100ed00000,0x000000100ee00000)]
  0x000001e30466f000 JavaThread "Unconstrained build operations Thread 78" [_thread_blocked, id=8216, stack(0x000000100ee00000,0x000000100ef00000)]
  0x000001e30466b000 JavaThread "Unconstrained build operations Thread 79" [_thread_blocked, id=6700, stack(0x000000100ef00000,0x000000100f000000)]
  0x000001e304669800 JavaThread "Unconstrained build operations Thread 80" [_thread_blocked, id=7872, stack(0x000000100f000000,0x000000100f100000)]
  0x000001e30466c000 JavaThread "build event listener" [_thread_blocked, id=1348, stack(0x000000100f200000,0x000000100f300000)]
  0x000001e304670000 JavaThread "pool-9-thread-1" [_thread_blocked, id=8756, stack(0x000000100f300000,0x000000100f400000)]
  0x000001e30466a800 JavaThread "build event listener" [_thread_blocked, id=1808, stack(0x000000100f700000,0x000000100f800000)]
  0x000001e304671000 JavaThread "Execution worker for ':'" [_thread_blocked, id=2524, stack(0x000000100f800000,0x000000100f900000)]
  0x000001e304bcb800 JavaThread "Execution worker for ':' Thread 2" [_thread_blocked, id=3444, stack(0x000000100f900000,0x000000100fa00000)]
  0x000001e304bd0000 JavaThread "Execution worker for ':' Thread 3" [_thread_blocked, id=32, stack(0x000000100fa00000,0x000000100fb00000)]
  0x000001e304bcd800 JavaThread "Execution worker for ':' Thread 4" [_thread_blocked, id=7336, stack(0x000000100fb00000,0x000000100fc00000)]
  0x000001e304bd1000 JavaThread "Execution worker for ':' Thread 5" [_thread_blocked, id=10120, stack(0x000000100fc00000,0x000000100fd00000)]
  0x000001e304bd2000 JavaThread "Execution worker for ':' Thread 6" [_thread_blocked, id=8040, stack(0x000000100fd00000,0x000000100fe00000)]
  0x000001e304bcc000 JavaThread "Execution worker for ':' Thread 7" [_thread_blocked, id=1696, stack(0x000000100fe00000,0x000000100ff00000)]
  0x000001e304bcd000 JavaThread "Cache worker for execution history cache (D:\ImageSlider\.gradle\7.3.3\executionHistory)" [_thread_blocked, id=12368, stack(0x000000100ff00000,0x0000001010000000)]
  0x000001e304bce800 JavaThread "WorkerExecutor Queue" [_thread_blocked, id=13592, stack(0x0000001010000000,0x0000001010100000)]
  0x000001e304bcf800 JavaThread "WorkerExecutor Queue Thread 2" [_thread_blocked, id=1748, stack(0x0000001010100000,0x0000001010200000)]
  0x000001e305c9b000 JavaThread "WorkerExecutor Queue Thread 3" [_thread_blocked, id=9736, stack(0x0000001010200000,0x0000001010300000)]
  0x000001e305c9d800 JavaThread "WorkerExecutor Queue Thread 4" [_thread_in_native, id=1560, stack(0x0000001010300000,0x0000001010400000)]
  0x000001e305c9b800 JavaThread "WorkerExecutor Queue Thread 5" [_thread_blocked, id=12228, stack(0x0000001010400000,0x0000001010500000)]
  0x000001e305ca0000 JavaThread "WorkerExecutor Queue Thread 6" [_thread_blocked, id=11940, stack(0x0000001010500000,0x0000001010600000)]
  0x000001e305c9f000 JavaThread "WorkerExecutor Queue Thread 7" [_thread_blocked, id=2572, stack(0x0000001010600000,0x0000001010700000)]
  0x000001e305c9c800 JavaThread "WorkerExecutor Queue Thread 8" [_thread_blocked, id=4660, stack(0x0000001010700000,0x0000001010800000)]
  0x000001e305c9a000 JavaThread "WorkerExecutor Queue Thread 9" [_thread_blocked, id=2868, stack(0x0000001010900000,0x0000001010a00000)]
  0x000001e305ca3000 JavaThread "pool-10-thread-1" [_thread_blocked, id=1412, stack(0x0000001010a00000,0x0000001010b00000)]

Other Threads:
=>0x000001e37c509800 VMThread "VM Thread" [stack: 0x0000001007000000,0x0000001007100000] [id=14116]
  0x000001e37cf39800 WatcherThread [stack: 0x0000001007a00000,0x0000001007b00000] [id=12084]
  0x000001e362067000 GCTaskThread "GC Thread#0" [stack: 0x0000001006b00000,0x0000001006c00000] [id=10932]
  0x000001e37dc12000 GCTaskThread "GC Thread#1" [stack: 0x0000001007d00000,0x0000001007e00000] [id=13920]
  0x000001e37e211800 GCTaskThread "GC Thread#2" [stack: 0x0000001007e00000,0x0000001007f00000] [id=13928]
  0x000001e37f085800 GCTaskThread "GC Thread#3" [stack: 0x0000001008900000,0x0000001008a00000] [id=8272]
  0x000001e37f0cb000 GCTaskThread "GC Thread#4" [stack: 0x0000001008a00000,0x0000001008b00000] [id=8284]
  0x000001e37eea3000 GCTaskThread "GC Thread#5" [stack: 0x0000001008b00000,0x0000001008c00000] [id=13904]
  0x000001e37ed79800 GCTaskThread "GC Thread#6" [stack: 0x0000001008c00000,0x0000001008d00000] [id=8340]
  0x000001e37fa35000 GCTaskThread "GC Thread#7" [stack: 0x0000001008d00000,0x0000001008e00000] [id=8224]
  0x000001e362098800 ConcurrentGCThread "G1 Main Marker" [stack: 0x0000001006c00000,0x0000001006d00000] [id=10768]
  0x000001e362099800 ConcurrentGCThread "G1 Conc#0" [stack: 0x0000001006d00000,0x0000001006e00000] [id=10764]
  0x000001e37e1b2000 ConcurrentGCThread "G1 Conc#1" [stack: 0x0000001009000000,0x0000001009100000] [id=8352]
  0x000001e37c35a800 ConcurrentGCThread "G1 Refine#0" [stack: 0x0000001006e00000,0x0000001006f00000] [id=12024]
  0x000001e308108000 ConcurrentGCThread "G1 Refine#1" [stack: 0x0000001009200000,0x0000001009300000] [id=4840]
  0x000001e308817000 ConcurrentGCThread "G1 Refine#2" [stack: 0x000000100f100000,0x000000100f200000] [id=12276]
  0x000001e37c35b000 ConcurrentGCThread "G1 Young RemSet Sampling" [stack: 0x0000001006f00000,0x0000001007000000] [id=11960]

Threads with active compile tasks:
C2 CompilerThread02986223 18117   !   4       java.io.ObjectOutputStream::writeSerialData (221 bytes)
C1 CompilerThread02986223 18476       2       com.google.common.collect.HashBiMap::containsKey (18 bytes)
C2 CompilerThread12986223 18120   !   4       java.io.ObjectInputStream::readSerialData (563 bytes)

VM state:at safepoint (normal execution)

VM Mutex/Monitor currently owned by a thread:  ([mutex/lock_event])
[0x000001e36204a870] Threads_lock - owner thread: 0x000001e37c509800
[0x000001e36204a240] Heap_lock - owner thread: 0x000001e305ca0000

Heap address: 0x0000000080000000, size: 2048 MB, Compressed Oops mode: 32-bit
Narrow klass base: 0x0000000000000000, Narrow klass shift: 3
Compressed class space size: 1073741824 Address: 0x0000000100000000

Heap:
 garbage-first heap   total 270336K, used 170629K [0x0000000080000000, 0x0000000100000000)
  region size 1024K, 4 young (4096K), 4 survivors (4096K)
 Metaspace       used 126515K, capacity 129370K, committed 129484K, reserved 1163264K
  class space    used 15500K, capacity 16552K, committed 16640K, reserved 1048576K
Heap Regions: E=young(eden), S=young(survivor), O=old, HS=humongous(starts), HC=humongous(continues), CS=collection set, F=free, A=archive, TAMS=top-at-mark-start (previous, next)
|   0|0x0000000080000000, 0x0000000080100000, 0x0000000080100000|100%| O|  |TAMS 0x0000000080100000, 0x0000000080100000| Untracked 
|   1|0x0000000080100000, 0x0000000080200000, 0x0000000080200000|100%| O|  |TAMS 0x0000000080200000, 0x0000000080200000| Untracked 
|   2|0x0000000080200000, 0x0000000080300000, 0x0000000080300000|100%| O|  |TAMS 0x0000000080300000, 0x0000000080300000| Untracked 
|   3|0x0000000080300000, 0x0000000080400000, 0x0000000080400000|100%|HS|  |TAMS 0x0000000080400000, 0x0000000080400000| Complete 
|   4|0x0000000080400000, 0x0000000080500000, 0x0000000080500000|100%|HC|  |TAMS 0x0000000080500000, 0x0000000080500000| Complete 
|   5|0x0000000080500000, 0x0000000080600000, 0x0000000080600000|100%|HC|  |TAMS 0x0000000080600000, 0x0000000080600000| Complete 
|   6|0x0000000080600000, 0x0000000080700000, 0x0000000080700000|100%| O|  |TAMS 0x0000000080700000, 0x0000000080700000| Untracked 
|   7|0x0000000080700000, 0x0000000080800000, 0x0000000080800000|100%| O|  |TAMS 0x0000000080700000, 0x0000000080800000| Untracked 
|   8|0x0000000080800000, 0x0000000080900000, 0x0000000080900000|100%| O|  |TAMS 0x0000000080900000, 0x0000000080900000| Untracked 
|   9|0x0000000080900000, 0x0000000080a00000, 0x0000000080a00000|100%| O|  |TAMS 0x0000000080a00000, 0x0000000080a00000| Untracked 
|  10|0x0000000080a00000, 0x0000000080b00000, 0x0000000080b00000|100%| O|  |TAMS 0x0000000080b00000, 0x0000000080b00000| Untracked 
|  11|0x0000000080b00000, 0x0000000080c00000, 0x0000000080c00000|100%| O|  |TAMS 0x0000000080c00000, 0x0000000080c00000| Untracked 
|  12|0x0000000080c00000, 0x0000000080d00000, 0x0000000080d00000|100%| O|  |TAMS 0x0000000080d00000, 0x0000000080d00000| Untracked 
|  13|0x0000000080d00000, 0x0000000080e00000, 0x0000000080e00000|100%| O|  |TAMS 0x0000000080e00000, 0x0000000080e00000| Untracked 
|  14|0x0000000080e00000, 0x0000000080f00000, 0x0000000080f00000|100%| O|  |TAMS 0x0000000080f00000, 0x0000000080f00000| Untracked 
|  15|0x0000000080f00000, 0x0000000081000000, 0x0000000081000000|100%| O|  |TAMS 0x0000000081000000, 0x0000000081000000| Untracked 
|  16|0x0000000081000000, 0x0000000081100000, 0x0000000081100000|100%|HS|  |TAMS 0x0000000081100000, 0x0000000081100000| Complete 
|  17|0x0000000081100000, 0x0000000081200000, 0x0000000081200000|100%|HC|  |TAMS 0x0000000081200000, 0x0000000081200000| Complete 
|  18|0x0000000081200000, 0x0000000081300000, 0x0000000081300000|100%|HS|  |TAMS 0x0000000081300000, 0x0000000081300000| Complete 
|  19|0x0000000081300000, 0x0000000081400000, 0x0000000081400000|100%|HC|  |TAMS 0x0000000081400000, 0x0000000081400000| Complete 
|  20|0x0000000081400000, 0x0000000081500000, 0x0000000081500000|100%|HC|  |TAMS 0x0000000081500000, 0x0000000081500000| Complete 
|  21|0x0000000081500000, 0x0000000081600000, 0x0000000081600000|100%|HS|  |TAMS 0x0000000081600000, 0x0000000081600000| Complete 
|  22|0x0000000081600000, 0x0000000081700000, 0x0000000081700000|100%|HS|  |TAMS 0x0000000081700000, 0x0000000081700000| Complete 
|  23|0x0000000081700000, 0x0000000081800000, 0x0000000081800000|100%|HC|  |TAMS 0x0000000081800000, 0x0000000081800000| Complete 
|  24|0x0000000081800000, 0x0000000081900000, 0x0000000081900000|100%|HC|  |TAMS 0x0000000081900000, 0x0000000081900000| Complete 
|  25|0x0000000081900000, 0x0000000081a00000, 0x0000000081a00000|100%|HC|  |TAMS 0x0000000081a00000, 0x0000000081a00000| Complete 
|  26|0x0000000081a00000, 0x0000000081b00000, 0x0000000081b00000|100%| O|  |TAMS 0x0000000081b00000, 0x0000000081b00000| Untracked 
|  27|0x0000000081b00000, 0x0000000081c00000, 0x0000000081c00000|100%| O|  |TAMS 0x0000000081c00000, 0x0000000081c00000| Untracked 
|  28|0x0000000081c00000, 0x0000000081d00000, 0x0000000081d00000|100%| O|  |TAMS 0x0000000081d00000, 0x0000000081d00000| Untracked 
|  29|0x0000000081d00000, 0x0000000081e00000, 0x0000000081e00000|100%| O|  |TAMS 0x0000000081e00000, 0x0000000081e00000| Untracked 
|  30|0x0000000081e00000, 0x0000000081f00000, 0x0000000081f00000|100%| O|  |TAMS 0x0000000081f00000, 0x0000000081f00000| Untracked 
|  31|0x0000000081f00000, 0x0000000082000000, 0x0000000082000000|100%| O|  |TAMS 0x0000000082000000, 0x0000000082000000| Untracked 
|  32|0x0000000082000000, 0x0000000082100000, 0x0000000082100000|100%| O|  |TAMS 0x0000000082100000, 0x0000000082100000| Untracked 
|  33|0x0000000082100000, 0x0000000082200000, 0x0000000082200000|100%| O|  |TAMS 0x0000000082200000, 0x0000000082200000| Untracked 
|  34|0x0000000082200000, 0x0000000082300000, 0x0000000082300000|100%|HS|  |TAMS 0x0000000082300000, 0x0000000082300000| Complete 
|  35|0x0000000082300000, 0x0000000082400000, 0x0000000082400000|100%|HS|  |TAMS 0x0000000082400000, 0x0000000082400000| Complete 
|  36|0x0000000082400000, 0x0000000082500000, 0x0000000082500000|100%|HC|  |TAMS 0x0000000082500000, 0x0000000082500000| Complete 
|  37|0x0000000082500000, 0x0000000082600000, 0x0000000082600000|100%|HC|  |TAMS 0x0000000082600000, 0x0000000082600000| Complete 
|  38|0x0000000082600000, 0x0000000082700000, 0x0000000082700000|100%| O|  |TAMS 0x0000000082700000, 0x0000000082700000| Untracked 
|  39|0x0000000082700000, 0x0000000082800000, 0x0000000082800000|100%| O|  |TAMS 0x0000000082800000, 0x0000000082800000| Untracked 
|  40|0x0000000082800000, 0x0000000082900000, 0x0000000082900000|100%| O|  |TAMS 0x0000000082900000, 0x0000000082900000| Untracked 
|  41|0x0000000082900000, 0x0000000082a00000, 0x0000000082a00000|100%| O|  |TAMS 0x0000000082a00000, 0x0000000082a00000| Untracked 
|  42|0x0000000082a00000, 0x0000000082b00000, 0x0000000082b00000|100%| O|  |TAMS 0x0000000082b00000, 0x0000000082b00000| Untracked 
|  43|0x0000000082b00000, 0x0000000082c00000, 0x0000000082c00000|100%|HS|  |TAMS 0x0000000082c00000, 0x0000000082c00000| Complete 
|  44|0x0000000082c00000, 0x0000000082d00000, 0x0000000082d00000|100%|HC|  |TAMS 0x0000000082d00000, 0x0000000082d00000| Complete 
|  45|0x0000000082d00000, 0x0000000082e00000, 0x0000000082e00000|100%|HC|  |TAMS 0x0000000082e00000, 0x0000000082e00000| Complete 
|  46|0x0000000082e00000, 0x0000000082f00000, 0x0000000082f00000|100%|HC|  |TAMS 0x0000000082f00000, 0x0000000082f00000| Complete 
|  47|0x0000000082f00000, 0x0000000083000000, 0x0000000083000000|100%| O|  |TAMS 0x0000000083000000, 0x0000000083000000| Untracked 
|  48|0x0000000083000000, 0x0000000083100000, 0x0000000083100000|100%| O|  |TAMS 0x0000000083000000, 0x0000000083100000| Untracked 
|  49|0x0000000083100000, 0x0000000083200000, 0x0000000083200000|100%| O|  |TAMS 0x0000000083100000, 0x0000000083200000| Untracked 
|  50|0x0000000083200000, 0x0000000083300000, 0x0000000083300000|100%| O|  |TAMS 0x0000000083300000, 0x0000000083300000| Untracked 
|  51|0x0000000083300000, 0x0000000083400000, 0x0000000083400000|100%|HS|  |TAMS 0x0000000083400000, 0x0000000083400000| Complete 
|  52|0x0000000083400000, 0x0000000083500000, 0x0000000083500000|100%|HS|  |TAMS 0x0000000083500000, 0x0000000083500000| Complete 
|  53|0x0000000083500000, 0x0000000083600000, 0x0000000083600000|100%|HS|  |TAMS 0x0000000083600000, 0x0000000083600000| Complete 
|  54|0x0000000083600000, 0x0000000083700000, 0x0000000083700000|100%|HC|  |TAMS 0x0000000083700000, 0x0000000083700000| Complete 
|  55|0x0000000083700000, 0x0000000083800000, 0x0000000083800000|100%| O|  |TAMS 0x0000000083800000, 0x0000000083800000| Untracked 
|  56|0x0000000083800000, 0x0000000083900000, 0x0000000083900000|100%| O|  |TAMS 0x0000000083900000, 0x0000000083900000| Untracked 
|  57|0x0000000083900000, 0x0000000083a00000, 0x0000000083a00000|100%| O|  |TAMS 0x0000000083a00000, 0x0000000083a00000| Untracked 
|  58|0x0000000083a00000, 0x0000000083b00000, 0x0000000083b00000|100%| O|  |TAMS 0x0000000083b00000, 0x0000000083b00000| Untracked 
|  59|0x0000000083b00000, 0x0000000083c00000, 0x0000000083c00000|100%| O|  |TAMS 0x0000000083c00000, 0x0000000083c00000| Untracked 
|  60|0x0000000083c00000, 0x0000000083d00000, 0x0000000083d00000|100%| O|  |TAMS 0x0000000083d00000, 0x0000000083d00000| Untracked 
|  61|0x0000000083d00000, 0x0000000083e00000, 0x0000000083e00000|100%| O|  |TAMS 0x0000000083d00000, 0x0000000083e00000| Untracked 
|  62|0x0000000083e00000, 0x0000000083f00000, 0x0000000083f00000|100%| O|  |TAMS 0x0000000083f00000, 0x0000000083f00000| Untracked 
|  63|0x0000000083f00000, 0x0000000084000000, 0x0000000084000000|100%| O|  |TAMS 0x0000000084000000, 0x0000000084000000| Untracked 
|  64|0x0000000084000000, 0x0000000084100000, 0x0000000084100000|100%| O|  |TAMS 0x0000000084100000, 0x0000000084100000| Untracked 
|  65|0x0000000084100000, 0x0000000084200000, 0x0000000084200000|100%| O|  |TAMS 0x0000000084200000, 0x0000000084200000| Untracked 
|  66|0x0000000084200000, 0x0000000084300000, 0x0000000084300000|100%| O|  |TAMS 0x0000000084200000, 0x0000000084300000| Untracked 
|  67|0x0000000084300000, 0x0000000084400000, 0x0000000084400000|100%| O|  |TAMS 0x0000000084400000, 0x0000000084400000| Untracked 
|  68|0x0000000084400000, 0x0000000084500000, 0x0000000084500000|100%| O|  |TAMS 0x0000000084500000, 0x0000000084500000| Untracked 
|  69|0x0000000084500000, 0x0000000084600000, 0x0000000084600000|100%| O|  |TAMS 0x0000000084600000, 0x0000000084600000| Untracked 
|  70|0x0000000084600000, 0x0000000084700000, 0x0000000084700000|100%| O|  |TAMS 0x0000000084700000, 0x0000000084700000| Untracked 
|  71|0x0000000084700000, 0x0000000084800000, 0x0000000084800000|100%| O|  |TAMS 0x0000000084800000, 0x0000000084800000| Untracked 
|  72|0x0000000084800000, 0x0000000084900000, 0x0000000084900000|100%| O|  |TAMS 0x0000000084900000, 0x0000000084900000| Untracked 
|  73|0x0000000084900000, 0x0000000084a00000, 0x0000000084a00000|100%| O|  |TAMS 0x0000000084a00000, 0x0000000084a00000| Untracked 
|  74|0x0000000084a00000, 0x0000000084b00000, 0x0000000084b00000|100%| O|  |TAMS 0x0000000084b00000, 0x0000000084b00000| Untracked 
|  75|0x0000000084b00000, 0x0000000084c00000, 0x0000000084c00000|100%| O|  |TAMS 0x0000000084c00000, 0x0000000084c00000| Untracked 
|  76|0x0000000084c00000, 0x0000000084d00000, 0x0000000084d00000|100%| O|  |TAMS 0x0000000084c00000, 0x0000000084d00000| Untracked 
|  77|0x0000000084d00000, 0x0000000084e00000, 0x0000000084e00000|100%| O|  |TAMS 0x0000000084d00000, 0x0000000084e00000| Untracked 
|  78|0x0000000084e00000, 0x0000000084f00000, 0x0000000084f00000|100%| O|  |TAMS 0x0000000084e00000, 0x0000000084f00000| Untracked 
|  79|0x0000000084f00000, 0x0000000085000000, 0x0000000085000000|100%|HS|  |TAMS 0x0000000085000000, 0x0000000085000000| Complete 
|  80|0x0000000085000000, 0x0000000085100000, 0x0000000085100000|100%|HC|  |TAMS 0x0000000085100000, 0x0000000085100000| Complete 
|  81|0x0000000085100000, 0x0000000085200000, 0x0000000085200000|100%| O|  |TAMS 0x0000000085100000, 0x0000000085200000| Untracked 
|  82|0x0000000085200000, 0x0000000085300000, 0x0000000085300000|100%| O|  |TAMS 0x0000000085200000, 0x0000000085300000| Untracked 
|  83|0x0000000085300000, 0x0000000085400000, 0x0000000085400000|100%| O|  |TAMS 0x0000000085400000, 0x0000000085400000| Untracked 
|  84|0x0000000085400000, 0x0000000085500000, 0x0000000085500000|100%|HS|  |TAMS 0x0000000085500000, 0x0000000085500000| Complete 
|  85|0x0000000085500000, 0x0000000085600000, 0x0000000085600000|100%|HC|  |TAMS 0x0000000085600000, 0x0000000085600000| Complete 
|  86|0x0000000085600000, 0x0000000085700000, 0x0000000085700000|100%|HC|  |TAMS 0x0000000085700000, 0x0000000085700000| Complete 
|  87|0x0000000085700000, 0x0000000085800000, 0x0000000085800000|100%|HS|  |TAMS 0x0000000085800000, 0x0000000085800000| Complete 
|  88|0x0000000085800000, 0x0000000085900000, 0x0000000085900000|100%|HS|  |TAMS 0x0000000085900000, 0x0000000085900000| Complete 
|  89|0x0000000085900000, 0x0000000085a00000, 0x0000000085a00000|100%|HC|  |TAMS 0x0000000085a00000, 0x0000000085a00000| Complete 
|  90|0x0000000085a00000, 0x0000000085b00000, 0x0000000085b00000|100%|HC|  |TAMS 0x0000000085b00000, 0x0000000085b00000| Complete 
|  91|0x0000000085b00000, 0x0000000085c00000, 0x0000000085c00000|100%|HC|  |TAMS 0x0000000085c00000, 0x0000000085c00000| Complete 
|  92|0x0000000085c00000, 0x0000000085d00000, 0x0000000085d00000|100%| O|  |TAMS 0x0000000085d00000, 0x0000000085d00000| Untracked 
|  93|0x0000000085d00000, 0x0000000085e00000, 0x0000000085e00000|100%| O|  |TAMS 0x0000000085e00000, 0x0000000085e00000| Untracked 
|  94|0x0000000085e00000, 0x0000000085f00000, 0x0000000085f00000|100%| O|  |TAMS 0x0000000085f00000, 0x0000000085f00000| Untracked 
|  95|0x0000000085f00000, 0x0000000086000000, 0x0000000086000000|100%| O|  |TAMS 0x0000000086000000, 0x0000000086000000| Untracked 
|  96|0x0000000086000000, 0x0000000086100000, 0x0000000086100000|100%| O|  |TAMS 0x0000000086100000, 0x0000000086100000| Untracked 
|  97|0x0000000086100000, 0x0000000086200000, 0x0000000086200000|100%| O|  |TAMS 0x0000000086200000, 0x0000000086200000| Untracked 
|  98|0x0000000086200000, 0x0000000086300000, 0x0000000086300000|100%|HS|  |TAMS 0x0000000086200000, 0x0000000086300000| Complete 
|  99|0x0000000086300000, 0x0000000086400000, 0x0000000086400000|100%| O|  |TAMS 0x0000000086400000, 0x0000000086400000| Untracked 
| 100|0x0000000086400000, 0x0000000086500000, 0x0000000086500000|100%| O|  |TAMS 0x0000000086400000, 0x0000000086500000| Untracked 
| 101|0x0000000086500000, 0x0000000086600000, 0x0000000086600000|100%|HS|  |TAMS 0x0000000086500000, 0x0000000086600000| Complete 
| 102|0x0000000086600000, 0x0000000086700000, 0x0000000086700000|100%| O|  |TAMS 0x0000000086700000, 0x0000000086700000| Untracked 
| 103|0x0000000086700000, 0x0000000086800000, 0x0000000086800000|100%| O|  |TAMS 0x0000000086800000, 0x0000000086800000| Untracked 
| 104|0x0000000086800000, 0x0000000086900000, 0x0000000086900000|100%| O|  |TAMS 0x0000000086900000, 0x0000000086900000| Untracked 
| 105|0x0000000086900000, 0x0000000086a00000, 0x0000000086a00000|100%|HS|  |TAMS 0x0000000086900000, 0x0000000086a00000| Complete 
| 106|0x0000000086a00000, 0x0000000086b00000, 0x0000000086b00000|100%|HC|  |TAMS 0x0000000086a00000, 0x0000000086b00000| Complete 
| 107|0x0000000086b00000, 0x0000000086c00000, 0x0000000086c00000|100%| O|  |TAMS 0x0000000086b00000, 0x0000000086c00000| Untracked 
| 108|0x0000000086c00000, 0x0000000086d00000, 0x0000000086d00000|100%| O|  |TAMS 0x0000000086d00000, 0x0000000086d00000| Untracked 
| 109|0x0000000086d00000, 0x0000000086e00000, 0x0000000086e00000|100%| O|  |TAMS 0x0000000086e00000, 0x0000000086e00000| Untracked 
| 110|0x0000000086e00000, 0x0000000086f00000, 0x0000000086f00000|100%| O|  |TAMS 0x0000000086f00000, 0x0000000086f00000| Untracked 
| 111|0x0000000086f00000, 0x0000000087000000, 0x0000000087000000|100%| O|  |TAMS 0x0000000087000000, 0x0000000087000000| Untracked 
| 112|0x0000000087000000, 0x0000000087100000, 0x0000000087100000|100%| O|  |TAMS 0x0000000087100000, 0x0000000087100000| Untracked 
| 113|0x0000000087100000, 0x0000000087200000, 0x0000000087200000|100%| O|  |TAMS 0x0000000087200000, 0x0000000087200000| Untracked 
| 114|0x0000000087200000, 0x0000000087300000, 0x0000000087300000|100%| O|  |TAMS 0x0000000087300000, 0x0000000087300000| Untracked 
| 115|0x0000000087300000, 0x0000000087400000, 0x0000000087400000|100%|HS|  |TAMS 0x0000000087300000, 0x0000000087400000| Complete 
| 116|0x0000000087400000, 0x0000000087500000, 0x0000000087500000|100%|HC|  |TAMS 0x0000000087400000, 0x0000000087500000| Complete 
| 117|0x0000000087500000, 0x0000000087600000, 0x0000000087600000|100%|HS|  |TAMS 0x0000000087500000, 0x0000000087600000| Complete 
| 118|0x0000000087600000, 0x0000000087700000, 0x0000000087700000|100%|HC|  |TAMS 0x0000000087600000, 0x0000000087700000| Complete 
| 119|0x0000000087700000, 0x0000000087800000, 0x0000000087800000|100%| O|  |TAMS 0x0000000087700000, 0x0000000087800000| Untracked 
| 120|0x0000000087800000, 0x0000000087900000, 0x0000000087900000|100%| O|  |TAMS 0x0000000087800000, 0x0000000087900000| Untracked 
| 121|0x0000000087900000, 0x0000000087a00000, 0x0000000087a00000|100%| O|  |TAMS 0x0000000087a00000, 0x0000000087a00000| Untracked 
| 122|0x0000000087a00000, 0x0000000087b00000, 0x0000000087b00000|100%| O|  |TAMS 0x0000000087b00000, 0x0000000087b00000| Untracked 
| 123|0x0000000087b00000, 0x0000000087c00000, 0x0000000087c00000|100%| O|  |TAMS 0x0000000087c00000, 0x0000000087c00000| Untracked 
| 124|0x0000000087c00000, 0x0000000087d00000, 0x0000000087d00000|100%| O|  |TAMS 0x0000000087d00000, 0x0000000087d00000| Untracked 
| 125|0x0000000087d00000, 0x0000000087e00000, 0x0000000087e00000|100%| O|  |TAMS 0x0000000087e00000, 0x0000000087e00000| Untracked 
| 126|0x0000000087e00000, 0x0000000087f00000, 0x0000000087f00000|100%| O|  |TAMS 0x0000000087f00000, 0x0000000087f00000| Untracked 
| 127|0x0000000087f00000, 0x0000000088000000, 0x0000000088000000|100%| O|  |TAMS 0x0000000088000000, 0x0000000088000000| Untracked 
| 128|0x0000000088000000, 0x0000000088100000, 0x0000000088100000|100%| O|  |TAMS 0x0000000088100000, 0x0000000088100000| Untracked 
| 129|0x0000000088100000, 0x0000000088200000, 0x0000000088200000|100%| O|  |TAMS 0x0000000088200000, 0x0000000088200000| Untracked 
| 130|0x0000000088200000, 0x0000000088300000, 0x0000000088300000|100%| O|  |TAMS 0x0000000088300000, 0x0000000088300000| Untracked 
| 131|0x0000000088300000, 0x0000000088400000, 0x0000000088400000|100%| O|  |TAMS 0x0000000088400000, 0x0000000088400000| Untracked 
| 132|0x0000000088400000, 0x0000000088500000, 0x0000000088500000|100%| O|  |TAMS 0x0000000088500000, 0x0000000088500000| Untracked 
| 133|0x0000000088500000, 0x0000000088600000, 0x0000000088600000|100%| O|  |TAMS 0x0000000088600000, 0x0000000088600000| Untracked 
| 134|0x0000000088600000, 0x0000000088700000, 0x0000000088700000|100%| O|  |TAMS 0x0000000088700000, 0x0000000088700000| Untracked 
| 135|0x0000000088700000, 0x0000000088800000, 0x0000000088800000|100%| O|  |TAMS 0x0000000088800000, 0x0000000088800000| Untracked 
| 136|0x0000000088800000, 0x0000000088900000, 0x0000000088900000|100%|HS|  |TAMS 0x0000000088800000, 0x0000000088900000| Complete 
| 137|0x0000000088900000, 0x0000000088a00000, 0x0000000088a00000|100%|HC|  |TAMS 0x0000000088900000, 0x0000000088a00000| Complete 
| 138|0x0000000088a00000, 0x0000000088b00000, 0x0000000088b00000|100%|HC|  |TAMS 0x0000000088a00000, 0x0000000088b00000| Complete 
| 139|0x0000000088b00000, 0x0000000088c00000, 0x0000000088c00000|100%| O|  |TAMS 0x0000000088b00000, 0x0000000088c00000| Untracked 
| 140|0x0000000088c00000, 0x0000000088d00000, 0x0000000088d00000|100%| O|  |TAMS 0x0000000088c00000, 0x0000000088d00000| Untracked 
| 141|0x0000000088d00000, 0x0000000088e00000, 0x0000000088e00000|100%| O|  |TAMS 0x0000000088d00000, 0x0000000088e00000| Untracked 
| 142|0x0000000088e00000, 0x0000000088f00000, 0x0000000088f00000|100%| O|  |TAMS 0x0000000088f00000, 0x0000000088f00000| Untracked 
| 143|0x0000000088f00000, 0x0000000089000000, 0x0000000089000000|100%| O|  |TAMS 0x0000000089000000, 0x0000000089000000| Untracked 
| 144|0x0000000089000000, 0x0000000089100000, 0x0000000089100000|100%| O|  |TAMS 0x0000000089100000, 0x0000000089100000| Untracked 
| 145|0x0000000089100000, 0x0000000089200000, 0x0000000089200000|100%| O|  |TAMS 0x0000000089200000, 0x0000000089200000| Untracked 
| 146|0x0000000089200000, 0x0000000089300000, 0x0000000089300000|100%| O|  |TAMS 0x0000000089300000, 0x0000000089300000| Untracked 
| 147|0x0000000089300000, 0x0000000089400000, 0x0000000089400000|100%| O|  |TAMS 0x0000000089400000, 0x0000000089400000| Untracked 
| 148|0x0000000089400000, 0x0000000089500000, 0x0000000089500000|100%| O|  |TAMS 0x0000000089500000, 0x0000000089500000| Untracked 
| 149|0x0000000089500000, 0x0000000089600000, 0x0000000089600000|100%| O|  |TAMS 0x0000000089600000, 0x0000000089600000| Untracked 
| 150|0x0000000089600000, 0x0000000089700000, 0x0000000089700000|100%| O|  |TAMS 0x000000008969da00, 0x0000000089700000| Untracked 
| 151|0x0000000089700000, 0x0000000089800000, 0x0000000089800000|100%| O|  |TAMS 0x0000000089700000, 0x0000000089800000| Untracked 
| 152|0x0000000089800000, 0x0000000089900000, 0x0000000089900000|100%| O|  |TAMS 0x0000000089800000, 0x0000000089900000| Untracked 
| 153|0x0000000089900000, 0x0000000089a00000, 0x0000000089a00000|100%| O|  |TAMS 0x0000000089900000, 0x0000000089a00000| Untracked 
| 154|0x0000000089a00000, 0x0000000089b00000, 0x0000000089b00000|100%| O|  |TAMS 0x0000000089a00000, 0x0000000089b00000| Untracked 
| 155|0x0000000089b00000, 0x0000000089b00000, 0x0000000089c00000|  0%| F|  |TAMS 0x0000000089b00000, 0x0000000089b00000| Untracked 
| 156|0x0000000089c00000, 0x0000000089c00000, 0x0000000089d00000|  0%| F|  |TAMS 0x0000000089c00000, 0x0000000089c00000| Untracked 
| 157|0x0000000089d00000, 0x0000000089d00000, 0x0000000089e00000|  0%| F|  |TAMS 0x0000000089d00000, 0x0000000089d00000| Untracked 
| 158|0x0000000089e00000, 0x0000000089f00000, 0x0000000089f00000|100%|HS|  |TAMS 0x0000000089e00000, 0x0000000089f00000| Complete 
| 159|0x0000000089f00000, 0x000000008a000000, 0x000000008a000000|100%|HC|  |TAMS 0x0000000089f00000, 0x000000008a000000| Complete 
| 160|0x000000008a000000, 0x000000008a000000, 0x000000008a100000|  0%| F|  |TAMS 0x000000008a000000, 0x000000008a000000| Untracked 
| 161|0x000000008a100000, 0x000000008a200000, 0x000000008a200000|100%|HS|  |TAMS 0x000000008a100000, 0x000000008a200000| Complete 
| 162|0x000000008a200000, 0x000000008a200000, 0x000000008a300000|  0%| F|  |TAMS 0x000000008a200000, 0x000000008a200000| Untracked 
| 163|0x000000008a300000, 0x000000008a400000, 0x000000008a400000|100%|HS|  |TAMS 0x000000008a300000, 0x000000008a400000| Complete 
| 164|0x000000008a400000, 0x000000008a500000, 0x000000008a500000|100%|HS|  |TAMS 0x000000008a400000, 0x000000008a500000| Complete 
| 165|0x000000008a500000, 0x000000008a600000, 0x000000008a600000|100%| O|  |TAMS 0x000000008a500000, 0x000000008a600000| Untracked 
| 166|0x000000008a600000, 0x000000008a700000, 0x000000008a700000|100%| O|  |TAMS 0x000000008a600000, 0x000000008a700000| Untracked 
| 167|0x000000008a700000, 0x000000008a800000, 0x000000008a800000|100%| O|  |TAMS 0x000000008a700000, 0x000000008a800000| Untracked 
| 168|0x000000008a800000, 0x000000008a865400, 0x000000008a900000| 39%| O|  |TAMS 0x000000008a800000, 0x000000008a865400| Untracked 
| 169|0x000000008a900000, 0x000000008a900000, 0x000000008aa00000|  0%| F|  |TAMS 0x000000008a900000, 0x000000008a900000| Untracked 
| 170|0x000000008aa00000, 0x000000008aa00000, 0x000000008ab00000|  0%| F|  |TAMS 0x000000008aa00000, 0x000000008aa00000| Untracked 
| 171|0x000000008ab00000, 0x000000008ab00000, 0x000000008ac00000|  0%| F|  |TAMS 0x000000008ab00000, 0x000000008ab00000| Untracked 
| 172|0x000000008ac00000, 0x000000008ac00000, 0x000000008ad00000|  0%| F|  |TAMS 0x000000008ac00000, 0x000000008ac00000| Untracked 
| 173|0x000000008ad00000, 0x000000008ad00000, 0x000000008ae00000|  0%| F|  |TAMS 0x000000008ad00000, 0x000000008ad00000| Untracked 
| 174|0x000000008ae00000, 0x000000008ae00000, 0x000000008af00000|  0%| F|  |TAMS 0x000000008ae00000, 0x000000008ae00000| Untracked 
| 175|0x000000008af00000, 0x000000008af00000, 0x000000008b000000|  0%| F|  |TAMS 0x000000008af00000, 0x000000008af00000| Untracked 
| 176|0x000000008b000000, 0x000000008b000000, 0x000000008b100000|  0%| F|  |TAMS 0x000000008b000000, 0x000000008b000000| Untracked 
| 177|0x000000008b100000, 0x000000008b100000, 0x000000008b200000|  0%| F|  |TAMS 0x000000008b100000, 0x000000008b100000| Untracked 
| 178|0x000000008b200000, 0x000000008b200000, 0x000000008b300000|  0%| F|  |TAMS 0x000000008b200000, 0x000000008b200000| Untracked 
| 179|0x000000008b300000, 0x000000008b300000, 0x000000008b400000|  0%| F|  |TAMS 0x000000008b300000, 0x000000008b300000| Untracked 
| 180|0x000000008b400000, 0x000000008b400000, 0x000000008b500000|  0%| F|  |TAMS 0x000000008b400000, 0x000000008b400000| Untracked 
| 181|0x000000008b500000, 0x000000008b500000, 0x000000008b600000|  0%| F|  |TAMS 0x000000008b500000, 0x000000008b500000| Untracked 
| 182|0x000000008b600000, 0x000000008b600000, 0x000000008b700000|  0%| F|  |TAMS 0x000000008b600000, 0x000000008b600000| Untracked 
| 183|0x000000008b700000, 0x000000008b700000, 0x000000008b800000|  0%| F|  |TAMS 0x000000008b700000, 0x000000008b700000| Untracked 
| 184|0x000000008b800000, 0x000000008b800000, 0x000000008b900000|  0%| F|  |TAMS 0x000000008b800000, 0x000000008b800000| Untracked 
| 185|0x000000008b900000, 0x000000008b900000, 0x000000008ba00000|  0%| F|  |TAMS 0x000000008b900000, 0x000000008b900000| Untracked 
| 186|0x000000008ba00000, 0x000000008ba00000, 0x000000008bb00000|  0%| F|  |TAMS 0x000000008ba00000, 0x000000008ba00000| Untracked 
| 187|0x000000008bb00000, 0x000000008bb00000, 0x000000008bc00000|  0%| F|  |TAMS 0x000000008bb00000, 0x000000008bb00000| Untracked 
| 188|0x000000008bc00000, 0x000000008bc00000, 0x000000008bd00000|  0%| F|  |TAMS 0x000000008bc00000, 0x000000008bc00000| Untracked 
| 189|0x000000008bd00000, 0x000000008bd00000, 0x000000008be00000|  0%| F|  |TAMS 0x000000008bd00000, 0x000000008bd00000| Untracked 
| 190|0x000000008be00000, 0x000000008be00000, 0x000000008bf00000|  0%| F|  |TAMS 0x000000008be00000, 0x000000008be00000| Untracked 
| 191|0x000000008bf00000, 0x000000008bf00000, 0x000000008c000000|  0%| F|  |TAMS 0x000000008bf00000, 0x000000008bf00000| Untracked 
| 192|0x000000008c000000, 0x000000008c000000, 0x000000008c100000|  0%| F|  |TAMS 0x000000008c000000, 0x000000008c000000| Untracked 
| 193|0x000000008c100000, 0x000000008c100000, 0x000000008c200000|  0%| F|  |TAMS 0x000000008c100000, 0x000000008c100000| Untracked 
| 194|0x000000008c200000, 0x000000008c200000, 0x000000008c300000|  0%| F|  |TAMS 0x000000008c200000, 0x000000008c200000| Untracked 
| 195|0x000000008c300000, 0x000000008c33c3f8, 0x000000008c400000| 23%| S|CS|TAMS 0x000000008c300000, 0x000000008c300000| Complete 
| 196|0x000000008c400000, 0x000000008c500000, 0x000000008c500000|100%| S|CS|TAMS 0x000000008c400000, 0x000000008c400000| Complete 
| 197|0x000000008c500000, 0x000000008c600000, 0x000000008c600000|100%| S|CS|TAMS 0x000000008c500000, 0x000000008c500000| Complete 
| 198|0x000000008c600000, 0x000000008c700000, 0x000000008c700000|100%| S|CS|TAMS 0x000000008c600000, 0x000000008c600000| Complete 
| 199|0x000000008c700000, 0x000000008c700000, 0x000000008c800000|  0%| F|  |TAMS 0x000000008c700000, 0x000000008c700000| Untracked 
| 200|0x000000008c800000, 0x000000008c800000, 0x000000008c900000|  0%| F|  |TAMS 0x000000008c800000, 0x000000008c800000| Untracked 
| 201|0x000000008c900000, 0x000000008c900000, 0x000000008ca00000|  0%| F|  |TAMS 0x000000008c900000, 0x000000008c900000| Untracked 
| 202|0x000000008ca00000, 0x000000008ca00000, 0x000000008cb00000|  0%| F|  |TAMS 0x000000008ca00000, 0x000000008ca00000| Untracked 
| 203|0x000000008cb00000, 0x000000008cb00000, 0x000000008cc00000|  0%| F|  |TAMS 0x000000008cb00000, 0x000000008cb00000| Untracked 
| 204|0x000000008cc00000, 0x000000008cc00000, 0x000000008cd00000|  0%| F|  |TAMS 0x000000008cc00000, 0x000000008cc00000| Untracked 
| 205|0x000000008cd00000, 0x000000008cd00000, 0x000000008ce00000|  0%| F|  |TAMS 0x000000008cd00000, 0x000000008cd00000| Untracked 
| 206|0x000000008ce00000, 0x000000008ce00000, 0x000000008cf00000|  0%| F|  |TAMS 0x000000008ce00000, 0x000000008ce00000| Untracked 
| 207|0x000000008cf00000, 0x000000008cf00000, 0x000000008d000000|  0%| F|  |TAMS 0x000000008cf00000, 0x000000008cf00000| Untracked 
| 208|0x000000008d000000, 0x000000008d000000, 0x000000008d100000|  0%| F|  |TAMS 0x000000008d000000, 0x000000008d000000| Untracked 
| 209|0x000000008d100000, 0x000000008d100000, 0x000000008d200000|  0%| F|  |TAMS 0x000000008d100000, 0x000000008d100000| Untracked 
| 210|0x000000008d200000, 0x000000008d200000, 0x000000008d300000|  0%| F|  |TAMS 0x000000008d200000, 0x000000008d200000| Untracked 
| 211|0x000000008d300000, 0x000000008d300000, 0x000000008d400000|  0%| F|  |TAMS 0x000000008d300000, 0x000000008d300000| Untracked 
| 212|0x000000008d400000, 0x000000008d400000, 0x000000008d500000|  0%| F|  |TAMS 0x000000008d400000, 0x000000008d400000| Untracked 
| 213|0x000000008d500000, 0x000000008d500000, 0x000000008d600000|  0%| F|  |TAMS 0x000000008d500000, 0x000000008d500000| Untracked 
| 214|0x000000008d600000, 0x000000008d600000, 0x000000008d700000|  0%| F|  |TAMS 0x000000008d600000, 0x000000008d600000| Untracked 
| 215|0x000000008d700000, 0x000000008d700000, 0x000000008d800000|  0%| F|  |TAMS 0x000000008d700000, 0x000000008d700000| Untracked 
| 216|0x000000008d800000, 0x000000008d800000, 0x000000008d900000|  0%| F|  |TAMS 0x000000008d800000, 0x000000008d800000| Untracked 
| 217|0x000000008d900000, 0x000000008d900000, 0x000000008da00000|  0%| F|  |TAMS 0x000000008d900000, 0x000000008d900000| Untracked 
| 218|0x000000008da00000, 0x000000008da00000, 0x000000008db00000|  0%| F|  |TAMS 0x000000008da00000, 0x000000008da00000| Untracked 
| 219|0x000000008db00000, 0x000000008db00000, 0x000000008dc00000|  0%| F|  |TAMS 0x000000008db00000, 0x000000008db00000| Untracked 

Card table byte_map: [0x000001e375290000,0x000001e375690000] _byte_map_base: 0x000001e374e90000

Marking Bits (Prev, Next): (CMBitMap*) 0x000001e36208fe28, (CMBitMap*) 0x000001e36208fe60
 Prev Bits: [0x000001e375a90000, 0x000001e377a90000)
 Next Bits: [0x000001e377a90000, 0x000001e379a90000)

Polling page: 0x000001e361830000

Metaspace:

Usage:
  Non-class:    110.17 MB capacity,   108.41 MB ( 98%) used,     1.42 MB (  1%) free+waste,   345.25 KB ( <1%) overhead. 
      Class:     16.16 MB capacity,    15.14 MB ( 94%) used,   904.10 KB (  5%) free+waste,   147.69 KB ( <1%) overhead. 
       Both:    126.34 MB capacity,   123.55 MB ( 98%) used,     2.31 MB (  2%) free+waste,   492.94 KB ( <1%) overhead. 

Virtual space:
  Non-class space:      112.00 MB reserved,     110.20 MB ( 98%) committed 
      Class space:        1.00 GB reserved,      16.25 MB (  2%) committed 
             Both:        1.11 GB reserved,     126.45 MB ( 11%) committed 

Chunk freelists:
   Non-Class:  26.00 KB
       Class:  0 bytes
        Both:  26.00 KB

MaxMetaspaceSize: 17179869184.00 GB
CompressedClassSpaceSize: 1.00 GB
Initial GC threshold: 20.80 MB
Current GC threshold: 193.04 MB
CDS: off

CodeHeap 'non-profiled nmethods': size=120000Kb used=11499Kb max_used=11499Kb free=108500Kb
 bounds [0x000001e36d630000, 0x000001e36e170000, 0x000001e374b60000]
CodeHeap 'profiled nmethods': size=120000Kb used=40182Kb max_used=40182Kb free=79817Kb
 bounds [0x000001e366100000, 0x000001e368840000, 0x000001e36d630000]
CodeHeap 'non-nmethods': size=5760Kb used=2483Kb max_used=2526Kb free=3276Kb
 bounds [0x000001e365b60000, 0x000001e365df0000, 0x000001e366100000]
 total_blobs=19193 nmethods=18199 adapters=905
 compilation: enabled
              stopped_count=0, restarted_count=0
 full_count=0

Compilation events (20 events):
Event: 2986.194 Thread 0x000001e37cd77800 nmethod 18465 0x000001e36883b390 code [0x000001e36883b540, 0x000001e36883b7f8]
Event: 2986.194 Thread 0x000001e37cd77800 18466       2       java.io.ByteArrayInputStream::close (1 bytes)
Event: 2986.194 Thread 0x000001e37cd77800 nmethod 18466 0x000001e36883b890 code [0x000001e36883ba40, 0x000001e36883bb38]
Event: 2986.194 Thread 0x000001e37cd77800 18467       2       com.android.tools.r8.dex.c::d (31 bytes)
Event: 2986.194 Thread 0x000001e37cd77800 nmethod 18467 0x000001e36883bc10 code [0x000001e36883bdc0, 0x000001e36883bee8]
Event: 2986.194 Thread 0x000001e37cd77800 18468       2       com.android.tools.r8.internal.gc::g (8 bytes)
Event: 2986.194 Thread 0x000001e37cd77800 nmethod 18468 0x000001e36883c010 code [0x000001e36883c1c0, 0x000001e36883c2e8]
Event: 2986.195 Thread 0x000001e37cd77800 18469       2       com.google.common.collect.RegularImmutableSet::iterator (8 bytes)
Event: 2986.195 Thread 0x000001e37cd77800 nmethod 18469 0x000001e36883c390 code [0x000001e36883c540, 0x000001e36883c668]
Event: 2986.195 Thread 0x000001e37cd77800 18470       2       com.google.common.collect.Iterators::forArray (9 bytes)
Event: 2986.195 Thread 0x000001e37cd77800 nmethod 18470 0x000001e36883c790 code [0x000001e36883c940, 0x000001e36883ca48]
Event: 2986.197 Thread 0x000001e37cd77800 18472       2       com.android.tools.r8.dex.c::f (34 bytes)
Event: 2986.197 Thread 0x000001e37cd77800 nmethod 18472 0x000001e36883cb10 code [0x000001e36883ccc0, 0x000001e36883cde8]
Event: 2986.197 Thread 0x000001e37cd77800 18473       2       com.android.tools.r8.internal.gc::h (8 bytes)
Event: 2986.197 Thread 0x000001e37cd77800 nmethod 18473 0x000001e36883cf10 code [0x000001e36883d0c0, 0x000001e36883d1e8]
Event: 2986.197 Thread 0x000001e37cd77800 18474       2       com.android.tools.r8.internal.gc::e (8 bytes)
Event: 2986.198 Thread 0x000001e37cd77800 nmethod 18474 0x000001e36883d290 code [0x000001e36883d440, 0x000001e36883d538]
Event: 2986.198 Thread 0x000001e37cd77800 18475       2       com.android.tools.r8.internal.bg::<init> (42 bytes)
Event: 2986.198 Thread 0x000001e37cd77800 nmethod 18475 0x000001e36883d610 code [0x000001e36883d7c0, 0x000001e36883d8b8]
Event: 2986.199 Thread 0x000001e37cd77800 18476       2       com.google.common.collect.HashBiMap::containsKey (18 bytes)

GC Heap History (20 events):
Event: 2983.984 GC heap after
{Heap after GC invocations=54 (full 0):
 garbage-first heap   total 225280K, used 156222K [0x0000000080000000, 0x0000000100000000)
  region size 1024K, 1 young (1024K), 1 survivors (1024K)
 Metaspace       used 112638K, capacity 115185K, committed 116172K, reserved 1150976K
  class space    used 13919K, capacity 14859K, committed 15104K, reserved 1048576K
}
Event: 2984.167 GC heap before
{Heap before GC invocations=54 (full 0):
 garbage-first heap   total 225280K, used 185918K [0x0000000080000000, 0x0000000100000000)
  region size 1024K, 31 young (31744K), 1 survivors (1024K)
 Metaspace       used 114799K, capacity 117362K, committed 118092K, reserved 1153024K
  class space    used 14087K, capacity 15051K, committed 15232K, reserved 1048576K
}
Event: 2984.171 GC heap after
{Heap after GC invocations=55 (full 0):
 garbage-first heap   total 225280K, used 158013K [0x0000000080000000, 0x0000000100000000)
  region size 1024K, 3 young (3072K), 3 survivors (3072K)
 Metaspace       used 114799K, capacity 117362K, committed 118092K, reserved 1153024K
  class space    used 14087K, capacity 15051K, committed 15232K, reserved 1048576K
}
Event: 2984.368 GC heap before
{Heap before GC invocations=56 (full 0):
 garbage-first heap   total 225280K, used 209213K [0x0000000080000000, 0x0000000100000000)
  region size 1024K, 33 young (33792K), 3 survivors (3072K)
 Metaspace       used 115525K, capacity 118168K, committed 118860K, reserved 1153024K
  class space    used 14133K, capacity 15084K, committed 15232K, reserved 1048576K
}
Event: 2984.371 GC heap after
{Heap after GC invocations=57 (full 0):
 garbage-first heap   total 225280K, used 147399K [0x0000000080000000, 0x0000000100000000)
  region size 1024K, 4 young (4096K), 4 survivors (4096K)
 Metaspace       used 115525K, capacity 118168K, committed 118860K, reserved 1153024K
  class space    used 14133K, capacity 15084K, committed 15232K, reserved 1048576K
}
Event: 2984.425 GC heap before
{Heap before GC invocations=57 (full 0):
 garbage-first heap   total 225280K, used 154567K [0x0000000080000000, 0x0000000100000000)
  region size 1024K, 11 young (11264K), 4 survivors (4096K)
 Metaspace       used 115667K, capacity 118296K, committed 119116K, reserved 1153024K
  class space    used 14141K, capacity 15084K, committed 15232K, reserved 1048576K
}
Event: 2984.430 GC heap after
{Heap after GC invocations=58 (full 0):
 garbage-first heap   total 225280K, used 132651K [0x0000000080000000, 0x0000000100000000)
  region size 1024K, 2 young (2048K), 2 survivors (2048K)
 Metaspace       used 115667K, capacity 118296K, committed 119116K, reserved 1153024K
  class space    used 14141K, capacity 15084K, committed 15232K, reserved 1048576K
}
Event: 2984.758 GC heap before
{Heap before GC invocations=58 (full 0):
 garbage-first heap   total 225280K, used 185899K [0x0000000080000000, 0x0000000100000000)
  region size 1024K, 43 young (44032K), 2 survivors (2048K)
 Metaspace       used 117288K, capacity 119865K, committed 120652K, reserved 1155072K
  class space    used 14313K, capacity 15261K, committed 15488K, reserved 1048576K
}
Event: 2984.762 GC heap after
{Heap after GC invocations=59 (full 0):
 garbage-first heap   total 225280K, used 132510K [0x0000000080000000, 0x0000000100000000)
  region size 1024K, 2 young (2048K), 2 survivors (2048K)
 Metaspace       used 117288K, capacity 119865K, committed 120652K, reserved 1155072K
  class space    used 14313K, capacity 15261K, committed 15488K, reserved 1048576K
}
Event: 2985.089 GC heap before
{Heap before GC invocations=59 (full 0):
 garbage-first heap   total 225280K, used 176542K [0x0000000080000000, 0x0000000100000000)
  region size 1024K, 46 young (47104K), 2 survivors (2048K)
 Metaspace       used 120194K, capacity 122856K, committed 123596K, reserved 1157120K
  class space    used 14698K, capacity 15680K, committed 15872K, reserved 1048576K
}
Event: 2985.093 GC heap after
{Heap after GC invocations=60 (full 0):
 garbage-first heap   total 225280K, used 132651K [0x0000000080000000, 0x0000000100000000)
  region size 1024K, 2 young (2048K), 2 survivors (2048K)
 Metaspace       used 120194K, capacity 122856K, committed 123596K, reserved 1157120K
  class space    used 14698K, capacity 15680K, committed 15872K, reserved 1048576K
}
Event: 2985.431 GC heap before
{Heap before GC invocations=60 (full 0):
 garbage-first heap   total 225280K, used 178731K [0x0000000080000000, 0x0000000100000000)
  region size 1024K, 48 young (49152K), 2 survivors (2048K)
 Metaspace       used 121422K, capacity 124054K, committed 124748K, reserved 1159168K
  class space    used 14826K, capacity 15793K, committed 16000K, reserved 1048576K
}
Event: 2985.436 GC heap after
{Heap after GC invocations=61 (full 0):
 garbage-first heap   total 225280K, used 136594K [0x0000000080000000, 0x0000000100000000)
  region size 1024K, 6 young (6144K), 6 survivors (6144K)
 Metaspace       used 121422K, capacity 124054K, committed 124748K, reserved 1159168K
  class space    used 14826K, capacity 15793K, committed 16000K, reserved 1048576K
}
Event: 2985.744 GC heap before
{Heap before GC invocations=61 (full 0):
 garbage-first heap   total 225280K, used 181650K [0x0000000080000000, 0x0000000100000000)
  region size 1024K, 51 young (52224K), 6 survivors (6144K)
 Metaspace       used 122392K, capacity 125109K, committed 125644K, reserved 1159168K
  class space    used 14945K, capacity 15961K, committed 16128K, reserved 1048576K
}
Event: 2985.760 GC heap after
{Heap after GC invocations=62 (full 0):
 garbage-first heap   total 225280K, used 139936K [0x0000000080000000, 0x0000000100000000)
  region size 1024K, 4 young (4096K), 4 survivors (4096K)
 Metaspace       used 122392K, capacity 125109K, committed 125644K, reserved 1159168K
  class space    used 14945K, capacity 15961K, committed 16128K, reserved 1048576K
}
Event: 2986.041 GC heap before
{Heap before GC invocations=62 (full 0):
 garbage-first heap   total 225280K, used 195232K [0x0000000080000000, 0x0000000100000000)
  region size 1024K, 48 young (49152K), 4 survivors (4096K)
 Metaspace       used 124101K, capacity 126867K, committed 127052K, reserved 1161216K
  class space    used 15161K, capacity 16214K, committed 16256K, reserved 1048576K
}
Event: 2986.046 GC heap after
{Heap after GC invocations=63 (full 0):
 garbage-first heap   total 225280K, used 158218K [0x0000000080000000, 0x0000000100000000)
  region size 1024K, 6 young (6144K), 6 survivors (6144K)
 Metaspace       used 124101K, capacity 126867K, committed 127052K, reserved 1161216K
  class space    used 15161K, capacity 16214K, committed 16256K, reserved 1048576K
}
Event: 2986.145 GC heap before
{Heap before GC invocations=63 (full 0):
 garbage-first heap   total 225280K, used 190986K [0x0000000080000000, 0x0000000100000000)
  region size 1024K, 39 young (39936K), 6 survivors (6144K)
 Metaspace       used 125482K, capacity 128342K, committed 128588K, reserved 1161216K
  class space    used 15348K, capacity 16399K, committed 16512K, reserved 1048576K
}
Event: 2986.150 GC heap after
{Heap after GC invocations=64 (full 0):
 garbage-first heap   total 225280K, used 162141K [0x0000000080000000, 0x0000000100000000)
  region size 1024K, 4 young (4096K), 4 survivors (4096K)
 Metaspace       used 125482K, capacity 128342K, committed 128588K, reserved 1161216K
  class space    used 15348K, capacity 16399K, committed 16512K, reserved 1048576K
}
Event: 2986.199 GC heap before
{Heap before GC invocations=64 (full 0):
 garbage-first heap   total 225280K, used 191837K [0x0000000080000000, 0x0000000100000000)
  region size 1024K, 25 young (25600K), 4 survivors (4096K)
 Metaspace       used 126515K, capacity 129370K, committed 129484K, reserved 1163264K
  class space    used 15500K, capacity 16552K, committed 16640K, reserved 1048576K
}

Deoptimization events (20 events):
Event: 2986.132 Thread 0x000001e305c9d800 DEOPT PACKING pc=0x000001e366f231fc sp=0x00000010103fdd70
Event: 2986.132 Thread 0x000001e305c9d800 DEOPT UNPACKING pc=0x000001e365ba9d0e sp=0x00000010103fd310 mode 0
Event: 2986.151 Thread 0x000001e305c9b800 DEOPT PACKING pc=0x000001e368729344 sp=0x00000010104fd1f0
Event: 2986.151 Thread 0x000001e305c9b800 DEOPT UNPACKING pc=0x000001e365ba9d0e sp=0x00000010104fc790 mode 0
Event: 2986.156 Thread 0x000001e305c9b800 DEOPT PACKING pc=0x000001e368729344 sp=0x00000010104fd200
Event: 2986.156 Thread 0x000001e305c9b800 DEOPT UNPACKING pc=0x000001e365ba9d0e sp=0x00000010104fc7a0 mode 0
Event: 2986.157 Thread 0x000001e305c9b800 DEOPT PACKING pc=0x000001e3685e3b2f sp=0x00000010104fd270
Event: 2986.157 Thread 0x000001e305c9b800 DEOPT UNPACKING pc=0x000001e365ba9d0e sp=0x00000010104fc738 mode 0
Event: 2986.160 Thread 0x000001e305c9b800 DEOPT PACKING pc=0x000001e368729344 sp=0x00000010104fd3c0
Event: 2986.160 Thread 0x000001e305c9b800 DEOPT UNPACKING pc=0x000001e365ba9d0e sp=0x00000010104fc960 mode 0
Event: 2986.184 Thread 0x000001e305c9b800 DEOPT PACKING pc=0x000001e368729344 sp=0x00000010104fd3c0
Event: 2986.184 Thread 0x000001e305c9b800 DEOPT UNPACKING pc=0x000001e365ba9d0e sp=0x00000010104fc960 mode 0
Event: 2986.187 Thread 0x000001e305c9b800 DEOPT PACKING pc=0x000001e368729344 sp=0x00000010104fd3e0
Event: 2986.187 Thread 0x000001e305c9b800 DEOPT UNPACKING pc=0x000001e365ba9d0e sp=0x00000010104fc980 mode 0
Event: 2986.192 Thread 0x000001e305c9b800 DEOPT PACKING pc=0x000001e368729344 sp=0x00000010104fd410
Event: 2986.192 Thread 0x000001e305c9b800 DEOPT UNPACKING pc=0x000001e365ba9d0e sp=0x00000010104fc9b0 mode 0
Event: 2986.195 Thread 0x000001e305c9b800 DEOPT PACKING pc=0x000001e368729344 sp=0x00000010104fd410
Event: 2986.195 Thread 0x000001e305c9b800 DEOPT UNPACKING pc=0x000001e365ba9d0e sp=0x00000010104fc9b0 mode 0
Event: 2986.198 Thread 0x000001e305c9b800 DEOPT PACKING pc=0x000001e368729344 sp=0x00000010104fd410
Event: 2986.198 Thread 0x000001e305c9b800 DEOPT UNPACKING pc=0x000001e365ba9d0e sp=0x00000010104fc9b0 mode 0

Classes redefined (0 events):
No events

Internal exceptions (20 events):
Event: 2985.938 Thread 0x000001e304bcc000 Exception <a 'sun/nio/fs/WindowsException'{0x000000008ca98710}> (0x000000008ca98710) thrown at [./src/hotspot/share/prims/jni.cpp, line 615]
Event: 2985.978 Thread 0x000001e308cdf800 Exception <a 'java/lang/NoSuchMethodError'{0x000000008c4e14a0}: <clinit>> (0x000000008c4e14a0) thrown at [./src/hotspot/share/prims/jni.cpp, line 1365]
Event: 2985.978 Thread 0x000001e308cdf800 Exception <a 'java/lang/NoSuchMethodError'{0x000000008c4e3548}: <clinit>> (0x000000008c4e3548) thrown at [./src/hotspot/share/prims/jni.cpp, line 1365]
Event: 2985.978 Thread 0x000001e308cdf800 Exception <a 'java/lang/NoSuchMethodError'{0x000000008c4e6be8}: <clinit>> (0x000000008c4e6be8) thrown at [./src/hotspot/share/prims/jni.cpp, line 1365]
Event: 2985.979 Thread 0x000001e308cdf800 Exception <a 'java/lang/NoSuchMethodError'{0x000000008c3443e8}: <clinit>> (0x000000008c3443e8) thrown at [./src/hotspot/share/prims/jni.cpp, line 1365]
Event: 2985.980 Thread 0x000001e308cdf800 Exception <a 'java/lang/NoSuchMethodError'{0x000000008c3460c0}: <clinit>> (0x000000008c3460c0) thrown at [./src/hotspot/share/prims/jni.cpp, line 1365]
Event: 2986.004 Thread 0x000001e305ca0000 Exception <a 'sun/nio/fs/WindowsException'{0x000000008c0ed668}> (0x000000008c0ed668) thrown at [./src/hotspot/share/prims/jni.cpp, line 615]
Event: 2986.113 Thread 0x000001e308cdf800 Exception <a 'sun/nio/fs/WindowsException'{0x000000008c36dd98}> (0x000000008c36dd98) thrown at [./src/hotspot/share/prims/jni.cpp, line 615]
Event: 2986.113 Thread 0x000001e308cdf800 Exception <a 'sun/nio/fs/WindowsException'{0x000000008c36f410}> (0x000000008c36f410) thrown at [./src/hotspot/share/prims/jni.cpp, line 615]
Event: 2986.114 Thread 0x000001e308cdf800 Exception <a 'sun/nio/fs/WindowsException'{0x000000008c36f790}> (0x000000008c36f790) thrown at [./src/hotspot/share/prims/jni.cpp, line 615]
Event: 2986.114 Thread 0x000001e308cdf800 Exception <a 'sun/nio/fs/WindowsException'{0x000000008c370de8}> (0x000000008c370de8) thrown at [./src/hotspot/share/prims/jni.cpp, line 615]
Event: 2986.114 Thread 0x000001e308cdf800 Exception <a 'sun/nio/fs/WindowsException'{0x000000008c3710b0}> (0x000000008c3710b0) thrown at [./src/hotspot/share/prims/jni.cpp, line 615]
Event: 2986.114 Thread 0x000001e308cdf800 Exception <a 'sun/nio/fs/WindowsException'{0x000000008c372720}> (0x000000008c372720) thrown at [./src/hotspot/share/prims/jni.cpp, line 615]
Event: 2986.114 Thread 0x000001e308cdf800 Exception <a 'sun/nio/fs/WindowsException'{0x000000008c372988}> (0x000000008c372988) thrown at [./src/hotspot/share/prims/jni.cpp, line 615]
Event: 2986.114 Thread 0x000001e308cdf800 Exception <a 'sun/nio/fs/WindowsException'{0x000000008c373fc8}> (0x000000008c373fc8) thrown at [./src/hotspot/share/prims/jni.cpp, line 615]
Event: 2986.122 Thread 0x000001e308cdf800 Exception <a 'java/lang/NoSuchMethodError'{0x000000008c073d08}: <clinit>> (0x000000008c073d08) thrown at [./src/hotspot/share/prims/jni.cpp, line 1365]
Event: 2986.126 Thread 0x000001e308cdf800 Exception <a 'java/lang/NoSuchMethodError'{0x000000008bf3c408}: <clinit>> (0x000000008bf3c408) thrown at [./src/hotspot/share/prims/jni.cpp, line 1365]
Event: 2986.127 Thread 0x000001e308cdf800 Exception <a 'java/lang/NoSuchMethodError'{0x000000008bf8f328}: <clinit>> (0x000000008bf8f328) thrown at [./src/hotspot/share/prims/jni.cpp, line 1365]
Event: 2986.131 Thread 0x000001e305c9b800 Exception <a 'java/lang/NoSuchMethodError'{0x000000008be76488}: 'java.lang.Object java.lang.invoke.DirectMethodHandle$Holder.invokeVirtual(java.lang.Object, java.lang.Object, int)'> (0x000000008be76488) thrown at [./src/hotspot/share/interpreter/linkResolver.cpp, line 773]
Event: 2986.188 Thread 0x000001e305ca0000 Exception <a 'java/lang/NoSuchMethodError'{0x000000008d2b00a8}: 'java.lang.Object java.lang.invoke.DirectMethodHandle$Holder.invokeStaticInit(java.lang.Object, java.lang.Object, java.lang.Object, java.lang.Object, java.lang.Object, java.lang.Object, java.lang.Object, java.lang.Object, java.lang.Object, java.lang.Object, java.lang.Object, java.lang.Object, java.lang.Object, java.lang.Object, java.lang.Object, java.lang.Object, java.lang.Object, java.lang.Object, int, java.lang.Object, java.lang.Object)'> (0

Events (20 events):
Event: 2986.190 loading class com/android/tools/r8/graph/I2 done
Event: 2986.192 loading class com/android/tools/r8/graph/d1
Event: 2986.192 loading class com/android/tools/r8/graph/d1 done
Event: 2986.192 loading class com/android/tools/r8/graph/O0
Event: 2986.192 loading class com/android/tools/r8/graph/O0 done
Event: 2986.192 loading class com/android/tools/r8/internal/sz
Event: 2986.192 loading class com/android/tools/r8/internal/sz done
Event: 2986.193 loading class com/android/tools/r8/graph/d1
Event: 2986.193 loading class com/android/tools/r8/graph/d1 done
Event: 2986.193 loading class com/android/tools/r8/graph/s
Event: 2986.193 loading class com/android/tools/r8/graph/s done
Event: 2986.193 loading class com/android/tools/r8/internal/lI
Event: 2986.193 loading class com/android/tools/r8/internal/lI done
Event: 2986.193 loading class com/android/tools/r8/internal/bg
Event: 2986.193 loading class com/android/tools/r8/internal/bg done
Event: 2986.194 loading class com/android/tools/r8/internal/zA
Event: 2986.194 loading class com/android/tools/r8/internal/zA done
Event: 2986.196 loading class com/android/builder/merge/StreamMergeAlgorithm
Event: 2986.196 loading class com/android/builder/merge/StreamMergeAlgorithm done
Event: 2986.199 Executing VM operation: G1CollectForAllocation


Dynamic libraries:
0x00007ff685680000 - 0x00007ff68568a000 	C:\Program Files\Android\Android Studio\jre\bin\java.exe
0x00007fff23e50000 - 0x00007fff24048000 	C:\Windows\SYSTEM32\ntdll.dll
0x00007fff21f10000 - 0x00007fff21fcd000 	C:\Windows\System32\KERNEL32.DLL
0x00007fff21650000 - 0x00007fff2191e000 	C:\Windows\System32\KERNELBASE.dll
0x00007fff21d00000 - 0x00007fff21e00000 	C:\Windows\System32\ucrtbase.dll
0x00007fff05c10000 - 0x00007fff05c29000 	C:\Program Files\Android\Android Studio\jre\bin\jli.dll
0x00007fff05bf0000 - 0x00007fff05c07000 	C:\Program Files\Android\Android Studio\jre\bin\VCRUNTIME140.dll
0x00007fff221e0000 - 0x00007fff22380000 	C:\Windows\System32\USER32.dll
0x00007fff21ad0000 - 0x00007fff21af2000 	C:\Windows\System32\win32u.dll
0x00007fff07230000 - 0x00007fff074ca000 	C:\Windows\WinSxS\amd64_microsoft.windows.common-controls_6595b64144ccf1df_6.0.19041.1110_none_60b5254171f9507e\COMCTL32.dll
0x00007fff239d0000 - 0x00007fff239fa000 	C:\Windows\System32\GDI32.dll
0x00007fff21fd0000 - 0x00007fff2206e000 	C:\Windows\System32\msvcrt.dll
0x00007fff219c0000 - 0x00007fff21acb000 	C:\Windows\System32\gdi32full.dll
0x00007fff21c60000 - 0x00007fff21cfd000 	C:\Windows\System32\msvcp_win.dll
0x00007fff221b0000 - 0x00007fff221e0000 	C:\Windows\System32\IMM32.DLL
0x00007fff05b50000 - 0x00007fff05bed000 	C:\Program Files\Android\Android Studio\jre\bin\msvcp140.dll
0x00007ffeb7990000 - 0x00007ffeb8475000 	C:\Program Files\Android\Android Studio\jre\bin\server\jvm.dll
0x00007fff23bb0000 - 0x00007fff23c5e000 	C:\Windows\System32\ADVAPI32.dll
0x00007fff22d80000 - 0x00007fff22e1c000 	C:\Windows\System32\sechost.dll
0x00007fff22fd0000 - 0x00007fff230f5000 	C:\Windows\System32\RPCRT4.dll
0x00007fff22800000 - 0x00007fff22808000 	C:\Windows\System32\PSAPI.DLL
0x00007fff05cd0000 - 0x00007fff05cf7000 	C:\Windows\SYSTEM32\WINMM.dll
0x00007ffef4e90000 - 0x00007ffef4e99000 	C:\Windows\SYSTEM32\WSOCK32.dll
0x00007fff12810000 - 0x00007fff1281a000 	C:\Windows\SYSTEM32\VERSION.dll
0x00007fff22c80000 - 0x00007fff22ceb000 	C:\Windows\System32\WS2_32.dll
0x00007fff1fda0000 - 0x00007fff1fdb2000 	C:\Windows\SYSTEM32\kernel.appcore.dll
0x00007fff1c9c0000 - 0x00007fff1c9d1000 	C:\Program Files\Android\Android Studio\jre\bin\verify.dll
0x00007fff1efb0000 - 0x00007fff1f194000 	C:\Windows\SYSTEM32\DBGHELP.DLL
0x00007fff0b150000 - 0x00007fff0b17c000 	C:\Windows\SYSTEM32\dbgcore.DLL
0x00007fff21570000 - 0x00007fff215f2000 	C:\Windows\System32\bcryptPrimitives.dll
0x00007ffeed320000 - 0x00007ffeed349000 	C:\Program Files\Android\Android Studio\jre\bin\java.dll
0x00007fff1c9b0000 - 0x00007fff1c9bb000 	C:\Program Files\Android\Android Studio\jre\bin\jimage.dll
0x00007ffeed300000 - 0x00007ffeed318000 	C:\Program Files\Android\Android Studio\jre\bin\zip.dll
0x00007fff231d0000 - 0x00007fff23913000 	C:\Windows\System32\SHELL32.dll
0x00007fff1f600000 - 0x00007fff1fd95000 	C:\Windows\SYSTEM32\windows.storage.dll
0x00007fff22870000 - 0x00007fff22bc4000 	C:\Windows\System32\combase.dll
0x00007fff20fd0000 - 0x00007fff21000000 	C:\Windows\SYSTEM32\Wldp.dll
0x00007fff23920000 - 0x00007fff239cd000 	C:\Windows\System32\SHCORE.dll
0x00007fff21eb0000 - 0x00007fff21f05000 	C:\Windows\System32\shlwapi.dll
0x00007fff214b0000 - 0x00007fff214cf000 	C:\Windows\SYSTEM32\profapi.dll
0x00007ffeed2e0000 - 0x00007ffeed2fa000 	C:\Program Files\Android\Android Studio\jre\bin\net.dll
0x00007fff1b3b0000 - 0x00007fff1b4ba000 	C:\Windows\SYSTEM32\WINHTTP.dll
0x00007fff20d10000 - 0x00007fff20d7a000 	C:\Windows\system32\mswsock.dll
0x00007ffeed2c0000 - 0x00007ffeed2d4000 	C:\Program Files\Android\Android Studio\jre\bin\nio.dll
0x00007fff05c40000 - 0x00007fff05c67000 	C:\Program Files\Android\gradle-7.3.3\native\e1d6ef7f7dcc3fd88c89a11ec53ec762bb8ba0a96d01ffa2cd45eb1d1d8dd5c5\windows-amd64\native-platform.dll
0x00007ffef0f00000 - 0x00007ffef1044000 	C:\Program Files\Android\gradle-7.3.3\native\5664cfc778a61ccfe75a443a1ab52a65af34e5dc3c78e0209fed803814484fcb\windows-amd64\native-platform-file-events.dll
0x00007fff077c0000 - 0x00007fff077ca000 	C:\Program Files\Android\Android Studio\jre\bin\management.dll
0x00007fff04ee0000 - 0x00007fff04eed000 	C:\Program Files\Android\Android Studio\jre\bin\management_ext.dll
0x00007fff20f20000 - 0x00007fff20f38000 	C:\Windows\SYSTEM32\CRYPTSP.dll
0x00007fff20600000 - 0x00007fff20634000 	C:\Windows\system32\rsaenh.dll
0x00007fff21920000 - 0x00007fff21947000 	C:\Windows\System32\bcrypt.dll
0x00007fff21430000 - 0x00007fff2145e000 	C:\Windows\SYSTEM32\USERENV.dll
0x00007fff20f40000 - 0x00007fff20f4c000 	C:\Windows\SYSTEM32\CRYPTBASE.dll
0x00007fff209a0000 - 0x00007fff209db000 	C:\Windows\SYSTEM32\IPHLPAPI.DLL
0x00007fff23160000 - 0x00007fff23168000 	C:\Windows\System32\NSI.dll
0x00007fff0f8a0000 - 0x00007fff0f8b7000 	C:\Windows\SYSTEM32\dhcpcsvc6.DLL
0x00007fff14cf0000 - 0x00007fff14d0d000 	C:\Windows\SYSTEM32\dhcpcsvc.DLL
0x00007fff20a00000 - 0x00007fff20aca000 	C:\Windows\SYSTEM32\DNSAPI.dll
0x00007fff20220000 - 0x00007fff20253000 	C:\Windows\SYSTEM32\ntmarta.dll

dbghelp: loaded successfully - version: 4.0.5 - missing functions: none
symbol engine: initialized successfully - sym options: 0x614 - pdb path: .;C:\Program Files\Android\Android Studio\jre\bin;C:\Windows\SYSTEM32;C:\Windows\WinSxS\amd64_microsoft.windows.common-controls_6595b64144ccf1df_6.0.19041.1110_none_60b5254171f9507e;C:\Program Files\Android\Android Studio\jre\bin\server;C:\Program Files\Android\gradle-7.3.3\native\e1d6ef7f7dcc3fd88c89a11ec53ec762bb8ba0a96d01ffa2cd45eb1d1d8dd5c5\windows-amd64;C:\Program Files\Android\gradle-7.3.3\native\5664cfc778a61ccfe75a443a1ab52a65af34e5dc3c78e0209fed803814484fcb\windows-amd64

VM Arguments:
jvm_args: --add-opens=java.base/java.util=ALL-UNNAMED --add-opens=java.base/java.lang=ALL-UNNAMED --add-opens=java.base/java.lang.invoke=ALL-UNNAMED --add-opens=java.base/java.util=ALL-UNNAMED --add-opens=java.prefs/java.util.prefs=ALL-UNNAMED --add-opens=java.prefs/java.util.prefs=ALL-UNNAMED --add-opens=java.base/java.nio.charset=ALL-UNNAMED --add-opens=java.base/java.net=ALL-UNNAMED --add-opens=java.base/java.util.concurrent.atomic=ALL-UNNAMED -Xmx2048m -Dfile.encoding=UTF-8 -Duser.country=IN -Duser.language=en -Duser.variant 
java_command: org.gradle.launcher.daemon.bootstrap.GradleDaemon 7.3.3
java_class_path (initial): C:\Program Files\Android\gradle-7.3.3\wrapper\dists\gradle-7.3.3-bin\6a41zxkdtcxs8rphpq6y0069z\gradle-7.3.3\lib\gradle-launcher-7.3.3.jar
Launcher Type: SUN_STANDARD

[Global flags]
     intx CICompilerCount                          = 4                                         {product} {ergonomic}
     uint ConcGCThreads                            = 2                                         {product} {ergonomic}
     uint G1ConcRefinementThreads                  = 8                                         {product} {ergonomic}
   size_t G1HeapRegionSize                         = 1048576                                   {product} {ergonomic}
    uintx GCDrainStackTargetSize                   = 64                                        {product} {ergonomic}
   size_t InitialHeapSize                          = 132120576                                 {product} {ergonomic}
   size_t MarkStackSize                            = 4194304                                   {product} {ergonomic}
   size_t MaxHeapSize                              = 2147483648                                {product} {command line}
   size_t MaxNewSize                               = 1287651328                                {product} {ergonomic}
   size_t MinHeapDeltaBytes                        = 1048576                                   {product} {ergonomic}
    uintx NonNMethodCodeHeapSize                   = 5836300                                {pd product} {ergonomic}
    uintx NonProfiledCodeHeapSize                  = 122910970                              {pd product} {ergonomic}
    uintx ProfiledCodeHeapSize                     = 122910970                              {pd product} {ergonomic}
    uintx ReservedCodeCacheSize                    = 251658240                              {pd product} {ergonomic}
     bool SegmentedCodeCache                       = true                                      {product} {ergonomic}
     bool UseCompressedClassPointers               = true                                 {lp64_product} {ergonomic}
     bool UseCompressedOops                        = true                                 {lp64_product} {ergonomic}
     bool UseG1GC                                  = true                                      {product} {ergonomic}
     bool UseLargePagesIndividualAllocation        = false                                  {pd product} {ergonomic}

Logging:
Log output configuration:
 #0: stdout all=warning uptime,level,tags
 #1: stderr all=off uptime,level,tags

Environment Variables:
JAVA_HOME=C:\Program Files\Java\jdk-18.0.1.1
PATH=C:\Program Files\Python310\Scripts\;C:\Program Files\Python310\;C:\Program Files\Common Files\Oracle\Java\javapath;C:\Windows\system32;C:\Windows;C:\Windows\System32\Wbem;C:\Windows\System32\WindowsPowerShell\v1.0\;C:\Windows\System32\OpenSSH\;C:\Program Files\Git\cmd;C:\Users\suraj\AppData\Local\Microsoft\WindowsApps
USERNAME=suraj
OS=Windows_NT
PROCESSOR_IDENTIFIER=Intel64 Family 6 Model 140 Stepping 1, GenuineIntel



---------------  S Y S T E M  ---------------

OS: Windows 10 , 64 bit Build 19041 (10.0.19041.1889)
OS uptime: 0 days 0:51 hours
Hyper-V role detected

CPU:total 8 (initial active 8) (4 cores per cpu, 2 threads per core) family 6 model 140 stepping 1 microcode 0x86, cmov, cx8, fxsr, mmx, sse, sse2, sse3, ssse3, sse4.1, sse4.2, popcnt, avx, avx2, aes, clmul, erms, 3dnowpref, lzcnt, ht, tsc, tscinvbit, bmi1, bmi2, adx, evex, sha, fma

Memory: 4k page, system-wide physical 7987M (465M free)
TotalPageFile size 7987M (AvailPageFile size 19M)
current process WorkingSet (physical memory assigned to process): 509M, peak: 534M
current process commit charge ("private bytes"): 619M, peak: 663M

vm_info: OpenJDK 64-Bit Server VM (11.0.12+7-b1504.28-7817840) for windows-amd64 JRE (11.0.12+7-b1504.28-7817840), built on Oct 13 2021 22:12:33 by "builder" with MS VC++ 14.0 (VS2015)

END.
