#
# There is insufficient memory for the Java Runtime Environment to continue.
# Native memory allocation (malloc) failed to allocate 1063936 bytes for Chunk::new
# Possible reasons:
#   The system is out of physical RAM or swap space
#   The process is running with CompressedOops enabled, and the Java Heap may be blocking the growth of the native heap
# Possible solutions:
#   Reduce memory load on the system
#   Increase physical memory or swap space
#   Check if swap backing store is full
#   Decrease Java heap size (-Xmx/-Xms)
#   Decrease number of Java threads
#   Decrease Java thread stack sizes (-Xss)
#   Set larger code cache with -XX:ReservedCodeCacheSize=
#   JVM is running with Unscaled Compressed Oops mode in which the Java heap is
#     placed in the first 4GB address space. The Java Heap base address is the
#     maximum limit for the native heap growth. Please use -XX:HeapBaseMinAddress
#     to set the Java Heap base and to place the Java Heap above 4GB virtual address.
# This output file may be truncated or incomplete.
#
#  Out of Memory Error (./src/hotspot/share/memory/arena.cpp:197), pid=272, tid=5196
#
# JRE version: OpenJDK Runtime Environment (11.0.12+7) (build 11.0.12+7-b1504.28-7817840)
# Java VM: OpenJDK 64-Bit Server VM (11.0.12+7-b1504.28-7817840, mixed mode, tiered, compressed oops, g1 gc, windows-amd64)
# No core dump will be written. Minidumps are not enabled by default on client versions of Windows
#

---------------  S U M M A R Y ------------

Command Line: --add-opens=java.base/java.util=ALL-UNNAMED --add-opens=java.base/java.lang=ALL-UNNAMED --add-opens=java.base/java.lang.invoke=ALL-UNNAMED --add-opens=java.base/java.util=ALL-UNNAMED --add-opens=java.prefs/java.util.prefs=ALL-UNNAMED --add-opens=java.prefs/java.util.prefs=ALL-UNNAMED --add-opens=java.base/java.nio.charset=ALL-UNNAMED --add-opens=java.base/java.net=ALL-UNNAMED --add-opens=java.base/java.util.concurrent.atomic=ALL-UNNAMED -Xmx2048m -Dfile.encoding=UTF-8 -Duser.country=IN -Duser.language=en -Duser.variant org.gradle.launcher.daemon.bootstrap.GradleDaemon 7.3.3

Host: 11th Gen Intel(R) Core(TM) i5-1135G7 @ 2.40GHz, 8 cores, 7G,  Windows 10 , 64 bit Build 19041 (10.0.19041.1889)
Time: Wed Sep 14 12:08:13 2022 India Standard Time elapsed time: 11.260750 seconds (0d 0h 0m 11s)

---------------  T H R E A D  ---------------

Current thread (0x000001da7f44d800):  JavaThread "C2 CompilerThread2" daemon [_thread_in_native, id=5196, stack(0x000000080af00000,0x000000080b000000)]


Current CompileTask:
C2:  11260 11565 %     4       com.android.tools.r8.dex.j::e @ 90 (664 bytes)

Stack: [0x000000080af00000,0x000000080b000000]
Native frames: (J=compiled Java code, j=interpreted, Vv=VM code, C=native code)
V  [jvm.dll+0x5fbcea]
V  [jvm.dll+0x731905]
V  [jvm.dll+0x732f1d]
V  [jvm.dll+0x7335d3]
V  [jvm.dll+0x247bf8]
V  [jvm.dll+0xc018c]
V  [jvm.dll+0xc06cc]
V  [jvm.dll+0x2bcc04]
V  [jvm.dll+0x5113a8]
V  [jvm.dll+0x208303]
V  [jvm.dll+0x201fe0]
V  [jvm.dll+0x1ff71f]
V  [jvm.dll+0x18868c]
V  [jvm.dll+0x20e0d7]
V  [jvm.dll+0x20c901]
V  [jvm.dll+0x6f9b7f]
V  [jvm.dll+0x6f26a5]
V  [jvm.dll+0x5fabf6]
C  [ucrtbase.dll+0x21bb2]
C  [KERNEL32.DLL+0x17034]
C  [ntdll.dll+0x526a1]


---------------  P R O C E S S  ---------------

Threads class SMR info:
_java_thread_list=0x000001da14a60f90, length=150, elements={
0x000001da6fa2d800, 0x000001da7b5e7000, 0x000001da7b5ea800, 0x000001da7b612800,
0x000001da7b616000, 0x000001da7b617000, 0x000001da7b619800, 0x000001da7b61d000,
0x000001da7bf67000, 0x000001da7c0c9000, 0x000001da7c378800, 0x000001da7dd51000,
0x000001da7e050000, 0x000001da7e4dd000, 0x000001da7e010000, 0x000001da7e9bf800,
0x000001da7cfc3000, 0x000001da7e596000, 0x000001da7f50e000, 0x000001da7e1e7000,
0x000001da7e155000, 0x000001da7e156000, 0x000001da7e154800, 0x000001da7e157000,
0x000001da7e157800, 0x000001da7e158800, 0x000001da7e15b000, 0x000001da7e159000,
0x000001da7e15a000, 0x000001da103a9000, 0x000001da103ac000, 0x000001da103ad000,
0x000001da103a9800, 0x000001da103af800, 0x000001da103ab800, 0x000001da103ad800,
0x000001da7fbc4000, 0x000001da7fbc5800, 0x000001da7fbc5000, 0x000001da7fbc0000,
0x000001da7fbc6800, 0x000001da7fbc2800, 0x000001da7fbc1000, 0x000001da7fbc3800,
0x000001da7fbc1800, 0x000001da7fa69000, 0x000001da7fa6a800, 0x000001da7fa6c800,
0x000001da7fa6e000, 0x000001da7fa6a000, 0x000001da7fa68800, 0x000001da7fa6d000,
0x000001da7fa71800, 0x000001da7fa6f000, 0x000001da7fa6f800, 0x000001da7fa70800,
0x000001da7fa6b800, 0x000001da7fa76000, 0x000001da7fa73000, 0x000001da7fa73800,
0x000001da7fa75800, 0x000001da7fa72000, 0x000001da7fa77000, 0x000001da7fa74800,
0x000001da10494800, 0x000001da10497000, 0x000001da10498000, 0x000001da10498800,
0x000001da10499800, 0x000001da1049a000, 0x000001da1049b000, 0x000001da10495800,
0x000001da1049c000, 0x000001da10496000, 0x000001da104a1000, 0x000001da1049d800,
0x000001da104a0000, 0x000001da104a1800, 0x000001da104a2800, 0x000001da1049c800,
0x000001da104a3000, 0x000001da1049e800, 0x000001da1049f000, 0x000001da7ef37800,
0x000001da7ef36800, 0x000001da7ef35000, 0x000001da7ef38800, 0x000001da7ef3a000,
0x000001da7ef3b800, 0x000001da7ef39000, 0x000001da7ef3b000, 0x000001da7ef36000,
0x000001da7ef42000, 0x000001da7ef41800, 0x000001da7ef40800, 0x000001da7ef3e000,
0x000001da7ef3c800, 0x000001da7ef3f000, 0x000001da7ef43000, 0x000001da7ef3d000,
0x000001da7ef3f800, 0x000001da7ef43800, 0x000001da1283f000, 0x000001da1283a000,
0x000001da1283d800, 0x000001da12839800, 0x000001da1283e000, 0x000001da1283b000,
0x000001da12840800, 0x000001da12840000, 0x000001da12841800, 0x000001da1283c000,
0x000001da12842800, 0x000001da1283c800, 0x000001da12843000, 0x000001da12844000,
0x000001da12845000, 0x000001da12845800, 0x000001da12846800, 0x000001da12847000,
0x000001da12848000, 0x000001da10f65000, 0x000001da7f44d800, 0x000001da10f67000,
0x000001da10f67800, 0x000001da10f69000, 0x000001da10f64800, 0x000001da10f68800,
0x000001da10f6b000, 0x000001da10f6b800, 0x000001da10f66000, 0x000001da10f70000,
0x000001da10f71800, 0x000001da10f6c800, 0x000001da10f6e000, 0x000001da10f6f000,
0x000001da10f70800, 0x000001da10f72000, 0x000001da10f73000, 0x000001da10f6d800,
0x000001da15fe2000, 0x000001da15fe2800, 0x000001da15fe3800, 0x000001da15fe0000,
0x000001da15fe5000, 0x000001da15fe1000, 0x000001da15fe4000, 0x000001da15fe6800,
0x000001da15fe6000, 0x000001da16982000
}

Java Threads: ( => current thread )
  0x000001da6fa2d800 JavaThread "main" [_thread_blocked, id=9056, stack(0x0000000809d00000,0x0000000809e00000)]
  0x000001da7b5e7000 JavaThread "Reference Handler" daemon [_thread_blocked, id=776, stack(0x000000080a400000,0x000000080a500000)]
  0x000001da7b5ea800 JavaThread "Finalizer" daemon [_thread_blocked, id=10480, stack(0x000000080a500000,0x000000080a600000)]
  0x000001da7b612800 JavaThread "Signal Dispatcher" daemon [_thread_blocked, id=9416, stack(0x000000080a600000,0x000000080a700000)]
  0x000001da7b616000 JavaThread "Attach Listener" daemon [_thread_blocked, id=11320, stack(0x000000080a700000,0x000000080a800000)]
  0x000001da7b617000 JavaThread "Service Thread" daemon [_thread_blocked, id=10848, stack(0x000000080a800000,0x000000080a900000)]
  0x000001da7b619800 JavaThread "C2 CompilerThread0" daemon [_thread_in_native, id=3252, stack(0x000000080a900000,0x000000080aa00000)]
  0x000001da7b61d000 JavaThread "C1 CompilerThread0" daemon [_thread_blocked, id=7320, stack(0x000000080aa00000,0x000000080ab00000)]
  0x000001da7bf67000 JavaThread "Sweeper thread" daemon [_thread_blocked, id=1872, stack(0x000000080ab00000,0x000000080ac00000)]
  0x000001da7c0c9000 JavaThread "Common-Cleaner" daemon [_thread_blocked, id=13888, stack(0x000000080ac00000,0x000000080ad00000)]
  0x000001da7c378800 JavaThread "C2 CompilerThread1" daemon [_thread_in_native, id=708, stack(0x000000080ae00000,0x000000080af00000)]
  0x000001da7dd51000 JavaThread "Daemon health stats" [_thread_blocked, id=2608, stack(0x000000080b200000,0x000000080b300000)]
  0x000001da7e050000 JavaThread "Incoming local TCP Connector on port 50141" [_thread_in_native, id=11352, stack(0x000000080b300000,0x000000080b400000)]
  0x000001da7e4dd000 JavaThread "Daemon periodic checks" [_thread_blocked, id=6208, stack(0x000000080b400000,0x000000080b500000)]
  0x000001da7e010000 JavaThread "Daemon" [_thread_blocked, id=13716, stack(0x000000080b500000,0x000000080b600000)]
  0x000001da7e9bf800 JavaThread "Handler for socket connection from /127.0.0.1:50141 to /127.0.0.1:50142" [_thread_in_native, id=6436, stack(0x000000080b600000,0x000000080b700000)]
  0x000001da7cfc3000 JavaThread "Cancel handler" [_thread_blocked, id=3280, stack(0x000000080b700000,0x000000080b800000)]
  0x000001da7e596000 JavaThread "Daemon worker" [_thread_blocked, id=2916, stack(0x000000080b800000,0x000000080b900000)]
  0x000001da7f50e000 JavaThread "Asynchronous log dispatcher for DefaultDaemonConnection: socket connection from /127.0.0.1:50141 to /127.0.0.1:50142" [_thread_blocked, id=904, stack(0x000000080b900000,0x000000080ba00000)]
  0x000001da7e1e7000 JavaThread "Stdin handler" [_thread_blocked, id=8632, stack(0x000000080ba00000,0x000000080bb00000)]
  0x000001da7e155000 JavaThread "Daemon client event forwarder" [_thread_blocked, id=1620, stack(0x000000080bb00000,0x000000080bc00000)]
  0x000001da7e156000 JavaThread "Cache worker for journal cache (C:\Program Files\Android\gradle-7.3.3\caches\journal-1)" [_thread_blocked, id=3656, stack(0x000000080c100000,0x000000080c200000)]
  0x000001da7e154800 JavaThread "File lock request listener" [_thread_in_native, id=736, stack(0x000000080c200000,0x000000080c300000)]
  0x000001da7e157000 JavaThread "Cache worker for file hash cache (C:\Program Files\Android\gradle-7.3.3\caches\7.3.3\fileHashes)" [_thread_blocked, id=6072, stack(0x000000080c300000,0x000000080c400000)]
  0x000001da7e157800 JavaThread "Cache worker for file hash cache (D:\ImageSlider\.gradle\7.3.3\fileHashes)" [_thread_blocked, id=11304, stack(0x000000080c500000,0x000000080c600000)]
  0x000001da7e158800 JavaThread "File watcher server" daemon [_thread_in_native, id=704, stack(0x000000080c600000,0x000000080c700000)]
  0x000001da7e15b000 JavaThread "File watcher consumer" daemon [_thread_blocked, id=6168, stack(0x000000080c700000,0x000000080c800000)]
  0x000001da7e159000 JavaThread "Cache worker for checksums cache (D:\ImageSlider\.gradle\7.3.3\checksums)" [_thread_blocked, id=4324, stack(0x000000080c800000,0x000000080c900000)]
  0x000001da7e15a000 JavaThread "Cache worker for cache directory md-supplier (C:\Program Files\Android\gradle-7.3.3\caches\7.3.3\md-supplier)" [_thread_blocked, id=2632, stack(0x000000080c900000,0x000000080ca00000)]
  0x000001da103a9000 JavaThread "Cache worker for cache directory md-rule (C:\Program Files\Android\gradle-7.3.3\caches\7.3.3\md-rule)" [_thread_blocked, id=3792, stack(0x000000080ca00000,0x000000080cb00000)]
  0x000001da103ac000 JavaThread "Cache worker for execution history cache (C:\Program Files\Android\gradle-7.3.3\caches\7.3.3\executionHistory)" [_thread_blocked, id=12596, stack(0x000000080cb00000,0x000000080cc00000)]
  0x000001da103ad000 JavaThread "jar transforms" [_thread_blocked, id=8760, stack(0x000000080cc00000,0x000000080cd00000)]
  0x000001da103a9800 JavaThread "Cache worker for file content cache (C:\Program Files\Android\gradle-7.3.3\caches\7.3.3\fileContent)" [_thread_blocked, id=1252, stack(0x000000080cd00000,0x000000080ce00000)]
  0x000001da103af800 JavaThread "jar transforms Thread 2" [_thread_blocked, id=9256, stack(0x000000080ce00000,0x000000080cf00000)]
  0x000001da103ab800 JavaThread "Cache worker for dependencies-accessors (D:\ImageSlider\.gradle\7.3.3\dependencies-accessors)" [_thread_blocked, id=5796, stack(0x000000080cf00000,0x000000080d000000)]
  0x000001da103ad800 JavaThread "jar transforms Thread 3" [_thread_blocked, id=4520, stack(0x000000080d000000,0x000000080d100000)]
  0x000001da7fbc4000 JavaThread "Cache worker for Build Output Cleanup Cache (D:\ImageSlider\.gradle\buildOutputCleanup)" [_thread_blocked, id=10148, stack(0x000000080d100000,0x000000080d200000)]
  0x000001da7fbc5800 JavaThread "Unconstrained build operations" [_thread_blocked, id=9500, stack(0x000000080d200000,0x000000080d300000)]
  0x000001da7fbc5000 JavaThread "Unconstrained build operations Thread 2" [_thread_blocked, id=4676, stack(0x000000080d300000,0x000000080d400000)]
  0x000001da7fbc0000 JavaThread "Unconstrained build operations Thread 3" [_thread_blocked, id=10924, stack(0x000000080d400000,0x000000080d500000)]
  0x000001da7fbc6800 JavaThread "Unconstrained build operations Thread 4" [_thread_blocked, id=1120, stack(0x000000080d500000,0x000000080d600000)]
  0x000001da7fbc2800 JavaThread "Unconstrained build operations Thread 5" [_thread_blocked, id=7860, stack(0x000000080d600000,0x000000080d700000)]
  0x000001da7fbc1000 JavaThread "Unconstrained build operations Thread 6" [_thread_blocked, id=10396, stack(0x000000080d700000,0x000000080d800000)]
  0x000001da7fbc3800 JavaThread "Unconstrained build operations Thread 7" [_thread_blocked, id=2108, stack(0x000000080d800000,0x000000080d900000)]
  0x000001da7fbc1800 JavaThread "Unconstrained build operations Thread 8" [_thread_blocked, id=8540, stack(0x000000080d900000,0x000000080da00000)]
  0x000001da7fa69000 JavaThread "Unconstrained build operations Thread 9" [_thread_blocked, id=10196, stack(0x000000080da00000,0x000000080db00000)]
  0x000001da7fa6a800 JavaThread "Unconstrained build operations Thread 10" [_thread_blocked, id=7676, stack(0x000000080db00000,0x000000080dc00000)]
  0x000001da7fa6c800 JavaThread "Unconstrained build operations Thread 11" [_thread_blocked, id=3504, stack(0x000000080dc00000,0x000000080dd00000)]
  0x000001da7fa6e000 JavaThread "Unconstrained build operations Thread 12" [_thread_blocked, id=916, stack(0x000000080dd00000,0x000000080de00000)]
  0x000001da7fa6a000 JavaThread "Unconstrained build operations Thread 13" [_thread_blocked, id=10300, stack(0x000000080de00000,0x000000080df00000)]
  0x000001da7fa68800 JavaThread "Unconstrained build operations Thread 14" [_thread_blocked, id=6616, stack(0x000000080df00000,0x000000080e000000)]
  0x000001da7fa6d000 JavaThread "Unconstrained build operations Thread 15" [_thread_blocked, id=8940, stack(0x000000080e000000,0x000000080e100000)]
  0x000001da7fa71800 JavaThread "Unconstrained build operations Thread 16" [_thread_blocked, id=3476, stack(0x000000080e100000,0x000000080e200000)]
  0x000001da7fa6f000 JavaThread "Unconstrained build operations Thread 17" [_thread_blocked, id=1572, stack(0x000000080e200000,0x000000080e300000)]
  0x000001da7fa6f800 JavaThread "Unconstrained build operations Thread 18" [_thread_blocked, id=13372, stack(0x000000080e300000,0x000000080e400000)]
  0x000001da7fa70800 JavaThread "Unconstrained build operations Thread 19" [_thread_blocked, id=6532, stack(0x000000080e400000,0x000000080e500000)]
  0x000001da7fa6b800 JavaThread "Unconstrained build operations Thread 20" [_thread_blocked, id=5232, stack(0x000000080e500000,0x000000080e600000)]
  0x000001da7fa76000 JavaThread "Unconstrained build operations Thread 21" [_thread_blocked, id=5800, stack(0x000000080e600000,0x000000080e700000)]
  0x000001da7fa73000 JavaThread "Unconstrained build operations Thread 22" [_thread_blocked, id=12268, stack(0x000000080e700000,0x000000080e800000)]
  0x000001da7fa73800 JavaThread "Unconstrained build operations Thread 23" [_thread_blocked, id=2820, stack(0x000000080e800000,0x000000080e900000)]
  0x000001da7fa75800 JavaThread "Unconstrained build operations Thread 24" [_thread_blocked, id=7384, stack(0x000000080e900000,0x000000080ea00000)]
  0x000001da7fa72000 JavaThread "Unconstrained build operations Thread 25" [_thread_blocked, id=9088, stack(0x000000080ea00000,0x000000080eb00000)]
  0x000001da7fa77000 JavaThread "Unconstrained build operations Thread 26" [_thread_blocked, id=11784, stack(0x000000080eb00000,0x000000080ec00000)]
  0x000001da7fa74800 JavaThread "Unconstrained build operations Thread 27" [_thread_blocked, id=13728, stack(0x000000080ec00000,0x000000080ed00000)]
  0x000001da10494800 JavaThread "Unconstrained build operations Thread 28" [_thread_blocked, id=13980, stack(0x000000080ed00000,0x000000080ee00000)]
  0x000001da10497000 JavaThread "Unconstrained build operations Thread 29" [_thread_blocked, id=10840, stack(0x000000080ee00000,0x000000080ef00000)]
  0x000001da10498000 JavaThread "Unconstrained build operations Thread 30" [_thread_blocked, id=9332, stack(0x000000080ef00000,0x000000080f000000)]
  0x000001da10498800 JavaThread "Unconstrained build operations Thread 31" [_thread_blocked, id=5756, stack(0x000000080f000000,0x000000080f100000)]
  0x000001da10499800 JavaThread "Unconstrained build operations Thread 32" [_thread_blocked, id=13516, stack(0x000000080f100000,0x000000080f200000)]
  0x000001da1049a000 JavaThread "Unconstrained build operations Thread 33" [_thread_blocked, id=6016, stack(0x000000080f200000,0x000000080f300000)]
  0x000001da1049b000 JavaThread "Unconstrained build operations Thread 34" [_thread_blocked, id=8796, stack(0x000000080f300000,0x000000080f400000)]
  0x000001da10495800 JavaThread "Unconstrained build operations Thread 35" [_thread_blocked, id=7744, stack(0x000000080f400000,0x000000080f500000)]
  0x000001da1049c000 JavaThread "Unconstrained build operations Thread 36" [_thread_blocked, id=4156, stack(0x000000080f500000,0x000000080f600000)]
  0x000001da10496000 JavaThread "Unconstrained build operations Thread 37" [_thread_blocked, id=10068, stack(0x000000080f600000,0x000000080f700000)]
  0x000001da104a1000 JavaThread "Unconstrained build operations Thread 38" [_thread_blocked, id=10668, stack(0x000000080f700000,0x000000080f800000)]
  0x000001da1049d800 JavaThread "Unconstrained build operations Thread 39" [_thread_blocked, id=8892, stack(0x000000080f800000,0x000000080f900000)]
  0x000001da104a0000 JavaThread "Unconstrained build operations Thread 40" [_thread_blocked, id=6604, stack(0x000000080f900000,0x000000080fa00000)]
  0x000001da104a1800 JavaThread "Unconstrained build operations Thread 41" [_thread_blocked, id=3596, stack(0x000000080fa00000,0x000000080fb00000)]
  0x000001da104a2800 JavaThread "Unconstrained build operations Thread 42" [_thread_blocked, id=2804, stack(0x000000080fb00000,0x000000080fc00000)]
  0x000001da1049c800 JavaThread "Unconstrained build operations Thread 43" [_thread_blocked, id=8236, stack(0x000000080fc00000,0x000000080fd00000)]
  0x000001da104a3000 JavaThread "Unconstrained build operations Thread 44" [_thread_blocked, id=1648, stack(0x000000080fd00000,0x000000080fe00000)]
  0x000001da1049e800 JavaThread "Unconstrained build operations Thread 45" [_thread_blocked, id=5092, stack(0x000000080fe00000,0x000000080ff00000)]
  0x000001da1049f000 JavaThread "Unconstrained build operations Thread 46" [_thread_blocked, id=11592, stack(0x000000080ff00000,0x0000000810000000)]
  0x000001da7ef37800 JavaThread "Unconstrained build operations Thread 47" [_thread_blocked, id=3464, stack(0x0000000810000000,0x0000000810100000)]
  0x000001da7ef36800 JavaThread "Unconstrained build operations Thread 48" [_thread_blocked, id=12360, stack(0x0000000810100000,0x0000000810200000)]
  0x000001da7ef35000 JavaThread "Unconstrained build operations Thread 49" [_thread_blocked, id=13412, stack(0x0000000810200000,0x0000000810300000)]
  0x000001da7ef38800 JavaThread "Unconstrained build operations Thread 50" [_thread_blocked, id=3208, stack(0x0000000810300000,0x0000000810400000)]
  0x000001da7ef3a000 JavaThread "Unconstrained build operations Thread 51" [_thread_blocked, id=13024, stack(0x0000000810400000,0x0000000810500000)]
  0x000001da7ef3b800 JavaThread "Unconstrained build operations Thread 52" [_thread_blocked, id=12356, stack(0x0000000810500000,0x0000000810600000)]
  0x000001da7ef39000 JavaThread "Unconstrained build operations Thread 53" [_thread_blocked, id=11988, stack(0x0000000810600000,0x0000000810700000)]
  0x000001da7ef3b000 JavaThread "Unconstrained build operations Thread 54" [_thread_blocked, id=6920, stack(0x0000000810700000,0x0000000810800000)]
  0x000001da7ef36000 JavaThread "Unconstrained build operations Thread 55" [_thread_blocked, id=6764, stack(0x0000000810800000,0x0000000810900000)]
  0x000001da7ef42000 JavaThread "Unconstrained build operations Thread 56" [_thread_blocked, id=8548, stack(0x0000000810900000,0x0000000810a00000)]
  0x000001da7ef41800 JavaThread "Unconstrained build operations Thread 57" [_thread_blocked, id=4272, stack(0x0000000810a00000,0x0000000810b00000)]
  0x000001da7ef40800 JavaThread "Unconstrained build operations Thread 58" [_thread_blocked, id=13680, stack(0x0000000810b00000,0x0000000810c00000)]
  0x000001da7ef3e000 JavaThread "Unconstrained build operations Thread 59" [_thread_blocked, id=13508, stack(0x0000000810c00000,0x0000000810d00000)]
  0x000001da7ef3c800 JavaThread "Unconstrained build operations Thread 60" [_thread_blocked, id=9708, stack(0x0000000810d00000,0x0000000810e00000)]
  0x000001da7ef3f000 JavaThread "Unconstrained build operations Thread 61" [_thread_blocked, id=3672, stack(0x0000000810e00000,0x0000000810f00000)]
  0x000001da7ef43000 JavaThread "Unconstrained build operations Thread 62" [_thread_blocked, id=5240, stack(0x0000000810f00000,0x0000000811000000)]
  0x000001da7ef3d000 JavaThread "Unconstrained build operations Thread 63" [_thread_blocked, id=4888, stack(0x0000000811000000,0x0000000811100000)]
  0x000001da7ef3f800 JavaThread "Unconstrained build operations Thread 64" [_thread_blocked, id=11244, stack(0x0000000811100000,0x0000000811200000)]
  0x000001da7ef43800 JavaThread "Unconstrained build operations Thread 65" [_thread_blocked, id=12928, stack(0x0000000811200000,0x0000000811300000)]
  0x000001da1283f000 JavaThread "Unconstrained build operations Thread 66" [_thread_blocked, id=12672, stack(0x0000000811300000,0x0000000811400000)]
  0x000001da1283a000 JavaThread "Unconstrained build operations Thread 67" [_thread_blocked, id=12112, stack(0x0000000811400000,0x0000000811500000)]
  0x000001da1283d800 JavaThread "Unconstrained build operations Thread 68" [_thread_blocked, id=12260, stack(0x0000000811500000,0x0000000811600000)]
  0x000001da12839800 JavaThread "Unconstrained build operations Thread 69" [_thread_blocked, id=10800, stack(0x0000000811600000,0x0000000811700000)]
  0x000001da1283e000 JavaThread "Unconstrained build operations Thread 70" [_thread_blocked, id=12024, stack(0x0000000811700000,0x0000000811800000)]
  0x000001da1283b000 JavaThread "Unconstrained build operations Thread 71" [_thread_blocked, id=10932, stack(0x0000000811800000,0x0000000811900000)]
  0x000001da12840800 JavaThread "Unconstrained build operations Thread 72" [_thread_blocked, id=10768, stack(0x0000000811900000,0x0000000811a00000)]
  0x000001da12840000 JavaThread "Unconstrained build operations Thread 73" [_thread_blocked, id=10764, stack(0x0000000811a00000,0x0000000811b00000)]
  0x000001da12841800 JavaThread "Unconstrained build operations Thread 74" [_thread_blocked, id=11960, stack(0x0000000811b00000,0x0000000811c00000)]
  0x000001da1283c000 JavaThread "Unconstrained build operations Thread 75" [_thread_blocked, id=14120, stack(0x0000000811c00000,0x0000000811d00000)]
  0x000001da12842800 JavaThread "Unconstrained build operations Thread 76" [_thread_blocked, id=14156, stack(0x0000000811d00000,0x0000000811e00000)]
  0x000001da1283c800 JavaThread "Unconstrained build operations Thread 77" [_thread_blocked, id=11000, stack(0x0000000811e00000,0x0000000811f00000)]
  0x000001da12843000 JavaThread "Unconstrained build operations Thread 78" [_thread_blocked, id=11916, stack(0x0000000811f00000,0x0000000812000000)]
  0x000001da12844000 JavaThread "Unconstrained build operations Thread 79" [_thread_blocked, id=11012, stack(0x0000000812000000,0x0000000812100000)]
  0x000001da12845000 JavaThread "Unconstrained build operations Thread 80" [_thread_blocked, id=14180, stack(0x0000000812100000,0x0000000812200000)]
  0x000001da12845800 JavaThread "jar transforms Thread 4" [_thread_blocked, id=14196, stack(0x0000000812200000,0x0000000812300000)]
  0x000001da12846800 JavaThread "jar transforms Thread 5" [_thread_blocked, id=14232, stack(0x0000000812300000,0x0000000812400000)]
  0x000001da12847000 JavaThread "jar transforms Thread 6" [_thread_blocked, id=14184, stack(0x0000000812400000,0x0000000812500000)]
  0x000001da12848000 JavaThread "jar transforms Thread 7" [_thread_blocked, id=12084, stack(0x0000000812500000,0x0000000812600000)]
  0x000001da10f65000 JavaThread "jar transforms Thread 8" [_thread_blocked, id=4276, stack(0x0000000812600000,0x0000000812700000)]
=>0x000001da7f44d800 JavaThread "C2 CompilerThread2" daemon [_thread_in_native, id=5196, stack(0x000000080af00000,0x000000080b000000)]
  0x000001da10f67000 JavaThread "Memory manager" [_thread_blocked, id=11020, stack(0x0000000812700000,0x0000000812800000)]
  0x000001da10f67800 JavaThread "build event listener" [_thread_blocked, id=1020, stack(0x0000000812800000,0x0000000812900000)]
  0x000001da10f69000 JavaThread "pool-3-thread-1" [_thread_blocked, id=1016, stack(0x0000000812900000,0x0000000812a00000)]
  0x000001da10f64800 JavaThread "build event listener" [_thread_blocked, id=1012, stack(0x0000000812a00000,0x0000000812b00000)]
  0x000001da10f68800 JavaThread "Execution worker for ':'" [_thread_blocked, id=1100, stack(0x0000000812b00000,0x0000000812c00000)]
  0x000001da10f6b000 JavaThread "Execution worker for ':' Thread 2" [_thread_blocked, id=1092, stack(0x0000000812c00000,0x0000000812d00000)]
  0x000001da10f6b800 JavaThread "Execution worker for ':' Thread 3" [_thread_blocked, id=1096, stack(0x0000000812d00000,0x0000000812e00000)]
  0x000001da10f66000 JavaThread "Execution worker for ':' Thread 4" [_thread_blocked, id=14256, stack(0x0000000812e00000,0x0000000812f00000)]
  0x000001da10f70000 JavaThread "Execution worker for ':' Thread 5" [_thread_blocked, id=2904, stack(0x0000000812f00000,0x0000000813000000)]
  0x000001da10f71800 JavaThread "Execution worker for ':' Thread 6" [_thread_blocked, id=3032, stack(0x0000000813000000,0x0000000813100000)]
  0x000001da10f6c800 JavaThread "Execution worker for ':' Thread 7" [_thread_blocked, id=11360, stack(0x0000000813100000,0x0000000813200000)]
  0x000001da10f6e000 JavaThread "Cache worker for execution history cache (D:\ImageSlider\.gradle\7.3.3\executionHistory)" [_thread_blocked, id=12368, stack(0x0000000813200000,0x0000000813300000)]
  0x000001da10f6f000 JavaThread "WorkerExecutor Queue" [_thread_blocked, id=8148, stack(0x0000000813300000,0x0000000813400000)]
  0x000001da10f70800 JavaThread "WorkerExecutor Queue Thread 2" [_thread_blocked, id=2868, stack(0x0000000813400000,0x0000000813500000)]
  0x000001da10f72000 JavaThread "WorkerExecutor Queue Thread 3" [_thread_blocked, id=10656, stack(0x0000000813500000,0x0000000813600000)]
  0x000001da10f73000 JavaThread "WorkerExecutor Queue Thread 4" [_thread_blocked, id=8868, stack(0x0000000813600000,0x0000000813700000)]
  0x000001da10f6d800 JavaThread "pool-4-thread-1" [_thread_blocked, id=10576, stack(0x0000000813700000,0x0000000813800000)]
  0x000001da15fe2000 JavaThread "stderr" [_thread_in_native, id=13568, stack(0x0000000813800000,0x0000000813900000)]
  0x000001da15fe2800 JavaThread "stdout" [_thread_in_native, id=13792, stack(0x0000000813900000,0x0000000813a00000)]
  0x000001da15fe3800 JavaThread "ForkJoinPool-1-worker-3" daemon [_thread_in_Java, id=4660, stack(0x0000000813a00000,0x0000000813b00000)]
  0x000001da15fe0000 JavaThread "ForkJoinPool-1-worker-5" daemon [_thread_blocked, id=2572, stack(0x0000000813b00000,0x0000000813c00000)]
  0x000001da15fe5000 JavaThread "ForkJoinPool-1-worker-7" daemon [_thread_blocked, id=10104, stack(0x0000000813c00000,0x0000000813d00000)]
  0x000001da15fe1000 JavaThread "ForkJoinPool-1-worker-9" daemon [_thread_in_Java, id=3344, stack(0x0000000813d00000,0x0000000813e00000)]
  0x000001da15fe4000 JavaThread "ForkJoinPool-1-worker-11" daemon [_thread_in_Java, id=10316, stack(0x0000000813e00000,0x0000000813f00000)]
  0x000001da15fe6800 JavaThread "ForkJoinPool-1-worker-13" daemon [_thread_in_Java, id=5308, stack(0x0000000813f00000,0x0000000814000000)]
  0x000001da15fe6000 JavaThread "ForkJoinPool-1-worker-15" daemon [_thread_in_Java, id=6216, stack(0x0000000814000000,0x0000000814100000)]
  0x000001da16982000 JavaThread "ForkJoinPool-1-worker-1" daemon [_thread_blocked, id=1412, stack(0x0000000814100000,0x0000000814200000)]

Other Threads:
  0x000001da7b5e5000 VMThread "VM Thread" [stack: 0x000000080a300000,0x000000080a400000] [id=3580]
  0x000001da7c0d7800 WatcherThread [stack: 0x000000080ad00000,0x000000080ae00000] [id=9196]
  0x000001da6fa47000 GCTaskThread "GC Thread#0" [stack: 0x0000000809e00000,0x0000000809f00000] [id=2536]
  0x000001da7d471800 GCTaskThread "GC Thread#1" [stack: 0x000000080b000000,0x000000080b100000] [id=772]
  0x000001da7c48e000 GCTaskThread "GC Thread#2" [stack: 0x000000080b100000,0x000000080b200000] [id=11392]
  0x000001da7da55000 GCTaskThread "GC Thread#3" [stack: 0x000000080bc00000,0x000000080bd00000] [id=320]
  0x000001da7d35d000 GCTaskThread "GC Thread#4" [stack: 0x000000080bd00000,0x000000080be00000] [id=12960]
  0x000001da7d35e000 GCTaskThread "GC Thread#5" [stack: 0x000000080be00000,0x000000080bf00000] [id=4572]
  0x000001da7d984800 GCTaskThread "GC Thread#6" [stack: 0x000000080bf00000,0x000000080c000000] [id=4112]
  0x000001da7d985800 GCTaskThread "GC Thread#7" [stack: 0x000000080c000000,0x000000080c100000] [id=14212]
  0x000001da6fa76800 ConcurrentGCThread "G1 Main Marker" [stack: 0x0000000809f00000,0x000000080a000000] [id=13588]
  0x000001da6fa78800 ConcurrentGCThread "G1 Conc#0" [stack: 0x000000080a000000,0x000000080a100000] [id=9668]
  0x000001da7e8cb800 ConcurrentGCThread "G1 Conc#1" [stack: 0x000000080c400000,0x000000080c500000] [id=12920]
  0x000001da7b430800 ConcurrentGCThread "G1 Refine#0" [stack: 0x000000080a100000,0x000000080a200000] [id=2436]
  0x000001da7b431000 ConcurrentGCThread "G1 Young RemSet Sampling" [stack: 0x000000080a200000,0x000000080a300000] [id=5096]

Threads with active compile tasks:
C2 CompilerThread0  11289 11529       4       com.android.tools.r8.code.y1::a (4129 bytes)
C2 CompilerThread1  11289 11806       4       com.android.tools.r8.graph.p0::<init> (203 bytes)
C2 CompilerThread2  11289 11565 %     4       com.android.tools.r8.dex.j::e @ 90 (664 bytes)

VM state:not at safepoint (normal execution)

VM Mutex/Monitor currently owned by a thread: None

Heap address: 0x0000000080000000, size: 2048 MB, Compressed Oops mode: 32-bit
Narrow klass base: 0x0000000000000000, Narrow klass shift: 3
Compressed class space size: 1073741824 Address: 0x0000000100000000

Heap:
 garbage-first heap   total 270336K, used 190026K [0x0000000080000000, 0x0000000100000000)
  region size 1024K, 35 young (35840K), 7 survivors (7168K)
 Metaspace       used 96848K, capacity 99259K, committed 99448K, reserved 1134592K
  class space    used 12678K, capacity 13573K, committed 13688K, reserved 1048576K
Heap Regions: E=young(eden), S=young(survivor), O=old, HS=humongous(starts), HC=humongous(continues), CS=collection set, F=free, A=archive, TAMS=top-at-mark-start (previous, next)
|   0|0x0000000080000000, 0x0000000080100000, 0x0000000080100000|100%| O|  |TAMS 0x0000000080100000, 0x0000000080100000| Untracked 
|   1|0x0000000080100000, 0x0000000080200000, 0x0000000080200000|100%| O|  |TAMS 0x0000000080200000, 0x0000000080200000| Untracked 
|   2|0x0000000080200000, 0x0000000080300000, 0x0000000080300000|100%| O|  |TAMS 0x0000000080300000, 0x0000000080300000| Untracked 
|   3|0x0000000080300000, 0x0000000080400000, 0x0000000080400000|100%|HS|  |TAMS 0x0000000080400000, 0x0000000080400000| Complete 
|   4|0x0000000080400000, 0x0000000080500000, 0x0000000080500000|100%|HC|  |TAMS 0x0000000080500000, 0x0000000080500000| Complete 
|   5|0x0000000080500000, 0x0000000080600000, 0x0000000080600000|100%|HC|  |TAMS 0x0000000080600000, 0x0000000080600000| Complete 
|   6|0x0000000080600000, 0x0000000080700000, 0x0000000080700000|100%| O|  |TAMS 0x0000000080700000, 0x0000000080700000| Untracked 
|   7|0x0000000080700000, 0x0000000080800000, 0x0000000080800000|100%| O|  |TAMS 0x0000000080800000, 0x0000000080800000| Untracked 
|   8|0x0000000080800000, 0x0000000080900000, 0x0000000080900000|100%| O|  |TAMS 0x0000000080900000, 0x0000000080900000| Untracked 
|   9|0x0000000080900000, 0x0000000080a00000, 0x0000000080a00000|100%| O|  |TAMS 0x0000000080a00000, 0x0000000080a00000| Untracked 
|  10|0x0000000080a00000, 0x0000000080b00000, 0x0000000080b00000|100%| O|  |TAMS 0x0000000080b00000, 0x0000000080b00000| Untracked 
|  11|0x0000000080b00000, 0x0000000080c00000, 0x0000000080c00000|100%| O|  |TAMS 0x0000000080c00000, 0x0000000080c00000| Untracked 
|  12|0x0000000080c00000, 0x0000000080d00000, 0x0000000080d00000|100%| O|  |TAMS 0x0000000080d00000, 0x0000000080d00000| Untracked 
|  13|0x0000000080d00000, 0x0000000080e00000, 0x0000000080e00000|100%| O|  |TAMS 0x0000000080e00000, 0x0000000080e00000| Untracked 
|  14|0x0000000080e00000, 0x0000000080f00000, 0x0000000080f00000|100%| O|  |TAMS 0x0000000080f00000, 0x0000000080f00000| Untracked 
|  15|0x0000000080f00000, 0x0000000081000000, 0x0000000081000000|100%| O|  |TAMS 0x0000000081000000, 0x0000000081000000| Untracked 
|  16|0x0000000081000000, 0x0000000081100000, 0x0000000081100000|100%| O|  |TAMS 0x0000000081100000, 0x0000000081100000| Untracked 
|  17|0x0000000081100000, 0x0000000081200000, 0x0000000081200000|100%| O|  |TAMS 0x0000000081200000, 0x0000000081200000| Untracked 
|  18|0x0000000081200000, 0x0000000081300000, 0x0000000081300000|100%|HS|  |TAMS 0x0000000081300000, 0x0000000081300000| Complete 
|  19|0x0000000081300000, 0x0000000081400000, 0x0000000081400000|100%| O|  |TAMS 0x0000000081400000, 0x0000000081400000| Untracked 
|  20|0x0000000081400000, 0x0000000081500000, 0x0000000081500000|100%| O|  |TAMS 0x0000000081500000, 0x0000000081500000| Untracked 
|  21|0x0000000081500000, 0x0000000081600000, 0x0000000081600000|100%| O|  |TAMS 0x0000000081600000, 0x0000000081600000| Untracked 
|  22|0x0000000081600000, 0x0000000081700000, 0x0000000081700000|100%| O|  |TAMS 0x0000000081700000, 0x0000000081700000| Untracked 
|  23|0x0000000081700000, 0x0000000081800000, 0x0000000081800000|100%| O|  |TAMS 0x0000000081800000, 0x0000000081800000| Untracked 
|  24|0x0000000081800000, 0x0000000081900000, 0x0000000081900000|100%| O|  |TAMS 0x0000000081900000, 0x0000000081900000| Untracked 
|  25|0x0000000081900000, 0x0000000081a00000, 0x0000000081a00000|100%| O|  |TAMS 0x0000000081a00000, 0x0000000081a00000| Untracked 
|  26|0x0000000081a00000, 0x0000000081b00000, 0x0000000081b00000|100%| O|  |TAMS 0x0000000081b00000, 0x0000000081b00000| Untracked 
|  27|0x0000000081b00000, 0x0000000081c00000, 0x0000000081c00000|100%| O|  |TAMS 0x0000000081c00000, 0x0000000081c00000| Untracked 
|  28|0x0000000081c00000, 0x0000000081d00000, 0x0000000081d00000|100%|HS|  |TAMS 0x0000000081d00000, 0x0000000081d00000| Complete 
|  29|0x0000000081d00000, 0x0000000081e00000, 0x0000000081e00000|100%|HS|  |TAMS 0x0000000081e00000, 0x0000000081e00000| Complete 
|  30|0x0000000081e00000, 0x0000000081f00000, 0x0000000081f00000|100%|HC|  |TAMS 0x0000000081f00000, 0x0000000081f00000| Complete 
|  31|0x0000000081f00000, 0x0000000082000000, 0x0000000082000000|100%| O|  |TAMS 0x0000000082000000, 0x0000000082000000| Untracked 
|  32|0x0000000082000000, 0x0000000082100000, 0x0000000082100000|100%| O|  |TAMS 0x0000000082100000, 0x0000000082100000| Untracked 
|  33|0x0000000082100000, 0x0000000082200000, 0x0000000082200000|100%| O|  |TAMS 0x0000000082200000, 0x0000000082200000| Untracked 
|  34|0x0000000082200000, 0x0000000082300000, 0x0000000082300000|100%| O|  |TAMS 0x0000000082300000, 0x0000000082300000| Untracked 
|  35|0x0000000082300000, 0x0000000082400000, 0x0000000082400000|100%| O|  |TAMS 0x0000000082400000, 0x0000000082400000| Untracked 
|  36|0x0000000082400000, 0x0000000082500000, 0x0000000082500000|100%| O|  |TAMS 0x0000000082500000, 0x0000000082500000| Untracked 
|  37|0x0000000082500000, 0x0000000082600000, 0x0000000082600000|100%| O|  |TAMS 0x0000000082600000, 0x0000000082600000| Untracked 
|  38|0x0000000082600000, 0x0000000082700000, 0x0000000082700000|100%| O|  |TAMS 0x0000000082700000, 0x0000000082700000| Untracked 
|  39|0x0000000082700000, 0x0000000082800000, 0x0000000082800000|100%| O|  |TAMS 0x0000000082800000, 0x0000000082800000| Untracked 
|  40|0x0000000082800000, 0x0000000082900000, 0x0000000082900000|100%| O|  |TAMS 0x0000000082900000, 0x0000000082900000| Untracked 
|  41|0x0000000082900000, 0x0000000082a00000, 0x0000000082a00000|100%| O|  |TAMS 0x0000000082a00000, 0x0000000082a00000| Untracked 
|  42|0x0000000082a00000, 0x0000000082b00000, 0x0000000082b00000|100%| O|  |TAMS 0x0000000082b00000, 0x0000000082b00000| Untracked 
|  43|0x0000000082b00000, 0x0000000082c00000, 0x0000000082c00000|100%| O|  |TAMS 0x0000000082c00000, 0x0000000082c00000| Untracked 
|  44|0x0000000082c00000, 0x0000000082d00000, 0x0000000082d00000|100%| O|  |TAMS 0x0000000082d00000, 0x0000000082d00000| Untracked 
|  45|0x0000000082d00000, 0x0000000082e00000, 0x0000000082e00000|100%| O|  |TAMS 0x0000000082e00000, 0x0000000082e00000| Untracked 
|  46|0x0000000082e00000, 0x0000000082f00000, 0x0000000082f00000|100%| O|  |TAMS 0x0000000082f00000, 0x0000000082f00000| Untracked 
|  47|0x0000000082f00000, 0x0000000083000000, 0x0000000083000000|100%| O|  |TAMS 0x0000000083000000, 0x0000000083000000| Untracked 
|  48|0x0000000083000000, 0x0000000083100000, 0x0000000083100000|100%| O|  |TAMS 0x0000000083100000, 0x0000000083100000| Untracked 
|  49|0x0000000083100000, 0x0000000083200000, 0x0000000083200000|100%| O|  |TAMS 0x0000000083200000, 0x0000000083200000| Untracked 
|  50|0x0000000083200000, 0x0000000083300000, 0x0000000083300000|100%| O|  |TAMS 0x0000000083300000, 0x0000000083300000| Untracked 
|  51|0x0000000083300000, 0x0000000083400000, 0x0000000083400000|100%| O|  |TAMS 0x0000000083400000, 0x0000000083400000| Untracked 
|  52|0x0000000083400000, 0x0000000083500000, 0x0000000083500000|100%| O|  |TAMS 0x0000000083500000, 0x0000000083500000| Untracked 
|  53|0x0000000083500000, 0x0000000083600000, 0x0000000083600000|100%| O|  |TAMS 0x0000000083600000, 0x0000000083600000| Untracked 
|  54|0x0000000083600000, 0x0000000083700000, 0x0000000083700000|100%| O|  |TAMS 0x0000000083700000, 0x0000000083700000| Untracked 
|  55|0x0000000083700000, 0x0000000083800000, 0x0000000083800000|100%| O|  |TAMS 0x0000000083800000, 0x0000000083800000| Untracked 
|  56|0x0000000083800000, 0x0000000083900000, 0x0000000083900000|100%| O|  |TAMS 0x0000000083900000, 0x0000000083900000| Untracked 
|  57|0x0000000083900000, 0x0000000083a00000, 0x0000000083a00000|100%| O|  |TAMS 0x0000000083a00000, 0x0000000083a00000| Untracked 
|  58|0x0000000083a00000, 0x0000000083b00000, 0x0000000083b00000|100%| O|  |TAMS 0x0000000083b00000, 0x0000000083b00000| Untracked 
|  59|0x0000000083b00000, 0x0000000083c00000, 0x0000000083c00000|100%| O|  |TAMS 0x0000000083c00000, 0x0000000083c00000| Untracked 
|  60|0x0000000083c00000, 0x0000000083d00000, 0x0000000083d00000|100%| O|  |TAMS 0x0000000083d00000, 0x0000000083d00000| Untracked 
|  61|0x0000000083d00000, 0x0000000083e00000, 0x0000000083e00000|100%| O|  |TAMS 0x0000000083e00000, 0x0000000083e00000| Untracked 
|  62|0x0000000083e00000, 0x0000000083f00000, 0x0000000083f00000|100%| O|  |TAMS 0x0000000083f00000, 0x0000000083f00000| Untracked 
|  63|0x0000000083f00000, 0x0000000084000000, 0x0000000084000000|100%| O|  |TAMS 0x0000000084000000, 0x0000000084000000| Untracked 
|  64|0x0000000084000000, 0x0000000084100000, 0x0000000084100000|100%| O|  |TAMS 0x0000000084100000, 0x0000000084100000| Untracked 
|  65|0x0000000084100000, 0x0000000084200000, 0x0000000084200000|100%| O|  |TAMS 0x0000000084200000, 0x0000000084200000| Untracked 
|  66|0x0000000084200000, 0x0000000084300000, 0x0000000084300000|100%| O|  |TAMS 0x0000000084300000, 0x0000000084300000| Untracked 
|  67|0x0000000084300000, 0x0000000084400000, 0x0000000084400000|100%| O|  |TAMS 0x0000000084400000, 0x0000000084400000| Untracked 
|  68|0x0000000084400000, 0x0000000084500000, 0x0000000084500000|100%| O|  |TAMS 0x0000000084500000, 0x0000000084500000| Untracked 
|  69|0x0000000084500000, 0x0000000084600000, 0x0000000084600000|100%|HS|  |TAMS 0x0000000084600000, 0x0000000084600000| Complete 
|  70|0x0000000084600000, 0x0000000084700000, 0x0000000084700000|100%|HC|  |TAMS 0x0000000084700000, 0x0000000084700000| Complete 
|  71|0x0000000084700000, 0x0000000084800000, 0x0000000084800000|100%|HS|  |TAMS 0x0000000084800000, 0x0000000084800000| Complete 
|  72|0x0000000084800000, 0x0000000084900000, 0x0000000084900000|100%|HS|  |TAMS 0x0000000084900000, 0x0000000084900000| Complete 
|  73|0x0000000084900000, 0x0000000084a00000, 0x0000000084a00000|100%|HS|  |TAMS 0x0000000084a00000, 0x0000000084a00000| Complete 
|  74|0x0000000084a00000, 0x0000000084b00000, 0x0000000084b00000|100%|HC|  |TAMS 0x0000000084b00000, 0x0000000084b00000| Complete 
|  75|0x0000000084b00000, 0x0000000084c00000, 0x0000000084c00000|100%|HS|  |TAMS 0x0000000084c00000, 0x0000000084c00000| Complete 
|  76|0x0000000084c00000, 0x0000000084d00000, 0x0000000084d00000|100%|HC|  |TAMS 0x0000000084d00000, 0x0000000084d00000| Complete 
|  77|0x0000000084d00000, 0x0000000084e00000, 0x0000000084e00000|100%|HS|  |TAMS 0x0000000084e00000, 0x0000000084e00000| Complete 
|  78|0x0000000084e00000, 0x0000000084f00000, 0x0000000084f00000|100%|HC|  |TAMS 0x0000000084f00000, 0x0000000084f00000| Complete 
|  79|0x0000000084f00000, 0x0000000085000000, 0x0000000085000000|100%|HC|  |TAMS 0x0000000085000000, 0x0000000085000000| Complete 
|  80|0x0000000085000000, 0x0000000085100000, 0x0000000085100000|100%| O|  |TAMS 0x0000000085100000, 0x0000000085100000| Untracked 
|  81|0x0000000085100000, 0x0000000085200000, 0x0000000085200000|100%|HS|  |TAMS 0x0000000085200000, 0x0000000085200000| Complete 
|  82|0x0000000085200000, 0x0000000085300000, 0x0000000085300000|100%| O|  |TAMS 0x0000000085300000, 0x0000000085300000| Untracked 
|  83|0x0000000085300000, 0x0000000085400000, 0x0000000085400000|100%|HS|  |TAMS 0x0000000085400000, 0x0000000085400000| Complete 
|  84|0x0000000085400000, 0x0000000085500000, 0x0000000085500000|100%|HC|  |TAMS 0x0000000085500000, 0x0000000085500000| Complete 
|  85|0x0000000085500000, 0x0000000085600000, 0x0000000085600000|100%| O|  |TAMS 0x0000000085600000, 0x0000000085600000| Untracked 
|  86|0x0000000085600000, 0x0000000085700000, 0x0000000085700000|100%| O|  |TAMS 0x0000000085700000, 0x0000000085700000| Untracked 
|  87|0x0000000085700000, 0x0000000085800000, 0x0000000085800000|100%| O|  |TAMS 0x0000000085800000, 0x0000000085800000| Untracked 
|  88|0x0000000085800000, 0x0000000085900000, 0x0000000085900000|100%| O|  |TAMS 0x0000000085900000, 0x0000000085900000| Untracked 
|  89|0x0000000085900000, 0x0000000085a00000, 0x0000000085a00000|100%| O|  |TAMS 0x0000000085a00000, 0x0000000085a00000| Untracked 
|  90|0x0000000085a00000, 0x0000000085b00000, 0x0000000085b00000|100%| O|  |TAMS 0x0000000085b00000, 0x0000000085b00000| Untracked 
|  91|0x0000000085b00000, 0x0000000085c00000, 0x0000000085c00000|100%| O|  |TAMS 0x0000000085c00000, 0x0000000085c00000| Untracked 
|  92|0x0000000085c00000, 0x0000000085d00000, 0x0000000085d00000|100%| O|  |TAMS 0x0000000085d00000, 0x0000000085d00000| Untracked 
|  93|0x0000000085d00000, 0x0000000085e00000, 0x0000000085e00000|100%|HS|  |TAMS 0x0000000085e00000, 0x0000000085e00000| Complete 
|  94|0x0000000085e00000, 0x0000000085f00000, 0x0000000085f00000|100%| O|  |TAMS 0x0000000085f00000, 0x0000000085f00000| Untracked 
|  95|0x0000000085f00000, 0x0000000086000000, 0x0000000086000000|100%| O|  |TAMS 0x0000000086000000, 0x0000000086000000| Untracked 
|  96|0x0000000086000000, 0x0000000086100000, 0x0000000086100000|100%| O|  |TAMS 0x0000000086100000, 0x0000000086100000| Untracked 
|  97|0x0000000086100000, 0x0000000086200000, 0x0000000086200000|100%|HS|  |TAMS 0x0000000086200000, 0x0000000086200000| Complete 
|  98|0x0000000086200000, 0x0000000086300000, 0x0000000086300000|100%|HC|  |TAMS 0x0000000086300000, 0x0000000086300000| Complete 
|  99|0x0000000086300000, 0x0000000086400000, 0x0000000086400000|100%| O|  |TAMS 0x0000000086400000, 0x0000000086400000| Untracked 
| 100|0x0000000086400000, 0x0000000086500000, 0x0000000086500000|100%| O|  |TAMS 0x0000000086500000, 0x0000000086500000| Untracked 
| 101|0x0000000086500000, 0x0000000086600000, 0x0000000086600000|100%| O|  |TAMS 0x0000000086600000, 0x0000000086600000| Untracked 
| 102|0x0000000086600000, 0x0000000086700000, 0x0000000086700000|100%| O|  |TAMS 0x0000000086700000, 0x0000000086700000| Untracked 
| 103|0x0000000086700000, 0x0000000086800000, 0x0000000086800000|100%| O|  |TAMS 0x0000000086800000, 0x0000000086800000| Untracked 
| 104|0x0000000086800000, 0x0000000086900000, 0x0000000086900000|100%| O|  |TAMS 0x0000000086900000, 0x0000000086900000| Untracked 
| 105|0x0000000086900000, 0x0000000086a00000, 0x0000000086a00000|100%| O|  |TAMS 0x0000000086a00000, 0x0000000086a00000| Untracked 
| 106|0x0000000086a00000, 0x0000000086b00000, 0x0000000086b00000|100%| O|  |TAMS 0x0000000086b00000, 0x0000000086b00000| Untracked 
| 107|0x0000000086b00000, 0x0000000086c00000, 0x0000000086c00000|100%| O|  |TAMS 0x0000000086c00000, 0x0000000086c00000| Untracked 
| 108|0x0000000086c00000, 0x0000000086d00000, 0x0000000086d00000|100%| O|  |TAMS 0x0000000086d00000, 0x0000000086d00000| Untracked 
| 109|0x0000000086d00000, 0x0000000086e00000, 0x0000000086e00000|100%| O|  |TAMS 0x0000000086e00000, 0x0000000086e00000| Untracked 
| 110|0x0000000086e00000, 0x0000000086f00000, 0x0000000086f00000|100%| O|  |TAMS 0x0000000086f00000, 0x0000000086f00000| Untracked 
| 111|0x0000000086f00000, 0x0000000087000000, 0x0000000087000000|100%|HS|  |TAMS 0x0000000087000000, 0x0000000087000000| Complete 
| 112|0x0000000087000000, 0x0000000087100000, 0x0000000087100000|100%|HC|  |TAMS 0x0000000087100000, 0x0000000087100000| Complete 
| 113|0x0000000087100000, 0x0000000087200000, 0x0000000087200000|100%| O|  |TAMS 0x0000000087200000, 0x0000000087200000| Untracked 
| 114|0x0000000087200000, 0x0000000087300000, 0x0000000087300000|100%| O|  |TAMS 0x0000000087300000, 0x0000000087300000| Untracked 
| 115|0x0000000087300000, 0x0000000087400000, 0x0000000087400000|100%| O|  |TAMS 0x0000000087300000, 0x0000000087400000| Untracked 
| 116|0x0000000087400000, 0x0000000087500000, 0x0000000087500000|100%| O|  |TAMS 0x0000000087400000, 0x0000000087500000| Untracked 
| 117|0x0000000087500000, 0x0000000087600000, 0x0000000087600000|100%|HS|  |TAMS 0x0000000087500000, 0x0000000087600000| Complete 
| 118|0x0000000087600000, 0x0000000087700000, 0x0000000087700000|100%|HS|  |TAMS 0x0000000087700000, 0x0000000087700000| Complete 
| 119|0x0000000087700000, 0x0000000087800000, 0x0000000087800000|100%|HC|  |TAMS 0x0000000087800000, 0x0000000087800000| Complete 
| 120|0x0000000087800000, 0x0000000087900000, 0x0000000087900000|100%|HC|  |TAMS 0x0000000087900000, 0x0000000087900000| Complete 
| 121|0x0000000087900000, 0x0000000087a00000, 0x0000000087a00000|100%| O|  |TAMS 0x0000000087a00000, 0x0000000087a00000| Untracked 
| 122|0x0000000087a00000, 0x0000000087b00000, 0x0000000087b00000|100%| O|  |TAMS 0x0000000087b00000, 0x0000000087b00000| Untracked 
| 123|0x0000000087b00000, 0x0000000087c00000, 0x0000000087c00000|100%| O|  |TAMS 0x0000000087c00000, 0x0000000087c00000| Untracked 
| 124|0x0000000087c00000, 0x0000000087d00000, 0x0000000087d00000|100%| O|  |TAMS 0x0000000087d00000, 0x0000000087d00000| Untracked 
| 125|0x0000000087d00000, 0x0000000087e00000, 0x0000000087e00000|100%|HS|  |TAMS 0x0000000087d00000, 0x0000000087e00000| Complete 
| 126|0x0000000087e00000, 0x0000000087f00000, 0x0000000087f00000|100%| O|  |TAMS 0x0000000087e00000, 0x0000000087f00000| Untracked 
| 127|0x0000000087f00000, 0x0000000088000000, 0x0000000088000000|100%| O|  |TAMS 0x0000000087f00000, 0x0000000088000000| Untracked 
| 128|0x0000000088000000, 0x0000000088100000, 0x0000000088100000|100%| O|  |TAMS 0x0000000088000000, 0x0000000088100000| Untracked 
| 129|0x0000000088100000, 0x0000000088200000, 0x0000000088200000|100%| O|  |TAMS 0x0000000088100000, 0x0000000088200000| Untracked 
| 130|0x0000000088200000, 0x0000000088300000, 0x0000000088300000|100%| O|  |TAMS 0x0000000088200000, 0x0000000088300000| Untracked 
| 131|0x0000000088300000, 0x0000000088400000, 0x0000000088400000|100%| O|  |TAMS 0x0000000088300000, 0x0000000088400000| Untracked 
| 132|0x0000000088400000, 0x0000000088500000, 0x0000000088500000|100%| O|  |TAMS 0x0000000088400000, 0x0000000088500000| Untracked 
| 133|0x0000000088500000, 0x0000000088600000, 0x0000000088600000|100%| O|  |TAMS 0x0000000088500000, 0x0000000088600000| Untracked 
| 134|0x0000000088600000, 0x0000000088700000, 0x0000000088700000|100%| O|  |TAMS 0x0000000088600000, 0x0000000088700000| Untracked 
| 135|0x0000000088700000, 0x0000000088800000, 0x0000000088800000|100%| O|  |TAMS 0x0000000088700000, 0x0000000088800000| Untracked 
| 136|0x0000000088800000, 0x0000000088900000, 0x0000000088900000|100%| O|  |TAMS 0x0000000088800000, 0x0000000088900000| Untracked 
| 137|0x0000000088900000, 0x0000000088a00000, 0x0000000088a00000|100%| O|  |TAMS 0x0000000088900000, 0x0000000088a00000| Untracked 
| 138|0x0000000088a00000, 0x0000000088b00000, 0x0000000088b00000|100%| O|  |TAMS 0x0000000088a00000, 0x0000000088b00000| Untracked 
| 139|0x0000000088b00000, 0x0000000088c00000, 0x0000000088c00000|100%| O|  |TAMS 0x0000000088b00000, 0x0000000088c00000| Untracked 
| 140|0x0000000088c00000, 0x0000000088d00000, 0x0000000088d00000|100%| O|  |TAMS 0x0000000088c00000, 0x0000000088d00000| Untracked 
| 141|0x0000000088d00000, 0x0000000088e00000, 0x0000000088e00000|100%| O|  |TAMS 0x0000000088d00000, 0x0000000088e00000| Untracked 
| 142|0x0000000088e00000, 0x0000000088f00000, 0x0000000088f00000|100%| O|  |TAMS 0x0000000088e00000, 0x0000000088f00000| Untracked 
| 143|0x0000000088f00000, 0x0000000089000000, 0x0000000089000000|100%| O|  |TAMS 0x0000000088f00000, 0x0000000089000000| Untracked 
| 144|0x0000000089000000, 0x0000000089100000, 0x0000000089100000|100%| O|  |TAMS 0x0000000089000000, 0x0000000089100000| Untracked 
| 145|0x0000000089100000, 0x0000000089200000, 0x0000000089200000|100%| O|  |TAMS 0x0000000089100000, 0x0000000089200000| Untracked 
| 146|0x0000000089200000, 0x0000000089300000, 0x0000000089300000|100%| O|  |TAMS 0x0000000089200000, 0x0000000089300000| Untracked 
| 147|0x0000000089300000, 0x0000000089400000, 0x0000000089400000|100%| O|  |TAMS 0x0000000089300000, 0x0000000089400000| Untracked 
| 148|0x0000000089400000, 0x0000000089500000, 0x0000000089500000|100%| O|  |TAMS 0x0000000089400000, 0x0000000089500000| Untracked 
| 149|0x0000000089500000, 0x0000000089600000, 0x0000000089600000|100%| O|  |TAMS 0x0000000089500000, 0x0000000089600000| Untracked 
| 150|0x0000000089600000, 0x0000000089700000, 0x0000000089700000|100%| O|  |TAMS 0x0000000089600000, 0x0000000089700000| Untracked 
| 151|0x0000000089700000, 0x0000000089792800, 0x0000000089800000| 57%| O|  |TAMS 0x0000000089700000, 0x0000000089792800| Untracked 
| 152|0x0000000089800000, 0x0000000089800000, 0x0000000089900000|  0%| F|  |TAMS 0x0000000089800000, 0x0000000089800000| Untracked 
| 153|0x0000000089900000, 0x0000000089900000, 0x0000000089a00000|  0%| F|  |TAMS 0x0000000089900000, 0x0000000089900000| Untracked 
| 154|0x0000000089a00000, 0x0000000089a00000, 0x0000000089b00000|  0%| F|  |TAMS 0x0000000089a00000, 0x0000000089a00000| Untracked 
| 155|0x0000000089b00000, 0x0000000089b00000, 0x0000000089c00000|  0%| F|  |TAMS 0x0000000089b00000, 0x0000000089b00000| Untracked 
| 156|0x0000000089c00000, 0x0000000089c00000, 0x0000000089d00000|  0%| F|  |TAMS 0x0000000089c00000, 0x0000000089c00000| Untracked 
| 157|0x0000000089d00000, 0x0000000089d00000, 0x0000000089e00000|  0%| F|  |TAMS 0x0000000089d00000, 0x0000000089d00000| Untracked 
| 158|0x0000000089e00000, 0x0000000089e00000, 0x0000000089f00000|  0%| F|  |TAMS 0x0000000089e00000, 0x0000000089e00000| Untracked 
| 159|0x0000000089f00000, 0x0000000089f00000, 0x000000008a000000|  0%| F|  |TAMS 0x0000000089f00000, 0x0000000089f00000| Untracked 
| 160|0x000000008a000000, 0x000000008a000000, 0x000000008a100000|  0%| F|  |TAMS 0x000000008a000000, 0x000000008a000000| Untracked 
| 161|0x000000008a100000, 0x000000008a100000, 0x000000008a200000|  0%| F|  |TAMS 0x000000008a100000, 0x000000008a100000| Untracked 
| 162|0x000000008a200000, 0x000000008a200000, 0x000000008a300000|  0%| F|  |TAMS 0x000000008a200000, 0x000000008a200000| Untracked 
| 163|0x000000008a300000, 0x000000008a300000, 0x000000008a400000|  0%| F|  |TAMS 0x000000008a300000, 0x000000008a300000| Untracked 
| 164|0x000000008a400000, 0x000000008a400000, 0x000000008a500000|  0%| F|  |TAMS 0x000000008a400000, 0x000000008a400000| Untracked 
| 165|0x000000008a500000, 0x000000008a500000, 0x000000008a600000|  0%| F|  |TAMS 0x000000008a500000, 0x000000008a500000| Untracked 
| 166|0x000000008a600000, 0x000000008a600000, 0x000000008a700000|  0%| F|  |TAMS 0x000000008a600000, 0x000000008a600000| Untracked 
| 167|0x000000008a700000, 0x000000008a700000, 0x000000008a800000|  0%| F|  |TAMS 0x000000008a700000, 0x000000008a700000| Untracked 
| 168|0x000000008a800000, 0x000000008a800000, 0x000000008a900000|  0%| F|  |TAMS 0x000000008a800000, 0x000000008a800000| Untracked 
| 169|0x000000008a900000, 0x000000008a900000, 0x000000008aa00000|  0%| F|  |TAMS 0x000000008a900000, 0x000000008a900000| Untracked 
| 170|0x000000008aa00000, 0x000000008aa00000, 0x000000008ab00000|  0%| F|  |TAMS 0x000000008aa00000, 0x000000008aa00000| Untracked 
| 171|0x000000008ab00000, 0x000000008ab00000, 0x000000008ac00000|  0%| F|  |TAMS 0x000000008ab00000, 0x000000008ab00000| Untracked 
| 172|0x000000008ac00000, 0x000000008ac00000, 0x000000008ad00000|  0%| F|  |TAMS 0x000000008ac00000, 0x000000008ac00000| Untracked 
| 173|0x000000008ad00000, 0x000000008ad00000, 0x000000008ae00000|  0%| F|  |TAMS 0x000000008ad00000, 0x000000008ad00000| Untracked 
| 174|0x000000008ae00000, 0x000000008ae00000, 0x000000008af00000|  0%| F|  |TAMS 0x000000008ae00000, 0x000000008ae00000| Untracked 
| 175|0x000000008af00000, 0x000000008af00000, 0x000000008b000000|  0%| F|  |TAMS 0x000000008af00000, 0x000000008af00000| Untracked 
| 176|0x000000008b000000, 0x000000008b000000, 0x000000008b100000|  0%| F|  |TAMS 0x000000008b000000, 0x000000008b000000| Untracked 
| 177|0x000000008b100000, 0x000000008b100000, 0x000000008b200000|  0%| F|  |TAMS 0x000000008b100000, 0x000000008b100000| Untracked 
| 178|0x000000008b200000, 0x000000008b200000, 0x000000008b300000|  0%| F|  |TAMS 0x000000008b200000, 0x000000008b200000| Untracked 
| 179|0x000000008b300000, 0x000000008b300000, 0x000000008b400000|  0%| F|  |TAMS 0x000000008b300000, 0x000000008b300000| Untracked 
| 180|0x000000008b400000, 0x000000008b400000, 0x000000008b500000|  0%| F|  |TAMS 0x000000008b400000, 0x000000008b400000| Untracked 
| 181|0x000000008b500000, 0x000000008b500000, 0x000000008b600000|  0%| F|  |TAMS 0x000000008b500000, 0x000000008b500000| Untracked 
| 182|0x000000008b600000, 0x000000008b600000, 0x000000008b700000|  0%| F|  |TAMS 0x000000008b600000, 0x000000008b600000| Untracked 
| 183|0x000000008b700000, 0x000000008b700000, 0x000000008b800000|  0%| F|  |TAMS 0x000000008b700000, 0x000000008b700000| Untracked 
| 184|0x000000008b800000, 0x000000008b800000, 0x000000008b900000|  0%| F|  |TAMS 0x000000008b800000, 0x000000008b800000| Untracked 
| 185|0x000000008b900000, 0x000000008b900000, 0x000000008ba00000|  0%| F|  |TAMS 0x000000008b900000, 0x000000008b900000| Untracked 
| 186|0x000000008ba00000, 0x000000008ba00000, 0x000000008bb00000|  0%| F|  |TAMS 0x000000008ba00000, 0x000000008ba00000| Untracked 
| 187|0x000000008bb00000, 0x000000008bb00000, 0x000000008bc00000|  0%| F|  |TAMS 0x000000008bb00000, 0x000000008bb00000| Untracked 
| 188|0x000000008bc00000, 0x000000008bc00000, 0x000000008bd00000|  0%| F|  |TAMS 0x000000008bc00000, 0x000000008bc00000| Untracked 
| 189|0x000000008bd00000, 0x000000008bd00000, 0x000000008be00000|  0%| F|  |TAMS 0x000000008bd00000, 0x000000008bd00000| Untracked 
| 190|0x000000008be00000, 0x000000008be00000, 0x000000008bf00000|  0%| F|  |TAMS 0x000000008be00000, 0x000000008be00000| Untracked 
| 191|0x000000008bf00000, 0x000000008bf00000, 0x000000008c000000|  0%| F|  |TAMS 0x000000008bf00000, 0x000000008bf00000| Untracked 
| 192|0x000000008c000000, 0x000000008c000000, 0x000000008c100000|  0%| F|  |TAMS 0x000000008c000000, 0x000000008c000000| Untracked 
| 193|0x000000008c100000, 0x000000008c100000, 0x000000008c200000|  0%| F|  |TAMS 0x000000008c100000, 0x000000008c100000| Untracked 
| 194|0x000000008c200000, 0x000000008c200000, 0x000000008c300000|  0%| F|  |TAMS 0x000000008c200000, 0x000000008c200000| Untracked 
| 195|0x000000008c300000, 0x000000008c300000, 0x000000008c400000|  0%| F|  |TAMS 0x000000008c300000, 0x000000008c300000| Untracked 
| 196|0x000000008c400000, 0x000000008c400000, 0x000000008c500000|  0%| F|  |TAMS 0x000000008c400000, 0x000000008c400000| Untracked 
| 197|0x000000008c500000, 0x000000008c500000, 0x000000008c600000|  0%| F|  |TAMS 0x000000008c500000, 0x000000008c500000| Untracked 
| 198|0x000000008c600000, 0x000000008c600000, 0x000000008c700000|  0%| F|  |TAMS 0x000000008c600000, 0x000000008c600000| Untracked 
| 199|0x000000008c700000, 0x000000008c700000, 0x000000008c800000|  0%| F|  |TAMS 0x000000008c700000, 0x000000008c700000| Untracked 
| 200|0x000000008c800000, 0x000000008c800000, 0x000000008c900000|  0%| F|  |TAMS 0x000000008c800000, 0x000000008c800000| Untracked 
| 201|0x000000008c900000, 0x000000008c900000, 0x000000008ca00000|  0%| F|  |TAMS 0x000000008c900000, 0x000000008c900000| Untracked 
| 202|0x000000008ca00000, 0x000000008ca00000, 0x000000008cb00000|  0%| F|  |TAMS 0x000000008ca00000, 0x000000008ca00000| Untracked 
| 203|0x000000008cb00000, 0x000000008cb00000, 0x000000008cc00000|  0%| F|  |TAMS 0x000000008cb00000, 0x000000008cb00000| Untracked 
| 204|0x000000008cc00000, 0x000000008cc00000, 0x000000008cd00000|  0%| F|  |TAMS 0x000000008cc00000, 0x000000008cc00000| Untracked 
| 205|0x000000008cd00000, 0x000000008cd00000, 0x000000008ce00000|  0%| F|  |TAMS 0x000000008cd00000, 0x000000008cd00000| Untracked 
| 206|0x000000008ce00000, 0x000000008ce00000, 0x000000008cf00000|  0%| F|  |TAMS 0x000000008ce00000, 0x000000008ce00000| Untracked 
| 207|0x000000008cf00000, 0x000000008cf00000, 0x000000008d000000|  0%| F|  |TAMS 0x000000008cf00000, 0x000000008cf00000| Untracked 
| 208|0x000000008d000000, 0x000000008d000000, 0x000000008d100000|  0%| F|  |TAMS 0x000000008d000000, 0x000000008d000000| Untracked 
| 209|0x000000008d100000, 0x000000008d100000, 0x000000008d200000|  0%| F|  |TAMS 0x000000008d100000, 0x000000008d100000| Untracked 
| 210|0x000000008d200000, 0x000000008d300000, 0x000000008d300000|100%| S|CS|TAMS 0x000000008d200000, 0x000000008d200000| Complete 
| 211|0x000000008d300000, 0x000000008d400000, 0x000000008d400000|100%| S|CS|TAMS 0x000000008d300000, 0x000000008d300000| Complete 
| 212|0x000000008d400000, 0x000000008d500000, 0x000000008d500000|100%| S|CS|TAMS 0x000000008d400000, 0x000000008d400000| Complete 
| 213|0x000000008d500000, 0x000000008d600000, 0x000000008d600000|100%| S|CS|TAMS 0x000000008d500000, 0x000000008d500000| Complete 
| 214|0x000000008d600000, 0x000000008d700000, 0x000000008d700000|100%| S|CS|TAMS 0x000000008d600000, 0x000000008d600000| Complete 
| 215|0x000000008d700000, 0x000000008d800000, 0x000000008d800000|100%| S|CS|TAMS 0x000000008d700000, 0x000000008d700000| Complete 
| 216|0x000000008d800000, 0x000000008d900000, 0x000000008d900000|100%| S|CS|TAMS 0x000000008d800000, 0x000000008d800000| Complete 
| 217|0x000000008d900000, 0x000000008d900000, 0x000000008da00000|  0%| F|  |TAMS 0x000000008d900000, 0x000000008d900000| Untracked 
| 218|0x000000008da00000, 0x000000008da00000, 0x000000008db00000|  0%| F|  |TAMS 0x000000008da00000, 0x000000008da00000| Untracked 
| 219|0x000000008db00000, 0x000000008db00000, 0x000000008dc00000|  0%| F|  |TAMS 0x000000008db00000, 0x000000008db00000| Untracked 
| 220|0x000000008dc00000, 0x000000008dc00000, 0x000000008dd00000|  0%| F|  |TAMS 0x000000008dc00000, 0x000000008dc00000| Untracked 
| 221|0x000000008dd00000, 0x000000008dd00000, 0x000000008de00000|  0%| F|  |TAMS 0x000000008dd00000, 0x000000008dd00000| Untracked 
| 222|0x000000008de00000, 0x000000008de00000, 0x000000008df00000|  0%| F|  |TAMS 0x000000008de00000, 0x000000008de00000| Untracked 
| 223|0x000000008df00000, 0x000000008df00000, 0x000000008e000000|  0%| F|  |TAMS 0x000000008df00000, 0x000000008df00000| Untracked 
| 224|0x000000008e000000, 0x000000008e000000, 0x000000008e100000|  0%| F|  |TAMS 0x000000008e000000, 0x000000008e000000| Untracked 
| 225|0x000000008e100000, 0x000000008e100000, 0x000000008e200000|  0%| F|  |TAMS 0x000000008e100000, 0x000000008e100000| Untracked 
| 226|0x000000008e200000, 0x000000008e200000, 0x000000008e300000|  0%| F|  |TAMS 0x000000008e200000, 0x000000008e200000| Untracked 
| 227|0x000000008e300000, 0x000000008e300000, 0x000000008e400000|  0%| F|  |TAMS 0x000000008e300000, 0x000000008e300000| Untracked 
| 228|0x000000008e400000, 0x000000008e400000, 0x000000008e500000|  0%| F|  |TAMS 0x000000008e400000, 0x000000008e400000| Untracked 
| 229|0x000000008e500000, 0x000000008e500000, 0x000000008e600000|  0%| F|  |TAMS 0x000000008e500000, 0x000000008e500000| Untracked 
| 230|0x000000008e600000, 0x000000008e600000, 0x000000008e700000|  0%| F|  |TAMS 0x000000008e600000, 0x000000008e600000| Untracked 
| 231|0x000000008e700000, 0x000000008e700000, 0x000000008e800000|  0%| F|  |TAMS 0x000000008e700000, 0x000000008e700000| Untracked 
| 232|0x000000008e800000, 0x000000008e800000, 0x000000008e900000|  0%| F|  |TAMS 0x000000008e800000, 0x000000008e800000| Untracked 
| 233|0x000000008e900000, 0x000000008e9118c0, 0x000000008ea00000|  6%| E|  |TAMS 0x000000008e900000, 0x000000008e900000| Complete 
| 234|0x000000008ea00000, 0x000000008eb00000, 0x000000008eb00000|100%| E|CS|TAMS 0x000000008ea00000, 0x000000008ea00000| Complete 
| 235|0x000000008eb00000, 0x000000008ec00000, 0x000000008ec00000|100%| E|CS|TAMS 0x000000008eb00000, 0x000000008eb00000| Complete 
| 236|0x000000008ec00000, 0x000000008ed00000, 0x000000008ed00000|100%| E|CS|TAMS 0x000000008ec00000, 0x000000008ec00000| Complete 
| 237|0x000000008ed00000, 0x000000008ee00000, 0x000000008ee00000|100%| E|CS|TAMS 0x000000008ed00000, 0x000000008ed00000| Complete 
| 238|0x000000008ee00000, 0x000000008ef00000, 0x000000008ef00000|100%| E|CS|TAMS 0x000000008ee00000, 0x000000008ee00000| Complete 
| 239|0x000000008ef00000, 0x000000008f000000, 0x000000008f000000|100%| E|CS|TAMS 0x000000008ef00000, 0x000000008ef00000| Complete 
| 240|0x000000008f000000, 0x000000008f100000, 0x000000008f100000|100%| E|CS|TAMS 0x000000008f000000, 0x000000008f000000| Complete 
| 241|0x000000008f100000, 0x000000008f200000, 0x000000008f200000|100%| E|CS|TAMS 0x000000008f100000, 0x000000008f100000| Complete 
| 242|0x000000008f200000, 0x000000008f300000, 0x000000008f300000|100%| E|CS|TAMS 0x000000008f200000, 0x000000008f200000| Complete 
| 243|0x000000008f300000, 0x000000008f400000, 0x000000008f400000|100%| E|CS|TAMS 0x000000008f300000, 0x000000008f300000| Complete 
| 244|0x000000008f400000, 0x000000008f500000, 0x000000008f500000|100%| E|CS|TAMS 0x000000008f400000, 0x000000008f400000| Complete 
| 245|0x000000008f500000, 0x000000008f600000, 0x000000008f600000|100%| E|CS|TAMS 0x000000008f500000, 0x000000008f500000| Complete 
| 246|0x000000008f600000, 0x000000008f700000, 0x000000008f700000|100%| E|CS|TAMS 0x000000008f600000, 0x000000008f600000| Complete 
| 247|0x000000008f700000, 0x000000008f800000, 0x000000008f800000|100%| E|CS|TAMS 0x000000008f700000, 0x000000008f700000| Complete 
| 248|0x000000008f800000, 0x000000008f900000, 0x000000008f900000|100%| E|CS|TAMS 0x000000008f800000, 0x000000008f800000| Complete 
| 249|0x000000008f900000, 0x000000008fa00000, 0x000000008fa00000|100%| E|CS|TAMS 0x000000008f900000, 0x000000008f900000| Complete 
| 250|0x000000008fa00000, 0x000000008fb00000, 0x000000008fb00000|100%| E|CS|TAMS 0x000000008fa00000, 0x000000008fa00000| Complete 
| 251|0x000000008fb00000, 0x000000008fc00000, 0x000000008fc00000|100%| E|CS|TAMS 0x000000008fb00000, 0x000000008fb00000| Complete 
| 252|0x000000008fc00000, 0x000000008fd00000, 0x000000008fd00000|100%| E|CS|TAMS 0x000000008fc00000, 0x000000008fc00000| Complete 
| 253|0x000000008fd00000, 0x000000008fe00000, 0x000000008fe00000|100%| E|CS|TAMS 0x000000008fd00000, 0x000000008fd00000| Complete 
| 254|0x000000008fe00000, 0x000000008ff00000, 0x000000008ff00000|100%| E|CS|TAMS 0x000000008fe00000, 0x000000008fe00000| Complete 
| 255|0x000000008ff00000, 0x0000000090000000, 0x0000000090000000|100%| E|CS|TAMS 0x000000008ff00000, 0x000000008ff00000| Complete 
| 256|0x0000000090000000, 0x0000000090100000, 0x0000000090100000|100%| E|CS|TAMS 0x0000000090000000, 0x0000000090000000| Complete 
| 257|0x0000000090100000, 0x0000000090200000, 0x0000000090200000|100%| E|CS|TAMS 0x0000000090100000, 0x0000000090100000| Complete 
| 258|0x0000000090200000, 0x0000000090300000, 0x0000000090300000|100%| E|CS|TAMS 0x0000000090200000, 0x0000000090200000| Complete 
| 259|0x0000000090300000, 0x0000000090400000, 0x0000000090400000|100%| E|CS|TAMS 0x0000000090300000, 0x0000000090300000| Complete 
| 260|0x0000000090400000, 0x0000000090500000, 0x0000000090500000|100%| E|CS|TAMS 0x0000000090400000, 0x0000000090400000| Complete 
| 261|0x0000000090500000, 0x0000000090600000, 0x0000000090600000|100%| E|CS|TAMS 0x0000000090500000, 0x0000000090500000| Complete 
| 262|0x0000000090600000, 0x0000000090700000, 0x0000000090700000|100%| E|CS|TAMS 0x0000000090600000, 0x0000000090600000| Complete 
| 263|0x0000000090700000, 0x0000000090800000, 0x0000000090800000|100%| E|CS|TAMS 0x0000000090700000, 0x0000000090700000| Complete 

Card table byte_map: [0x000001da743a0000,0x000001da747a0000] _byte_map_base: 0x000001da73fa0000

Marking Bits (Prev, Next): (CMBitMap*) 0x000001da6fa6de60, (CMBitMap*) 0x000001da6fa6de28
 Prev Bits: [0x000001da76ba0000, 0x000001da78ba0000)
 Next Bits: [0x000001da74ba0000, 0x000001da76ba0000)

Polling page: 0x000001da6dfc0000

Metaspace:

Usage:
  Non-class:     83.68 MB capacity,    82.20 MB ( 98%) used,     1.21 MB (  1%) free+waste,   278.63 KB ( <1%) overhead. 
      Class:     13.25 MB capacity,    12.38 MB ( 93%) used,   768.38 KB (  6%) free+waste,   125.75 KB ( <1%) overhead. 
       Both:     96.93 MB capacity,    94.58 MB ( 98%) used,     1.96 MB (  2%) free+waste,   404.38 KB ( <1%) overhead. 

Virtual space:
  Non-class space:       84.00 MB reserved,      83.75 MB (>99%) committed 
      Class space:        1.00 GB reserved,      13.37 MB (  1%) committed 
             Both:        1.08 GB reserved,      97.12 MB (  9%) committed 

Chunk freelists:
   Non-Class:  10.00 KB
       Class:  27.00 KB
        Both:  37.00 KB

MaxMetaspaceSize: 17179869184.00 GB
CompressedClassSpaceSize: 1.00 GB
Initial GC threshold: 20.80 MB
Current GC threshold: 158.11 MB
CDS: off

CodeHeap 'non-profiled nmethods': size=120000Kb used=7176Kb max_used=7176Kb free=112823Kb
 bounds [0x000001da07ad0000, 0x000001da081e0000, 0x000001da0f000000]
CodeHeap 'profiled nmethods': size=120000Kb used=24785Kb max_used=24785Kb free=95215Kb
 bounds [0x000001da005a0000, 0x000001da01de0000, 0x000001da07ad0000]
CodeHeap 'non-nmethods': size=5760Kb used=2417Kb max_used=2483Kb free=3342Kb
 bounds [0x000001da00000000, 0x000001da00280000, 0x000001da005a0000]
 total_blobs=12748 nmethods=11824 adapters=836
 compilation: enabled
              stopped_count=0, restarted_count=0
 full_count=0

Compilation events (20 events):
Event: 11.239 Thread 0x000001da7c378800 nmethod 11850 0x000001da081cb810 code [0x000001da081cb9c0, 0x000001da081cba68]
Event: 11.239 Thread 0x000001da7c378800 11848       4       com.android.tools.r8.graph.e0::<init> (45 bytes)
Event: 11.240 Thread 0x000001da7b61d000 11860       2       com.android.tools.r8.dex.j$$Lambda$1233/0x0000000100b7b040::get (8 bytes)
Event: 11.240 Thread 0x000001da7b61d000 nmethod 11860 0x000001da01dc9610 code [0x000001da01dc97c0, 0x000001da01dc9988]
Event: 11.244 Thread 0x000001da7b61d000 11866       2       com.android.tools.r8.graph.M2::f (64 bytes)
Event: 11.244 Thread 0x000001da7b61d000 nmethod 11866 0x000001da01dc9a90 code [0x000001da01dc9ca0, 0x000001da01dca018]
Event: 11.247 Thread 0x000001da7b61d000 11868       3       com.android.tools.r8.dex.j::b (211 bytes)
Event: 11.249 Thread 0x000001da7b61d000 nmethod 11868 0x000001da01dca210 code [0x000001da01dca5c0, 0x000001da01dcc018]
Event: 11.249 Thread 0x000001da7b61d000 11869       2       com.android.tools.r8.internal.aH::<init> (88 bytes)
Event: 11.250 Thread 0x000001da7b61d000 nmethod 11869 0x000001da01dcca90 code [0x000001da01dcccc0, 0x000001da01dcd248]
Event: 11.250 Thread 0x000001da7b61d000 11870       2       com.android.tools.r8.code.r3::<init> (8 bytes)
Event: 11.251 Thread 0x000001da7b61d000 nmethod 11870 0x000001da01dcd410 code [0x000001da01dcd5e0, 0x000001da01dcd828]
Event: 11.252 Thread 0x000001da7c378800 nmethod 11848 0x000001da081cbb10 code [0x000001da081cbcc0, 0x000001da081cc3b8]
Event: 11.252 Thread 0x000001da7c378800 11855       4       com.android.tools.r8.code.E0::<init> (51 bytes)
Event: 11.252 Thread 0x000001da7b61d000 11871       2       com.android.tools.r8.graph.i1$a::g0 (2 bytes)
Event: 11.252 Thread 0x000001da7b61d000 nmethod 11871 0x000001da01dcda10 code [0x000001da01dcdbc0, 0x000001da01dcdcb8]
Event: 11.253 Thread 0x000001da7c378800 nmethod 11855 0x000001da081cc790 code [0x000001da081cc920, 0x000001da081cca18]
Event: 11.253 Thread 0x000001da7c378800 11849       4       com.android.tools.r8.graph.e0::d0 (31 bytes)
Event: 11.257 Thread 0x000001da7b61d000 11872       2       com.android.tools.r8.graph.d1::g (24 bytes)
Event: 11.258 Thread 0x000001da7b61d000 nmethod 11872 0x000001da01dcdd90 code [0x000001da01dcdf60, 0x000001da01dce128]

GC Heap History (20 events):
Event: 8.573 GC heap before
{Heap before GC invocations=18 (full 0):
 garbage-first heap   total 187392K, used 126733K [0x0000000080000000, 0x0000000100000000)
  region size 1024K, 74 young (75776K), 9 survivors (9216K)
 Metaspace       used 80673K, capacity 82493K, committed 82680K, reserved 1120256K
  class space    used 10509K, capacity 11194K, committed 11256K, reserved 1048576K
}
Event: 8.585 GC heap after
{Heap after GC invocations=19 (full 0):
 garbage-first heap   total 187392K, used 66399K [0x0000000080000000, 0x0000000100000000)
  region size 1024K, 10 young (10240K), 10 survivors (10240K)
 Metaspace       used 80673K, capacity 82493K, committed 82680K, reserved 1120256K
  class space    used 10509K, capacity 11194K, committed 11256K, reserved 1048576K
}
Event: 9.134 GC heap before
{Heap before GC invocations=19 (full 0):
 garbage-first heap   total 187392K, used 130911K [0x0000000080000000, 0x0000000100000000)
  region size 1024K, 74 young (75776K), 10 survivors (10240K)
 Metaspace       used 84140K, capacity 86310K, committed 86392K, reserved 1124352K
  class space    used 10977K, capacity 11822K, committed 11896K, reserved 1048576K
}
Event: 9.143 GC heap after
{Heap after GC invocations=20 (full 0):
 garbage-first heap   total 187392K, used 71131K [0x0000000080000000, 0x0000000100000000)
  region size 1024K, 5 young (5120K), 5 survivors (5120K)
 Metaspace       used 84140K, capacity 86310K, committed 86392K, reserved 1124352K
  class space    used 10977K, capacity 11822K, committed 11896K, reserved 1048576K
}
Event: 9.697 GC heap before
{Heap before GC invocations=20 (full 0):
 garbage-first heap   total 187392K, used 135643K [0x0000000080000000, 0x0000000100000000)
  region size 1024K, 69 young (70656K), 5 survivors (5120K)
 Metaspace       used 85664K, capacity 87952K, committed 88056K, reserved 1126400K
  class space    used 11134K, capacity 11989K, committed 12024K, reserved 1048576K
}
Event: 9.705 GC heap after
{Heap after GC invocations=21 (full 0):
 garbage-first heap   total 225280K, used 75574K [0x0000000080000000, 0x0000000100000000)
  region size 1024K, 9 young (9216K), 9 survivors (9216K)
 Metaspace       used 85664K, capacity 87952K, committed 88056K, reserved 1126400K
  class space    used 11134K, capacity 11989K, committed 12024K, reserved 1048576K
}
Event: 10.086 GC heap before
{Heap before GC invocations=21 (full 0):
 garbage-first heap   total 225280K, used 157494K [0x0000000080000000, 0x0000000100000000)
  region size 1024K, 90 young (92160K), 9 survivors (9216K)
 Metaspace       used 88961K, capacity 91273K, committed 91640K, reserved 1128448K
  class space    used 11547K, capacity 12401K, committed 12536K, reserved 1048576K
}
Event: 10.098 GC heap after
{Heap after GC invocations=22 (full 0):
 garbage-first heap   total 225280K, used 80537K [0x0000000080000000, 0x0000000100000000)
  region size 1024K, 10 young (10240K), 10 survivors (10240K)
 Metaspace       used 88961K, capacity 91273K, committed 91640K, reserved 1128448K
  class space    used 11547K, capacity 12401K, committed 12536K, reserved 1048576K
}
Event: 10.454 GC heap before
{Heap before GC invocations=22 (full 0):
 garbage-first heap   total 225280K, used 180889K [0x0000000080000000, 0x0000000100000000)
  region size 1024K, 93 young (95232K), 10 survivors (10240K)
 Metaspace       used 93689K, capacity 96032K, committed 96248K, reserved 1132544K
  class space    used 12144K, capacity 13000K, committed 13048K, reserved 1048576K
}
Event: 10.467 GC heap after
{Heap after GC invocations=23 (full 0):
 garbage-first heap   total 225280K, used 103861K [0x0000000080000000, 0x0000000100000000)
  region size 1024K, 12 young (12288K), 12 survivors (12288K)
 Metaspace       used 93689K, capacity 96032K, committed 96248K, reserved 1132544K
  class space    used 12144K, capacity 13000K, committed 13048K, reserved 1048576K
}
Event: 10.483 GC heap before
{Heap before GC invocations=23 (full 0):
 garbage-first heap   total 225280K, used 121269K [0x0000000080000000, 0x0000000100000000)
  region size 1024K, 22 young (22528K), 12 survivors (12288K)
 Metaspace       used 93916K, capacity 96221K, committed 96376K, reserved 1132544K
  class space    used 12179K, capacity 13044K, committed 13176K, reserved 1048576K
}
Event: 10.494 GC heap after
{Heap after GC invocations=24 (full 0):
 garbage-first heap   total 225280K, used 112790K [0x0000000080000000, 0x0000000100000000)
  region size 1024K, 5 young (5120K), 5 survivors (5120K)
 Metaspace       used 93916K, capacity 96221K, committed 96376K, reserved 1132544K
  class space    used 12179K, capacity 13044K, committed 13176K, reserved 1048576K
}
Event: 10.666 GC heap before
{Heap before GC invocations=25 (full 0):
 garbage-first heap   total 225280K, used 169110K [0x0000000080000000, 0x0000000100000000)
  region size 1024K, 47 young (48128K), 5 survivors (5120K)
 Metaspace       used 94107K, capacity 96284K, committed 96888K, reserved 1132544K
  class space    used 12158K, capacity 12975K, committed 13176K, reserved 1048576K
}
Event: 10.674 GC heap after
{Heap after GC invocations=26 (full 0):
 garbage-first heap   total 225280K, used 124730K [0x0000000080000000, 0x0000000100000000)
  region size 1024K, 6 young (6144K), 6 survivors (6144K)
 Metaspace       used 94107K, capacity 96284K, committed 96888K, reserved 1132544K
  class space    used 12158K, capacity 12975K, committed 13176K, reserved 1048576K
}
Event: 10.711 GC heap before
{Heap before GC invocations=26 (full 0):
 garbage-first heap   total 225280K, used 130874K [0x0000000080000000, 0x0000000100000000)
  region size 1024K, 14 young (14336K), 6 survivors (6144K)
 Metaspace       used 94114K, capacity 96288K, committed 96888K, reserved 1132544K
  class space    used 12159K, capacity 12977K, committed 13176K, reserved 1048576K
}
Event: 10.719 GC heap after
{Heap after GC invocations=27 (full 0):
 garbage-first heap   total 225280K, used 128354K [0x0000000080000000, 0x0000000100000000)
  region size 1024K, 4 young (4096K), 4 survivors (4096K)
 Metaspace       used 94114K, capacity 96288K, committed 96888K, reserved 1132544K
  class space    used 12159K, capacity 12977K, committed 13176K, reserved 1048576K
}
Event: 10.949 GC heap before
{Heap before GC invocations=28 (full 0):
 garbage-first heap   total 225280K, used 164194K [0x0000000080000000, 0x0000000100000000)
  region size 1024K, 36 young (36864K), 4 survivors (4096K)
 Metaspace       used 96253K, capacity 98585K, committed 98936K, reserved 1134592K
  class space    used 12633K, capacity 13527K, committed 13688K, reserved 1048576K
}
Event: 10.965 GC heap after
{Heap after GC invocations=29 (full 0):
 garbage-first heap   total 270336K, used 139100K [0x0000000080000000, 0x0000000100000000)
  region size 1024K, 5 young (5120K), 5 survivors (5120K)
 Metaspace       used 96253K, capacity 98585K, committed 98936K, reserved 1134592K
  class space    used 12633K, capacity 13527K, committed 13688K, reserved 1048576K
}
Event: 11.175 GC heap before
{Heap before GC invocations=29 (full 0):
 garbage-first heap   total 270336K, used 186204K [0x0000000080000000, 0x0000000100000000)
  region size 1024K, 52 young (53248K), 5 survivors (5120K)
 Metaspace       used 96820K, capacity 99127K, committed 99448K, reserved 1134592K
  class space    used 12678K, capacity 13573K, committed 13688K, reserved 1048576K
}
Event: 11.200 GC heap after
{Heap after GC invocations=30 (full 0):
 garbage-first heap   total 270336K, used 162378K [0x0000000080000000, 0x0000000100000000)
  region size 1024K, 7 young (7168K), 7 survivors (7168K)
 Metaspace       used 96820K, capacity 99127K, committed 99448K, reserved 1134592K
  class space    used 12678K, capacity 13573K, committed 13688K, reserved 1048576K
}

Deoptimization events (20 events):
Event: 11.162 Thread 0x000001da15fe3800 DEOPT PACKING pc=0x000001da01d99cfe sp=0x0000000813afe750
Event: 11.162 Thread 0x000001da15fe3800 DEOPT UNPACKING pc=0x000001da00049d0e sp=0x0000000813afdcd0 mode 0
Event: 11.169 Thread 0x000001da15fe3800 DEOPT PACKING pc=0x000001da01dabd93 sp=0x0000000813afe750
Event: 11.169 Thread 0x000001da15fe3800 DEOPT UNPACKING pc=0x000001da00049d0e sp=0x0000000813afdcd0 mode 0
Event: 11.203 Thread 0x000001da15fe6800 DEOPT PACKING pc=0x000001da01dabd93 sp=0x0000000813ffe660
Event: 11.203 Thread 0x000001da15fe6800 DEOPT UNPACKING pc=0x000001da00049d0e sp=0x0000000813ffdbe0 mode 0
Event: 11.213 Thread 0x000001da15fe3800 DEOPT PACKING pc=0x000001da01dabd93 sp=0x0000000813afe750
Event: 11.213 Thread 0x000001da15fe3800 DEOPT UNPACKING pc=0x000001da00049d0e sp=0x0000000813afdcd0 mode 0
Event: 11.220 Thread 0x000001da15fe6800 DEOPT PACKING pc=0x000001da01dabd93 sp=0x0000000813ffe660
Event: 11.220 Thread 0x000001da15fe6800 DEOPT UNPACKING pc=0x000001da00049d0e sp=0x0000000813ffdbe0 mode 0
Event: 11.231 Thread 0x000001da15fe3800 DEOPT PACKING pc=0x000001da01dabd93 sp=0x0000000813afe750
Event: 11.231 Thread 0x000001da15fe3800 DEOPT UNPACKING pc=0x000001da00049d0e sp=0x0000000813afdcd0 mode 0
Event: 11.239 Thread 0x000001da15fe4000 DEOPT PACKING pc=0x000001da01dabd93 sp=0x0000000813efe890
Event: 11.239 Thread 0x000001da15fe4000 DEOPT UNPACKING pc=0x000001da00049d0e sp=0x0000000813efde10 mode 0
Event: 11.246 Thread 0x000001da15fe6800 DEOPT PACKING pc=0x000001da01dabd93 sp=0x0000000813ffe660
Event: 11.246 Thread 0x000001da15fe6800 DEOPT UNPACKING pc=0x000001da00049d0e sp=0x0000000813ffdbe0 mode 0
Event: 11.255 Thread 0x000001da15fe4000 DEOPT PACKING pc=0x000001da01dabd93 sp=0x0000000813efe890
Event: 11.255 Thread 0x000001da15fe4000 DEOPT UNPACKING pc=0x000001da00049d0e sp=0x0000000813efde10 mode 0
Event: 11.258 Thread 0x000001da15fe4000 DEOPT PACKING pc=0x000001da01dabd93 sp=0x0000000813efe890
Event: 11.258 Thread 0x000001da15fe4000 DEOPT UNPACKING pc=0x000001da00049d0e sp=0x0000000813efde10 mode 0

Classes redefined (0 events):
No events

Internal exceptions (20 events):
Event: 9.841 Thread 0x000001da10f70000 Implicit null exception at 0x000001da07b24ce5 to 0x000001da07b26f88
Event: 9.849 Thread 0x000001da10f70800 Exception <a 'sun/nio/fs/WindowsException'{0x000000008bea4ef0}> (0x000000008bea4ef0) thrown at [./src/hotspot/share/prims/jni.cpp, line 615]
Event: 9.849 Thread 0x000001da10f70800 Exception <a 'sun/nio/fs/WindowsException'{0x000000008bea5178}> (0x000000008bea5178) thrown at [./src/hotspot/share/prims/jni.cpp, line 615]
Event: 9.881 Thread 0x000001da10f6c800 Implicit null exception at 0x000001da080df8a4 to 0x000001da080dfa38
Event: 10.303 Thread 0x000001da10f73000 Exception <a 'sun/nio/fs/WindowsException'{0x000000008ac0c5a8}> (0x000000008ac0c5a8) thrown at [./src/hotspot/share/prims/jni.cpp, line 615]
Event: 10.429 Thread 0x000001da10f70800 Exception <a 'java/lang/NoSuchMethodError'{0x0000000088e06410}: 'java.lang.Object java.lang.invoke.DirectMethodHandle$Holder.invokeVirtual(java.lang.Object, java.lang.Object, int)'> (0x0000000088e06410) thrown at [./src/hotspot/share/interpreter/linkResolver.cpp, line 773]
Event: 10.448 Thread 0x000001da10f6f000 Exception <a 'java/lang/NoSuchMethodError'{0x0000000088f6e278}: 'void java.lang.invoke.DirectMethodHandle$Holder.invokeStatic(java.lang.Object, long)'> (0x0000000088f6e278) thrown at [./src/hotspot/share/interpreter/linkResolver.cpp, line 773]
Event: 10.448 Thread 0x000001da10f6f000 Exception <a 'java/lang/NoSuchMethodError'{0x0000000088f73490}: 'java.lang.Object java.lang.invoke.DirectMethodHandle$Holder.invokeStatic(java.lang.Object, long)'> (0x0000000088f73490) thrown at [./src/hotspot/share/interpreter/linkResolver.cpp, line 773]
Event: 10.450 Thread 0x000001da10f6f000 Exception <a 'java/lang/NoSuchMethodError'{0x00000000880585a0}: 'java.lang.Object java.lang.invoke.DirectMethodHandle$Holder.invokeStaticInit(java.lang.Object, java.lang.Object, long, java.lang.Object)'> (0x00000000880585a0) thrown at [./src/hotspot/share/interpreter/linkResolver.cpp, line 773]
Event: 10.450 Thread 0x000001da10f6f000 Exception <a 'java/lang/NoSuchMethodError'{0x000000008805e738}: 'java.lang.Object java.lang.invoke.DirectMethodHandle$Holder.invokeStatic(java.lang.Object, java.lang.Object, long)'> (0x000000008805e738) thrown at [./src/hotspot/share/interpreter/linkResolver.cpp, line 773]
Event: 10.451 Thread 0x000001da10f6f000 Exception <a 'java/lang/NoSuchMethodError'{0x0000000088064cb0}: 'java.lang.Object java.lang.invoke.Invokers$Holder.linkToTargetMethod(java.lang.Object, long, java.lang.Object)'> (0x0000000088064cb0) thrown at [./src/hotspot/share/interpreter/linkResolver.cpp, line 773]
Event: 10.470 Thread 0x000001da10f73000 Exception <a 'java/lang/NoSuchMethodError'{0x000000008dba76a8}: 'java.lang.Object java.lang.invoke.DirectMethodHandle$Holder.invokeStaticInit(java.lang.Object, java.lang.Object, java.lang.Object, java.lang.Object, java.lang.Object, java.lang.Object, java.lang.Object, java.lang.Object, java.lang.Object, java.lang.Object, java.lang.Object, java.lang.Object, java.lang.Object, java.lang.Object, java.lang.Object, java.lang.Object, java.lang.Object, java.lang.Object, int, java.lang.Object, java.lang.Object)'> (0
Event: 10.791 Thread 0x000001da10f6f000 Exception <a 'java/lang/NoSuchMethodError'{0x000000008c706a10}: 'int java.lang.invoke.DirectMethodHandle$Holder.invokeSpecialIFC(java.lang.Object, java.lang.Object, java.lang.Object)'> (0x000000008c706a10) thrown at [./src/hotspot/share/interpreter/linkResolver.cpp, line 773]
Event: 10.864 Thread 0x000001da15fe5000 Exception <a 'java/lang/IncompatibleClassChangeError'{0x000000008bfd46b0}: Found class java.lang.Object, but interface was expected> (0x000000008bfd46b0) thrown at [./src/hotspot/share/interpreter/linkResolver.cpp, line 839]
Event: 10.891 Thread 0x000001da15fe1000 Exception <a 'java/lang/NoSuchMethodError'{0x000000008bdc6d70}: 'java.lang.Object java.lang.invoke.DirectMethodHandle$Holder.newInvokeSpecial(java.lang.Object, int)'> (0x000000008bdc6d70) thrown at [./src/hotspot/share/interpreter/linkResolver.cpp, line 773]
Event: 10.939 Thread 0x000001da15fe1000 Exception <a 'java/lang/IncompatibleClassChangeError'{0x000000008b814398}: Found class java.lang.Object, but interface was expected> (0x000000008b814398) thrown at [./src/hotspot/share/interpreter/linkResolver.cpp, line 839]
Event: 10.939 Thread 0x000001da15fe0000 Exception <a 'java/lang/IncompatibleClassChangeError'{0x000000008b9dede8}: Found class java.lang.Object, but interface was expected> (0x000000008b9dede8) thrown at [./src/hotspot/share/interpreter/linkResolver.cpp, line 839]
Event: 10.939 Thread 0x000001da15fe5000 Exception <a 'java/lang/IncompatibleClassChangeError'{0x000000008b817258}: Found class java.lang.Object, but interface was expected> (0x000000008b817258) thrown at [./src/hotspot/share/interpreter/linkResolver.cpp, line 839]
Event: 10.939 Thread 0x000001da15fe1000 Exception <a 'java/lang/IncompatibleClassChangeError'{0x000000008b825a28}: Found class java.lang.Object, but interface was expected> (0x000000008b825a28) thrown at [./src/hotspot/share/interpreter/linkResolver.cpp, line 839]
Event: 11.119 Thread 0x000001da10f70000 Exception <a 'java/lang/NoSuchMethodError'{0x000000008f777728}: 'java.lang.Object java.lang.invoke.DirectMethodHandle$Holder.newInvokeSpecial(java.lang.Object, java.lang.Object, java.lang.Object, java.lang.Object)'> (0x000000008f777728) thrown at [./src/hotspot/share/interpreter/linkResolver.cpp, line 773]

Events (20 events):
Event: 11.123 loading class org/gradle/internal/execution/history/impl/DefaultOutputFilesRepository$1
Event: 11.123 loading class org/gradle/internal/execution/history/impl/DefaultOutputFilesRepository$1 done
Event: 11.124 loading class org/gradle/internal/execution/steps/SkipUpToDateStep$2
Event: 11.124 loading class org/gradle/internal/execution/steps/SkipUpToDateStep$2 done
Event: 11.125 loading class org/gradle/workers/internal/WorkerDaemonClient
Event: 11.125 loading class org/gradle/workers/internal/WorkerDaemonClient done
Event: 11.126 loading class org/gradle/workers/internal/WorkerDaemonClient
Event: 11.126 loading class org/gradle/workers/internal/WorkerDaemonClient done
Event: 11.127 loading class org/gradle/process/internal/health/memory/JvmMemoryStatusSnapshot
Event: 11.127 loading class org/gradle/process/internal/health/memory/JvmMemoryStatusSnapshot done
Event: 11.136 loading class com/android/tools/r8/graph/o0
Event: 11.136 loading class com/android/tools/r8/graph/o0 done
Event: 11.145 loading class org/gradle/internal/execution/history/impl/FileSystemSnapshotSerializer$1
Event: 11.145 loading class org/gradle/internal/execution/history/impl/FileSystemSnapshotSerializer$1 done
Event: 11.146 loading class org/gradle/internal/execution/history/impl/FileSystemSnapshotSerializer$1$1
Event: 11.146 loading class org/gradle/internal/execution/history/impl/FileSystemSnapshotSerializer$1$1 done
Event: 11.147 Executing VM operation: RevokeBias
Event: 11.149 Executing VM operation: RevokeBias done
Event: 11.174 Executing VM operation: G1CollectForAllocation
Event: 11.200 Executing VM operation: G1CollectForAllocation done


Dynamic libraries:
0x00007ff685680000 - 0x00007ff68568a000 	C:\Program Files\Android\Android Studio\jre\bin\java.exe
0x00007fff23e50000 - 0x00007fff24048000 	C:\Windows\SYSTEM32\ntdll.dll
0x00007fff21f10000 - 0x00007fff21fcd000 	C:\Windows\System32\KERNEL32.DLL
0x00007fff21650000 - 0x00007fff2191e000 	C:\Windows\System32\KERNELBASE.dll
0x00007fff21d00000 - 0x00007fff21e00000 	C:\Windows\System32\ucrtbase.dll
0x00007fff05c10000 - 0x00007fff05c29000 	C:\Program Files\Android\Android Studio\jre\bin\jli.dll
0x00007fff05bf0000 - 0x00007fff05c07000 	C:\Program Files\Android\Android Studio\jre\bin\VCRUNTIME140.dll
0x00007fff221e0000 - 0x00007fff22380000 	C:\Windows\System32\USER32.dll
0x00007fff21ad0000 - 0x00007fff21af2000 	C:\Windows\System32\win32u.dll
0x00007fff07230000 - 0x00007fff074ca000 	C:\Windows\WinSxS\amd64_microsoft.windows.common-controls_6595b64144ccf1df_6.0.19041.1110_none_60b5254171f9507e\COMCTL32.dll
0x00007fff21fd0000 - 0x00007fff2206e000 	C:\Windows\System32\msvcrt.dll
0x00007fff239d0000 - 0x00007fff239fa000 	C:\Windows\System32\GDI32.dll
0x00007fff219c0000 - 0x00007fff21acb000 	C:\Windows\System32\gdi32full.dll
0x00007fff21c60000 - 0x00007fff21cfd000 	C:\Windows\System32\msvcp_win.dll
0x00007fff221b0000 - 0x00007fff221e0000 	C:\Windows\System32\IMM32.DLL
0x00007fff05b50000 - 0x00007fff05bed000 	C:\Program Files\Android\Android Studio\jre\bin\msvcp140.dll
0x00007ffeb7990000 - 0x00007ffeb8475000 	C:\Program Files\Android\Android Studio\jre\bin\server\jvm.dll
0x00007fff23bb0000 - 0x00007fff23c5e000 	C:\Windows\System32\ADVAPI32.dll
0x00007fff22d80000 - 0x00007fff22e1c000 	C:\Windows\System32\sechost.dll
0x00007fff22fd0000 - 0x00007fff230f5000 	C:\Windows\System32\RPCRT4.dll
0x00007fff22800000 - 0x00007fff22808000 	C:\Windows\System32\PSAPI.DLL
0x00007ffef4e90000 - 0x00007ffef4e99000 	C:\Windows\SYSTEM32\WSOCK32.dll
0x00007fff05cd0000 - 0x00007fff05cf7000 	C:\Windows\SYSTEM32\WINMM.dll
0x00007fff12810000 - 0x00007fff1281a000 	C:\Windows\SYSTEM32\VERSION.dll
0x00007fff22c80000 - 0x00007fff22ceb000 	C:\Windows\System32\WS2_32.dll
0x00007fff1fda0000 - 0x00007fff1fdb2000 	C:\Windows\SYSTEM32\kernel.appcore.dll
0x00007fff1c9c0000 - 0x00007fff1c9d1000 	C:\Program Files\Android\Android Studio\jre\bin\verify.dll
0x00007fff1efb0000 - 0x00007fff1f194000 	C:\Windows\SYSTEM32\DBGHELP.DLL
0x00007fff0b150000 - 0x00007fff0b17c000 	C:\Windows\SYSTEM32\dbgcore.DLL
0x00007fff21570000 - 0x00007fff215f2000 	C:\Windows\System32\bcryptPrimitives.dll
0x00007ffeed320000 - 0x00007ffeed349000 	C:\Program Files\Android\Android Studio\jre\bin\java.dll
0x00007fff1c9b0000 - 0x00007fff1c9bb000 	C:\Program Files\Android\Android Studio\jre\bin\jimage.dll
0x00007ffeed300000 - 0x00007ffeed318000 	C:\Program Files\Android\Android Studio\jre\bin\zip.dll
0x00007fff231d0000 - 0x00007fff23913000 	C:\Windows\System32\SHELL32.dll
0x00007fff1f600000 - 0x00007fff1fd95000 	C:\Windows\SYSTEM32\windows.storage.dll
0x00007fff22870000 - 0x00007fff22bc4000 	C:\Windows\System32\combase.dll
0x00007fff20fd0000 - 0x00007fff21000000 	C:\Windows\SYSTEM32\Wldp.dll
0x00007fff23920000 - 0x00007fff239cd000 	C:\Windows\System32\SHCORE.dll
0x00007fff21eb0000 - 0x00007fff21f05000 	C:\Windows\System32\shlwapi.dll
0x00007fff214b0000 - 0x00007fff214cf000 	C:\Windows\SYSTEM32\profapi.dll
0x00007ffeed2e0000 - 0x00007ffeed2fa000 	C:\Program Files\Android\Android Studio\jre\bin\net.dll
0x00007fff1b3b0000 - 0x00007fff1b4ba000 	C:\Windows\SYSTEM32\WINHTTP.dll
0x00007fff20d10000 - 0x00007fff20d7a000 	C:\Windows\system32\mswsock.dll
0x00007ffeed2c0000 - 0x00007ffeed2d4000 	C:\Program Files\Android\Android Studio\jre\bin\nio.dll
0x00007fff05c40000 - 0x00007fff05c67000 	C:\Program Files\Android\gradle-7.3.3\native\e1d6ef7f7dcc3fd88c89a11ec53ec762bb8ba0a96d01ffa2cd45eb1d1d8dd5c5\windows-amd64\native-platform.dll
0x00007ffec0970000 - 0x00007ffec0ab4000 	C:\Program Files\Android\gradle-7.3.3\native\5664cfc778a61ccfe75a443a1ab52a65af34e5dc3c78e0209fed803814484fcb\windows-amd64\native-platform-file-events.dll
0x00007fff077c0000 - 0x00007fff077ca000 	C:\Program Files\Android\Android Studio\jre\bin\management.dll
0x00007fff04ee0000 - 0x00007fff04eed000 	C:\Program Files\Android\Android Studio\jre\bin\management_ext.dll
0x00007fff20f20000 - 0x00007fff20f38000 	C:\Windows\SYSTEM32\CRYPTSP.dll
0x00007fff20600000 - 0x00007fff20634000 	C:\Windows\system32\rsaenh.dll
0x00007fff21920000 - 0x00007fff21947000 	C:\Windows\System32\bcrypt.dll
0x00007fff21430000 - 0x00007fff2145e000 	C:\Windows\SYSTEM32\USERENV.dll
0x00007fff20f40000 - 0x00007fff20f4c000 	C:\Windows\SYSTEM32\CRYPTBASE.dll
0x00007fff209a0000 - 0x00007fff209db000 	C:\Windows\SYSTEM32\IPHLPAPI.DLL
0x00007fff23160000 - 0x00007fff23168000 	C:\Windows\System32\NSI.dll
0x00007fff0f8a0000 - 0x00007fff0f8b7000 	C:\Windows\SYSTEM32\dhcpcsvc6.DLL
0x00007fff14cf0000 - 0x00007fff14d0d000 	C:\Windows\SYSTEM32\dhcpcsvc.DLL
0x00007fff20a00000 - 0x00007fff20aca000 	C:\Windows\SYSTEM32\DNSAPI.dll

dbghelp: loaded successfully - version: 4.0.5 - missing functions: none
symbol engine: initialized successfully - sym options: 0x614 - pdb path: .;C:\Program Files\Android\Android Studio\jre\bin;C:\Windows\SYSTEM32;C:\Windows\WinSxS\amd64_microsoft.windows.common-controls_6595b64144ccf1df_6.0.19041.1110_none_60b5254171f9507e;C:\Program Files\Android\Android Studio\jre\bin\server;C:\Program Files\Android\gradle-7.3.3\native\e1d6ef7f7dcc3fd88c89a11ec53ec762bb8ba0a96d01ffa2cd45eb1d1d8dd5c5\windows-amd64;C:\Program Files\Android\gradle-7.3.3\native\5664cfc778a61ccfe75a443a1ab52a65af34e5dc3c78e0209fed803814484fcb\windows-amd64

VM Arguments:
jvm_args: --add-opens=java.base/java.util=ALL-UNNAMED --add-opens=java.base/java.lang=ALL-UNNAMED --add-opens=java.base/java.lang.invoke=ALL-UNNAMED --add-opens=java.base/java.util=ALL-UNNAMED --add-opens=java.prefs/java.util.prefs=ALL-UNNAMED --add-opens=java.prefs/java.util.prefs=ALL-UNNAMED --add-opens=java.base/java.nio.charset=ALL-UNNAMED --add-opens=java.base/java.net=ALL-UNNAMED --add-opens=java.base/java.util.concurrent.atomic=ALL-UNNAMED -Xmx2048m -Dfile.encoding=UTF-8 -Duser.country=IN -Duser.language=en -Duser.variant 
java_command: org.gradle.launcher.daemon.bootstrap.GradleDaemon 7.3.3
java_class_path (initial): C:\Program Files\Android\gradle-7.3.3\wrapper\dists\gradle-7.3.3-bin\6a41zxkdtcxs8rphpq6y0069z\gradle-7.3.3\lib\gradle-launcher-7.3.3.jar
Launcher Type: SUN_STANDARD

[Global flags]
     intx CICompilerCount                          = 4                                         {product} {ergonomic}
     uint ConcGCThreads                            = 2                                         {product} {ergonomic}
     uint G1ConcRefinementThreads                  = 8                                         {product} {ergonomic}
   size_t G1HeapRegionSize                         = 1048576                                   {product} {ergonomic}
    uintx GCDrainStackTargetSize                   = 64                                        {product} {ergonomic}
   size_t InitialHeapSize                          = 132120576                                 {product} {ergonomic}
   size_t MarkStackSize                            = 4194304                                   {product} {ergonomic}
   size_t MaxHeapSize                              = 2147483648                                {product} {command line}
   size_t MaxNewSize                               = 1287651328                                {product} {ergonomic}
   size_t MinHeapDeltaBytes                        = 1048576                                   {product} {ergonomic}
    uintx NonNMethodCodeHeapSize                   = 5836300                                {pd product} {ergonomic}
    uintx NonProfiledCodeHeapSize                  = 122910970                              {pd product} {ergonomic}
    uintx ProfiledCodeHeapSize                     = 122910970                              {pd product} {ergonomic}
    uintx ReservedCodeCacheSize                    = 251658240                              {pd product} {ergonomic}
     bool SegmentedCodeCache                       = true                                      {product} {ergonomic}
     bool UseCompressedClassPointers               = true                                 {lp64_product} {ergonomic}
     bool UseCompressedOops                        = true                                 {lp64_product} {ergonomic}
     bool UseG1GC                                  = true                                      {product} {ergonomic}
     bool UseLargePagesIndividualAllocation        = false                                  {pd product} {ergonomic}

Logging:
Log output configuration:
 #0: stdout all=warning uptime,level,tags
 #1: stderr all=off uptime,level,tags

Environment Variables:
JAVA_HOME=C:\Program Files\Java\jdk-18.0.1.1
PATH=C:\Program Files\Python310\Scripts\;C:\Program Files\Python310\;C:\Program Files\Common Files\Oracle\Java\javapath;C:\Windows\system32;C:\Windows;C:\Windows\System32\Wbem;C:\Windows\System32\WindowsPowerShell\v1.0\;C:\Windows\System32\OpenSSH\;C:\Program Files\Git\cmd;C:\Users\suraj\AppData\Local\Microsoft\WindowsApps
USERNAME=suraj
OS=Windows_NT
PROCESSOR_IDENTIFIER=Intel64 Family 6 Model 140 Stepping 1, GenuineIntel



---------------  S Y S T E M  ---------------

OS: Windows 10 , 64 bit Build 19041 (10.0.19041.1889)
OS uptime: 0 days 0:51 hours
Hyper-V role detected

CPU:total 8 (initial active 8) (4 cores per cpu, 2 threads per core) family 6 model 140 stepping 1 microcode 0x86, cmov, cx8, fxsr, mmx, sse, sse2, sse3, ssse3, sse4.1, sse4.2, popcnt, avx, avx2, aes, clmul, erms, 3dnowpref, lzcnt, ht, tsc, tscinvbit, bmi1, bmi2, adx, evex, sha, fma

Memory: 4k page, system-wide physical 7987M (472M free)
TotalPageFile size 7987M (AvailPageFile size 5M)
current process WorkingSet (physical memory assigned to process): 564M, peak: 565M
current process commit charge ("private bytes"): 603M, peak: 604M

vm_info: OpenJDK 64-Bit Server VM (11.0.12+7-b1504.28-7817840) for windows-amd64 JRE (11.0.12+7-b1504.28-7817840), built on Oct 13 2021 22:12:33 by "builder" with MS VC++ 14.0 (VS2015)

END.
